Removed Pin From Net: NetName=NetR2_2 Pin=R3-1
Removed Pin From Net: NetName=NetR3_2 Pin=R3-2
Removed Pin From Net: NetName=NetR3_2 Pin=R4-1
Removed Pin From Net: NetName=5Vmeas Pin=R4-2
Change Component Designator: OldDesignator=C? NewDesignator=C1
Change Component Designator: OldDesignator=C? NewDesignator=C2
Added Pin To Net: NetName=3.3V Pin=R3-1
Added Pin To Net: NetName=NetR2_2 Pin=R3-1
Added Pin To Net: NetName=NetR3_2 Pin=R3-2
Added Pin To Net: NetName=NetR3_2 Pin=R3-2
Added Pin To Net: NetName=NetR3_2 Pin=R4-1
Added Pin To Net: NetName=NetR4_1 Pin=R4-1
Added Pin To Net: NetName=5Vmeas Pin=R4-2
Added Pin To Net: NetName=NetR3_2 Pin=R4-2
Added Member To Class: ClassName=Power Member=Component C1 C1608X7R1H334K080AC
Added Member To Class: ClassName=Core Member=Component U1 A3PE3000L-1FG484M
Added Member To Class: ClassName=Power Member=Component U1 TL431CDR
Added Room: Name=Core
Added Room: Name=Housekeeping
Added Room: Name=Interface
Added Room: Name=Power
