Removed Pin From Net: NetName=3.3V_IN Pin=D1-1
Removed Pin From Net: NetName=+3V3in Pin=J2-27
Removed Pin From Net: NetName=+3V3in Pin=J2-28
Removed Pin From Net: NetName=NetJ3_1 Pin=J3-1
Removed Pin From Net: NetName=NetPIC1_1 Pin=PIC1-1
Removed Pin From Net: NetName=NetPIC1_1 Pin=R2-2
Removed Pin From Net: NetName=NetU1_U18 Pin=U1-U18
Removed Pin From Net: NetName=NetU1_V19 Pin=U1-V19
Removed Pin From Net: NetName=NetU1_W18 Pin=U1-W18
Removed Pin From Net: NetName=NetU1_U18 Pin=X1-1
Removed Pin From Net: NetName=NetU1_W18 Pin=X1-2
Removed Pin From Net: NetName=NetU1_V19 Pin=X1-4
Added Component: Designator=C14(CAPC1005X60X30ML05T10)
Add component (AddParameter): Name = "Manufacturer"; Value = "Kemet"; VariantName = "[No Variations]"
Add component (AddParameter): Name = "Part Number"; Value = "C0402C104K8PACTU"; VariantName = "[No Variations]"
Added Component: Designator=C15(CAPC1005X60X30ML05T10)
Add component (AddParameter): Name = "Manufacturer"; Value = "Kemet"; VariantName = "[No Variations]"
Add component (AddParameter): Name = "Part Number"; Value = "C0402C104K8PACTU"; VariantName = "[No Variations]"
Added Component: Designator=J_ICSP?(HDR1X5)
Add component (AddParameter): Name = "Value"; Value = ""; VariantName = "[No Variations]"
Added Pin To Net: NetName=GND Pin=C14-1
Added Pin To Net: NetName=+3.3V Pin=C14-2
Added Pin To Net: NetName=GND Pin=C15-1
Added Pin To Net: NetName=+3.3V Pin=C15-2
Added Pin To Net: NetName=+3V3 Pin=D1-1
Added Pin To Net: NetName=+3V3 Pin=J2-27
Added Pin To Net: NetName=+3V3 Pin=J2-28
Added Pin To Net: NetName=NetU1_V19 Pin=J_ICSP?-1
Added Pin To Net: NetName=NetU1_W18 Pin=J_ICSP?-2
Added Pin To Net: NetName=GND Pin=J_ICSP?-3
Added Pin To Net: NetName=NetU1_U18 Pin=J_ICSP?-4
Added Pin To Net: NetName=NetPIC1_1 Pin=J_ICSP?-5
Added Pin To Net: NetName=NetU1_V19 Pin=PIC1-1
Added Pin To Net: NetName=3.3V_IN Pin=PIC1-3
Added Pin To Net: NetName=NetR7_2 Pin=PIC1-4
Added Pin To Net: NetName=+3V3in Pin=PIC1-5
Added Pin To Net: NetName=NetR6_1 Pin=PIC1-6
Added Pin To Net: NetName=NetPIC1_1 Pin=PIC1-27
Added Pin To Net: NetName=NetU1_U18 Pin=PIC1-28
Added Pin To Net: NetName=NetU1_V19 Pin=R2-2
Added Pin To Net: NetName=NetJ3_1 Pin=U1-U18
Added Pin To Net: NetName=+3V3in Pin=U1-V19
Added Pin To Net: NetName=3.3V_IN Pin=U1-W18
Added Pin To Net: NetName=NetJ3_1 Pin=X1-1
Added Pin To Net: NetName=3.3V_IN Pin=X1-2
Added Pin To Net: NetName=+3V3in Pin=X1-4
Change Net Name : Old Net Name=+3V3in New Net Name=NetPIC1_5
Change Net Name : Old Net Name=3.3V_IN New Net Name=NetPIC1_3
Change Net Name : Old Net Name=NetJ3_1 New Net Name=NetPIC1_2
Change Net Name : Old Net Name=NetPIC1_1 New Net Name=NetJ_ICSP?_5
Change Net Name : Old Net Name=NetR6_1 New Net Name=NetPIC1_6
Change Net Name : Old Net Name=NetR7_2 New Net Name=NetPIC1_4
Change Net Name : Old Net Name=NetU1_U18 New Net Name=NetJ_ICSP?_4
Change Net Name : Old Net Name=NetU1_V19 New Net Name=NetJ_ICSP?_1
Change Net Name : Old Net Name=NetU1_W18 New Net Name=3.3V
Added Member To Class: ClassName=Core Member=Component C14 100nF
Added Member To Class: ClassName=Core Member=Component C15 100nF
Added Member To Class: ClassName=Interface Member=Component J_ICSP?
Added Room: Name=Core
