Removed Pin From Net: NetName=+3.3V Pin=C60-1
Removed Pin From Net: NetName=GND Pin=C60-2
Removed Pin From Net: NetName=GND Pin=C61-1
Removed Pin From Net: NetName=NetCOM_Header_16 Pin=J2-50
Removed Pin From Net: NetName=NetFLASH1_1 Pin=R4-1
Removed Pin From Net: NetName=VPLL Pin=R12-1
Removed Pin From Net: NetName=GND Pin=R13-1
Removed Pin From Net: NetName=NetLED_FPGA_1_2 Pin=U1-A4
Removed Pin From Net: NetName=NetLED_FPGA_2_2 Pin=U1-A5
Removed Pin From Net: NetName=NetLED_FPGA_3_2 Pin=U1-A8
Removed Pin From Net: NetName=NetFRAM1_B4 Pin=U1-C21
Removed Pin From Net: NetName=NetFRAM1_A6 Pin=U1-D22
Removed Pin From Net: NetName=NetFRAM1_A5 Pin=U1-E22
Removed Pin From Net: NetName=NetFLASH1_1 Pin=U1-F12
Removed Pin From Net: NetName=NetFRAM1_A4 Pin=U1-F22
Removed Pin From Net: NetName=NetCOM_Header_16 Pin=U1-G11
Removed Pin From Net: NetName=NetFRAM1_A3 Pin=U1-G22
Removed Pin From Net: NetName=+3.3V Pin=U1-H21
Removed Pin From Net: NetName=GND Pin=U1-J20
Removed Pin From Net: NetName=GND Pin=U1-K3
Removed Pin From Net: NetName=GND Pin=U1-M1
Removed Pin From Net: NetName=GND Pin=U1-N20
Removed Pin From Net: NetName=+3.3V Pin=U1-P22
Removed Pin From Net: NetName=NetJ1_32 Pin=U1-U20
Removed Pin From Net: NetName=NetJ1_34 Pin=U1-U22
Removed Pin From Net: NetName=NetJ1_36 Pin=U1-V1
Removed Pin From Net: NetName=NetJ1_38 Pin=U1-V2
Removed Pin From Net: NetName=NetJ1_40 Pin=U1-V21
Removed Pin From Net: NetName=NetJ1_18 Pin=U1-W1
Removed Pin From Net: NetName=NetJ1_20 Pin=U1-W3
Removed Pin From Net: NetName=NetJ1_22 Pin=U1-W20
Removed Pin From Net: NetName=NetJ1_24 Pin=U1-W21
Removed Pin From Net: NetName=NetJ1_17 Pin=U1-W22
Removed Pin From Net: NetName=NetJ1_19 Pin=U1-Y4
Removed Pin From Net: NetName=NetJ1_33 Pin=U1-Y6
Removed Pin From Net: NetName=NetJ1_35 Pin=U1-Y7
Removed Pin From Net: NetName=NetJ1_37 Pin=U1-Y10
Removed Pin From Net: NetName=NetJ1_39 Pin=U1-Y11
Removed Pin From Net: NetName=NetJ1_27 Pin=U1-Y12
Removed Pin From Net: NetName=NetCOM_Header_20 Pin=U1-Y17
Removed Pin From Net: NetName=NetCOM_Header_19 Pin=U1-Y19
Removed Member From Class: ClassName=FPGABanks Member=C60
Removed Member From Class: ClassName=FPGABanks Member=C61
Removed Member From Class: ClassName=FPGABanks Member=R12
Removed Member From Class: ClassName=FPGABanks Member=R13
Change Component Footprint: Designator=C60 Old Footprint=FP-GRM155-0_05-IPC_C New Footprint=RESC3116X65N
Change Component Footprint: Designator=C61 Old Footprint=FP-GRM155-0_05-IPC_C New Footprint=RESC3116X65N
Change Component Footprint: Designator=R3 Old Footprint=RESC1005X40X25LL05T10 New Footprint=RESC3116X65N
Change Component Footprint: Designator=R4 Old Footprint=RESC1005X40X25LL05T10 New Footprint=RESC3116X65N
Change Component Footprint: Designator=R12 Old Footprint=RESC1005X40X25LL05T10 New Footprint=RESC3116X65N
Change Component Footprint: Designator=R13 Old Footprint=RESC1005X40X25LL05T10 New Footprint=RESC3116X65N
Change Component Comment : Designator=R12 Old Comment=0R New Comment=CHP1206AFX-4701ELF
Change Component Comment : Designator=R13 Old Comment=0R New Comment=CHP1206AFX-4701ELF
Change Component Comment : Designator=R3 Old Comment=10k New Comment=CHP1206AFX-4701ELF
Change Component Comment : Designator=R4 Old Comment=10k New Comment=CHP1206AFX-4701ELF
Change Component Comment : Designator=C61 Old Comment=10nF New Comment=CHP1206AFX-4701ELF
Change Component Comment : Designator=C60 Old Comment=100nF New Comment=CHP1206AFX-4701ELF
Change Component Designator: OldDesignator=C60 NewDesignator=R18
Change Component Designator: OldDesignator=C61 NewDesignator=R19
Change Component Designator: OldDesignator=R3 NewDesignator=R22
Change Component Designator: OldDesignator=R4 NewDesignator=R23
Change Component Designator: OldDesignator=R12 NewDesignator=R20
Change Component Designator: OldDesignator=R13 NewDesignator=R21
Change Managed Component Library Link : Designator=R18 Old VaultGUID=B7D15EC3-160A-466F-A46C-7801FE6295A7 New VaultGUID= Old ItemGUID=9407714A-D2E6-467D-B8C8-E3E6C532A7BD New ItemGUID= Old RevisionGUID=BF75706F-CC32-47D1-B4F2-53F041F2BBBE New RevisionGUID=
Change Managed Component Library Link : Designator=R19 Old VaultGUID=B7D15EC3-160A-466F-A46C-7801FE6295A7 New VaultGUID= Old ItemGUID=9407714A-D2E6-467D-B8C8-E3E6C532A7BD New ItemGUID= Old RevisionGUID=BF75706F-CC32-47D1-B4F2-53F041F2BBBE New RevisionGUID=
Change Managed Component Library Link : Designator=R22 Old VaultGUID=B7D15EC3-160A-466F-A46C-7801FE6295A7 New VaultGUID= Old ItemGUID=F30FB6D9-41F3-4F5C-A3EC-D13D57D4E64E New ItemGUID= Old RevisionGUID=FB950915-BC06-4C3F-BB8B-3C71FDFD77AE New RevisionGUID=
Change Managed Component Library Link : Designator=R23 Old VaultGUID=B7D15EC3-160A-466F-A46C-7801FE6295A7 New VaultGUID= Old ItemGUID=F30FB6D9-41F3-4F5C-A3EC-D13D57D4E64E New ItemGUID= Old RevisionGUID=FB950915-BC06-4C3F-BB8B-3C71FDFD77AE New RevisionGUID=
Change Managed Component Library Link : Designator=R20 Old VaultGUID=B7D15EC3-160A-466F-A46C-7801FE6295A7 New VaultGUID= Old ItemGUID=F30FB6D9-41F3-4F5C-A3EC-D13D57D4E64E New ItemGUID= Old RevisionGUID=FB950915-BC06-4C3F-BB8B-3C71FDFD77AE New RevisionGUID=
Change Managed Component Library Link : Designator=R21 Old VaultGUID=B7D15EC3-160A-466F-A46C-7801FE6295A7 New VaultGUID= Old ItemGUID=F30FB6D9-41F3-4F5C-A3EC-D13D57D4E64E New ItemGUID= Old RevisionGUID=FB950915-BC06-4C3F-BB8B-3C71FDFD77AE New RevisionGUID=
Change component parameters: Designator = "R3" ("R22"); Footprint = "RESC1005X40X25LL05T10"; UniqueID = "\YJUFBSAX" ("\YJUFBSAX")
Change component parameters (AddParameter): Name = "Datasheet Link"; Value = "https://www.mouser.be/datasheet/2/54/chp-a-1858677.pdf"; VariantName = "[No Variations]"
Change component parameters (AddParameter): Name = "Height"; Value = "0.65mm"; VariantName = "[No Variations]"
Change component parameters (AddParameter): Name = "Manufacturer_Name"; Value = "Bourns"; VariantName = "[No Variations]"
Change component parameters (AddParameter): Name = "Manufacturer_Part_Number"; Value = "CHP1206AFX-4701ELF"; VariantName = "[No Variations]"
Change component parameters (AddParameter): Name = "Mouser2 Part Number"; Value = ""; VariantName = "[No Variations]"
Change component parameters (AddParameter): Name = "Mouser2 Price/Stock"; Value = ""; VariantName = "[No Variations]"
Change component parameters: Designator = "R4" ("R23"); Footprint = "RESC1005X40X25LL05T10"; UniqueID = "\ALTBIVSN" ("\ALTBIVSN")
Change component parameters (AddParameter): Name = "Datasheet Link"; Value = "https://www.mouser.be/datasheet/2/54/chp-a-1858677.pdf"; VariantName = "[No Variations]"
Change component parameters (AddParameter): Name = "Height"; Value = "0.65mm"; VariantName = "[No Variations]"
Change component parameters (AddParameter): Name = "Manufacturer_Name"; Value = "Bourns"; VariantName = "[No Variations]"
Change component parameters (AddParameter): Name = "Manufacturer_Part_Number"; Value = "CHP1206AFX-4701ELF"; VariantName = "[No Variations]"
Change component parameters (AddParameter): Name = "Mouser2 Part Number"; Value = ""; VariantName = "[No Variations]"
Change component parameters (AddParameter): Name = "Mouser2 Price/Stock"; Value = ""; VariantName = "[No Variations]"
Change component parameters: Designator = "R12" ("R20"); Footprint = "RESC1005X40X25LL05T10"; UniqueID = "\WJSGCJPF" ("\WJSGCJPF")
Change component parameters (AddParameter): Name = "Datasheet Link"; Value = "https://www.mouser.be/datasheet/2/54/chp-a-1858677.pdf"; VariantName = "[No Variations]"
Change component parameters (AddParameter): Name = "Height"; Value = "0.65mm"; VariantName = "[No Variations]"
Change component parameters (AddParameter): Name = "Manufacturer_Name"; Value = "Bourns"; VariantName = "[No Variations]"
Change component parameters (AddParameter): Name = "Manufacturer_Part_Number"; Value = "CHP1206AFX-4701ELF"; VariantName = "[No Variations]"
Change component parameters (AddParameter): Name = "Mouser2 Part Number"; Value = ""; VariantName = "[No Variations]"
Change component parameters (AddParameter): Name = "Mouser2 Price/Stock"; Value = ""; VariantName = "[No Variations]"
Change component parameters: Designator = "R13" ("R21"); Footprint = "RESC1005X40X25LL05T10"; UniqueID = "\ILITLJPW" ("\ILITLJPW")
Change component parameters (AddParameter): Name = "Datasheet Link"; Value = "https://www.mouser.be/datasheet/2/54/chp-a-1858677.pdf"; VariantName = "[No Variations]"
Change component parameters (AddParameter): Name = "Height"; Value = "0.65mm"; VariantName = "[No Variations]"
Change component parameters (AddParameter): Name = "Manufacturer_Name"; Value = "Bourns"; VariantName = "[No Variations]"
Change component parameters (AddParameter): Name = "Manufacturer_Part_Number"; Value = "CHP1206AFX-4701ELF"; VariantName = "[No Variations]"
Change component parameters (AddParameter): Name = "Mouser2 Part Number"; Value = ""; VariantName = "[No Variations]"
Change component parameters (AddParameter): Name = "Mouser2 Price/Stock"; Value = ""; VariantName = "[No Variations]"
Change component parameters: Designator = "C60" ("R18"); Footprint = "FP-GRM155-0_05-IPC_C"; UniqueID = "\GHNQLOOR" ("\GHNQLOOR")
Change component parameters (AddParameter): Name = "Datasheet Link"; Value = "https://www.mouser.be/datasheet/2/54/chp-a-1858677.pdf"; VariantName = "[No Variations]"
Change component parameters (AddParameter): Name = "Height"; Value = "0.65mm"; VariantName = "[No Variations]"
Change component parameters (AddParameter): Name = "Manufacturer_Name"; Value = "Bourns"; VariantName = "[No Variations]"
Change component parameters (AddParameter): Name = "Manufacturer_Part_Number"; Value = "CHP1206AFX-4701ELF"; VariantName = "[No Variations]"
Change component parameters (AddParameter): Name = "Mouser2 Part Number"; Value = ""; VariantName = "[No Variations]"
Change component parameters (AddParameter): Name = "Mouser2 Price/Stock"; Value = ""; VariantName = "[No Variations]"
Change component parameters: Designator = "C61" ("R19"); Footprint = "FP-GRM155-0_05-IPC_C"; UniqueID = "\WELITCPP" ("\WELITCPP")
Change component parameters (AddParameter): Name = "Datasheet Link"; Value = "https://www.mouser.be/datasheet/2/54/chp-a-1858677.pdf"; VariantName = "[No Variations]"
Change component parameters (AddParameter): Name = "Height"; Value = "0.65mm"; VariantName = "[No Variations]"
Change component parameters (AddParameter): Name = "Manufacturer_Name"; Value = "Bourns"; VariantName = "[No Variations]"
Change component parameters (AddParameter): Name = "Manufacturer_Part_Number"; Value = "CHP1206AFX-4701ELF"; VariantName = "[No Variations]"
Change component parameters (AddParameter): Name = "Mouser2 Part Number"; Value = ""; VariantName = "[No Variations]"
Change component parameters (AddParameter): Name = "Mouser2 Price/Stock"; Value = ""; VariantName = "[No Variations]"
Added Pin To Net: NetName=NetFLASH1_6 Pin=COM_Header-14
Added Pin To Net: NetName=NetFLASH1_1 Pin=PIC1-7
Added Pin To Net: NetName=NetFLASH1_1 Pin=R18-1
Added Pin To Net: NetName=+3.3V Pin=R18-2
Added Pin To Net: NetName=NetCOM_Header_16 Pin=R20-1
Added Pin To Net: NetName=+3.3V Pin=R20-2
Added Pin To Net: NetName=NetFLASH1_6 Pin=R21-1
Added Pin To Net: NetName=+3.3V Pin=R21-2
Added Pin To Net: NetName=NetFLASH1_2 Pin=R22-1
Added Pin To Net: NetName=NetFLASH1_5 Pin=R23-1
Added Pin To Net: NetName=NetFRAM1_A6 Pin=U1-AA6
Added Pin To Net: NetName=NetFRAM1_A4 Pin=U1-AA7
Added Pin To Net: NetName=NetLED_FPGA_1_2 Pin=U1-D5
Added Pin To Net: NetName=NetLED_FPGA_2_2 Pin=U1-D6
Added Pin To Net: NetName=NetLED_FPGA_3_2 Pin=U1-D7
Added Pin To Net: NetName=NetCOM_Header_16 Pin=U1-D12
Added Pin To Net: NetName=NetJ1_32 Pin=U1-D13
Added Pin To Net: NetName=NetJ1_40 Pin=U1-D14
Added Pin To Net: NetName=NetFLASH1_1 Pin=U1-E12
Added Pin To Net: NetName=NetJ1_34 Pin=U1-E13
Added Pin To Net: NetName=NetJ1_24 Pin=U1-E15
Added Pin To Net: NetName=NetJ1_17 Pin=U1-E16
Added Pin To Net: NetName=NetJ1_18 Pin=U1-E17
Added Pin To Net: NetName=VPLL Pin=U1-F7
Added Pin To Net: NetName=NetJ1_36 Pin=U1-F13
Added Pin To Net: NetName=NetJ1_22 Pin=U1-F15
Added Pin To Net: NetName=VPLL Pin=U1-F16
Added Pin To Net: NetName=GND Pin=U1-G7
Added Pin To Net: NetName=NetJ1_38 Pin=U1-G13
Added Pin To Net: NetName=NetJ1_20 Pin=U1-G18
Added Pin To Net: NetName=VPLL Pin=U1-M18
Added Pin To Net: NetName=NetJ1_27 Pin=U1-P16
Added Pin To Net: NetName=NetJ1_33 Pin=U1-P17
Added Pin To Net: NetName=NetJ1_35 Pin=U1-P18
Added Pin To Net: NetName=NetJ1_19 Pin=U1-P19
Added Pin To Net: NetName=VPLL Pin=U1-R16
Added Pin To Net: NetName=NetCOM_Header_20 Pin=U1-R17
Added Pin To Net: NetName=NetJ1_39 Pin=U1-R18
Added Pin To Net: NetName=NetJ1_37 Pin=U1-T18
Added Pin To Net: NetName=VPLL Pin=U1-U7
Added Pin To Net: NetName=NetCOM_Header_19 Pin=U1-U19
Added Pin To Net: NetName=NetFRAM1_A3 Pin=U1-V8
Added Pin To Net: NetName=NetFRAM1_B4 Pin=U1-V14
Added Pin To Net: NetName=NetFRAM1_A5 Pin=U1-W7
Change Net Name : Old Net Name=NetFLASH1_6 New Net Name=NetCOM_Header_14
Added Pin To Net: NetName=NetJ2_47 Pin=J2-47
Added Pin To Net: NetName=NetJ2_47 Pin=U1-H11
Added Net: Name=NetJ2_47
Added Pin To Net: NetName=NetJ2_48 Pin=J2-48
Added Pin To Net: NetName=NetJ2_48 Pin=U1-B10
Added Net: Name=NetJ2_48
Added Pin To Net: NetName=NetJ2_49 Pin=J2-49
Added Pin To Net: NetName=NetJ2_49 Pin=U1-D9
Added Net: Name=NetJ2_49
Added Pin To Net: NetName=NetJ2_50 Pin=J2-50
Added Pin To Net: NetName=NetJ2_50 Pin=U1-G11
Added Net: Name=NetJ2_50
Added Pin To Net: NetName=NetPIC1_12 Pin=PIC1-12
Added Pin To Net: NetName=NetPIC1_12 Pin=R19-1
Added Pin To Net: NetName=NetPIC1_12 Pin=U1-F12
Added Net: Name=NetPIC1_12
Added Member To Class: ClassName=Memory Member=Component C10 100nF
Added Member To Class: ClassName=Memory Member=Component FLASH1 TC58CVG0S3HRAIJ
Added Member To Class: ClassName=Interface Member=Component R18 CHP1206AFX-4701ELF
Added Member To Class: ClassName=Interface Member=Component R19 CHP1206AFX-4701ELF
Added Member To Class: ClassName=Interface Member=Component R20 CHP1206AFX-4701ELF
Added Member To Class: ClassName=Interface Member=Component R21 CHP1206AFX-4701ELF
