Removed Pin From Net: NetName=NetFRAM1_F2 Pin=U1-AA16
Removed Pin From Net: NetName=NetFRAM1_H1 Pin=U1-AB6
Removed Pin From Net: NetName=NetFRAM1_B6 Pin=U1-AB7
Removed Pin From Net: NetName=NetFRAM1_H3 Pin=U1-AB8
Removed Pin From Net: NetName=NetFRAM1_G5 Pin=U1-AB9
Removed Pin From Net: NetName=NetFRAM1_F6 Pin=U1-AB12
Removed Pin From Net: NetName=NetFRAM1_D4 Pin=U1-AB16
Removed Pin From Net: NetName=NetFRAM1_B4 Pin=U1-AB17
Removed Pin From Net: NetName=NetFRAM1_G6 Pin=U1-N7
Removed Pin From Net: NetName=NetFRAM1_H5 Pin=U1-R11
Removed Pin From Net: NetName=NetFRAM1_G1 Pin=U1-R12
Removed Pin From Net: NetName=NetFRAM1_C4 Pin=U1-R16
Removed Pin From Net: NetName=NetFRAM1_A6 Pin=U1-T10
Removed Pin From Net: NetName=NetFRAM1_F4 Pin=U1-T11
Removed Pin From Net: NetName=NetFRAM1_A4 Pin=U1-T12
Removed Pin From Net: NetName=NetFRAM1_C2 Pin=U1-T13
Removed Pin From Net: NetName=NetFRAM1_D5 Pin=U1-T14
Removed Pin From Net: NetName=NetFRAM1_A3 Pin=U1-T16
Removed Pin From Net: NetName=NetFRAM1_B1 Pin=U1-U9
Removed Pin From Net: NetName=NetFRAM1_G2 Pin=U1-U10
Removed Pin From Net: NetName=NetFRAM1_H4 Pin=U1-U11
Removed Pin From Net: NetName=NetFRAM1_E2 Pin=U1-U12
Removed Pin From Net: NetName=NetFRAM1_D3 Pin=U1-U13
Removed Pin From Net: NetName=NetFRAM1_C5 Pin=U1-U14
Removed Pin From Net: NetName=NetFRAM1_A1 Pin=U1-V9
Removed Pin From Net: NetName=NetFRAM1_F3 Pin=U1-V10
Removed Pin From Net: NetName=NetFRAM1_F5 Pin=U1-V11
Removed Pin From Net: NetName=NetFRAM1_H2 Pin=U1-V12
Removed Pin From Net: NetName=NetFRAM1_D2 Pin=U1-V13
Removed Pin From Net: NetName=NetFRAM1_C6 Pin=U1-V14
Removed Pin From Net: NetName=GND Pin=U1-V15
Removed Pin From Net: NetName=NetFRAM1_A5 Pin=U1-W8
Removed Pin From Net: NetName=NetFRAM1_G3 Pin=U1-W9
Removed Pin From Net: NetName=NetFRAM1_G4 Pin=U1-W10
Removed Pin From Net: NetName=NetFRAM1_H6 Pin=U1-W11
Removed Pin From Net: NetName=NetFRAM1_E5 Pin=U1-W12
Removed Pin From Net: NetName=NetFRAM1_C1 Pin=U1-W13
Removed Pin From Net: NetName=NetFRAM1_E3 Pin=U1-W14
Removed Pin From Net: NetName=NetFRAM1_C3 Pin=U1-W15
Removed Pin From Net: NetName=NetFRAM1_B3 Pin=U1-W16
Removed Pin From Net: NetName=NetFRAM1_B2 Pin=U1-W17
Change Component Comment : Designator=FRAM1 Old Comment=CY7C67200-48BAXI New Comment=FM22LD16-55-BG
Change Managed Component Library Link : Designator=FRAM1 Old VaultGUID=B7D15EC3-160A-466F-A46C-7801FE6295A7 New VaultGUID= Old ItemGUID=A8E9C879-590E-46D9-86F1-36BF3EB594D7 New ItemGUID= Old RevisionGUID=3D110B12-F325-4476-86BE-87D0AAA25373 New RevisionGUID=
Change component parameters: Designator = "FRAM1" ("FRAM1"); Footprint = "CYP-BAX48"; UniqueID = "\JNCMMSBA" ("\JNCMMSBA")
Change component parameters (AddParameter): Name = "Arrow Part Number"; Value = "FM22LD16-55-BG"; VariantName = "[No Variations]"
Change component parameters (AddParameter): Name = "Arrow Price/Stock"; Value = "https://www.arrow.com/en/products/fm22ld16-55-bg/cypress-semiconductor"; VariantName = "[No Variations]"
Change component parameters (AddParameter): Name = "Datasheet Link"; Value = "https://datasheet.datasheetarchive.com/originals/dk/DKDS-12/237922.pdf"; VariantName = "[No Variations]"
Change component parameters (AddParameter): Name = "Height"; Value = "1.2mm"; VariantName = "[No Variations]"
Change component parameters (AddParameter): Name = "Manufacturer_Name"; Value = "Cypress Semiconductor"; VariantName = "[No Variations]"
Change component parameters (AddParameter): Name = "Manufacturer_Part_Number"; Value = "FM22LD16-55-BG"; VariantName = "[No Variations]"
Change component parameters (AddParameter): Name = "Mouser Part Number"; Value = "877-FM22LD16-55-BG"; VariantName = "[No Variations]"
Change component parameters (AddParameter): Name = "Mouser Price/Stock"; Value = "https://www.mouser.com/Search/Refine.aspx?Keyword=877-FM22LD16-55-BG"; VariantName = "[No Variations]"
Added Pin To Net: NetName=NetFRAM1_C2 Pin=U1-AA16
Added Pin To Net: NetName=NetFRAM1_H6 Pin=U1-AB6
Added Pin To Net: NetName=NetFRAM1_H4 Pin=U1-AB7
Added Pin To Net: NetName=NetFRAM1_G3 Pin=U1-AB8
Added Pin To Net: NetName=NetFRAM1_F3 Pin=U1-AB9
Added Pin To Net: NetName=NetFRAM1_E5 Pin=U1-AB12
Added Pin To Net: NetName=NetFRAM1_C1 Pin=U1-AB16
Added Pin To Net: NetName=NetFRAM1_B1 Pin=U1-AB17
Added Pin To Net: NetName=NetFRAM1_H5 Pin=U1-N7
Added Pin To Net: NetName=NetFRAM1_F4 Pin=U1-R11
Added Pin To Net: NetName=NetFRAM1_E2 Pin=U1-R12
Added Pin To Net: NetName=NetFRAM1_A6 Pin=U1-R16
Added Pin To Net: NetName=NetFRAM1_H2 Pin=U1-T10
Added Pin To Net: NetName=NetFRAM1_G1 Pin=U1-T11
Added Pin To Net: NetName=NetFRAM1_D4 Pin=U1-T12
Added Pin To Net: NetName=NetFRAM1_C4 Pin=U1-T13
Added Pin To Net: NetName=NetFRAM1_B6 Pin=U1-T14
Added Pin To Net: NetName=NetFRAM1_A4 Pin=U1-T16
Added Pin To Net: NetName=NetFRAM1_G6 Pin=U1-U10
Added Pin To Net: NetName=NetFRAM1_F6 Pin=U1-U11
Added Pin To Net: NetName=NetFRAM1_D3 Pin=U1-U12
Added Pin To Net: NetName=NetFRAM1_C5 Pin=U1-U13
Added Pin To Net: NetName=NetFRAM1_B3 Pin=U1-U14
Added Pin To Net: NetName=NetFRAM1_H3 Pin=U1-V9
Added Pin To Net: NetName=NetFRAM1_G2 Pin=U1-V10
Added Pin To Net: NetName=NetFRAM1_D5 Pin=U1-V12
Added Pin To Net: NetName=NetFRAM1_C6 Pin=U1-V13
Added Pin To Net: NetName=NetFRAM1_B4 Pin=U1-V14
Added Pin To Net: NetName=NetFRAM1_B2 Pin=U1-V15
Added Pin To Net: NetName=NetFRAM1_H1 Pin=U1-W8
Added Pin To Net: NetName=NetFRAM1_G4 Pin=U1-W9
Added Pin To Net: NetName=NetFRAM1_F5 Pin=U1-W10
Added Pin To Net: NetName=NetFRAM1_F2 Pin=U1-W11
Added Pin To Net: NetName=NetFRAM1_E3 Pin=U1-W12
Added Pin To Net: NetName=NetFRAM1_D2 Pin=U1-W13
Added Pin To Net: NetName=NetFRAM1_C3 Pin=U1-W14
Added Pin To Net: NetName=NetFRAM1_A3 Pin=U1-W15
Added Pin To Net: NetName=NetFRAM1_A5 Pin=U1-W16
Added Pin To Net: NetName=NetFRAM1_A1 Pin=U1-W17
Added Pin To Net: NetName=NetFRAM1_F1 Pin=FRAM1-F1
Added Pin To Net: NetName=NetFRAM1_F1 Pin=U1-V11
Added Net: Name=NetFRAM1_F1
