Removed Pin From Net: NetName=NetR2_2 Pin=R3-1
Removed Pin From Net: NetName=NetR3_2 Pin=R3-2
Removed Pin From Net: NetName=NetR3_2 Pin=R4-1
Removed Pin From Net: NetName=5Vmeas Pin=R4-2
Added Component: Designator=U1(D0008A_L)
Add component (AddParameter): Name = "Code_IPC"; Value = "BGA100P22X22-484"; VariantName = "[No Variations]"
Add component (AddParameter): Name = "Code_JEDEC"; Value = "MS-012"; VariantName = "[No Variations]"
Add component (AddParameter): Name = "ComponentLink1Description"; Value = "Manufacturer URL"; VariantName = "[No Variations]"
Add component (AddParameter): Name = "ComponentLink1URL"; Value = "http://www.ti.com/"; VariantName = "[No Variations]"
Add component (AddParameter): Name = "ComponentLink2Description"; Value = "Datasheet"; VariantName = "[No Variations]"
Add component (AddParameter): Name = "ComponentLink2URL"; Value = "http://www.ti.com/general/docs/lit/getliterature.tsp?genericPartNumber=TL431&fileType=pdf"; VariantName = "[No Variations]"
Add component (AddParameter): Name = "ComponentLink3Description"; Value = "Package Specification"; VariantName = "[No Variations]"
Add component (AddParameter): Name = "ComponentLink3URL"; Value = "http://www.ti.com/litv/pdf/msoi002j"; VariantName = "[No Variations]"
Add component (AddParameter): Name = "DatasheetVersion"; Value = "SLVS543M"; VariantName = "[No Variations]"
Add component (AddParameter): Name = "Eco-Plan"; Value = "Green (RoHS & no Sb/Br)"; VariantName = "[No Variations]"
Add component (AddParameter): Name = "Initial Accuracy @ 25/deg C(%)"; Value = "2"; VariantName = "[No Variations]"
Add component (AddParameter): Name = "Iout/Iz(Max)(mA)"; Value = "100"; VariantName = "[No Variations]"
Add component (AddParameter): Name = "Manufacturer"; Value = "Texas Instruments"; VariantName = "[No Variations]"
Add component (AddParameter): Name = "Min Iz for Regulation(uA)"; Value = "600"; VariantName = "[No Variations]"
Add component (AddParameter): Name = "Mounting Technology"; Value = "Surface Mount"; VariantName = "[No Variations]"
Add component (AddParameter): Name = "PackageDescription"; Value = "8-Pin Plastic Small Outline, Body 4.9 x 3.9 mm, Pitch 1.27 mm"; VariantName = "[No Variations]"
Add component (AddParameter): Name = "PackageReference"; Value = "D0008A"; VariantName = "[No Variations]"
Add component (AddParameter): Name = "PackageVersion"; Value = "4040047-3/M"; VariantName = "[No Variations]"
Add component (AddParameter): Name = "PartNumber"; Value = "TL431CDR"; VariantName = "[No Variations]"
Add component (AddParameter): Name = "Rating"; Value = "Military"; VariantName = "[No Variations]"
Add component (AddParameter): Name = "SubFamily"; Value = "Shunt Voltage Reference"; VariantName = "[No Variations]"
Add component (AddParameter): Name = "Temp Coeff(Max)(ppm/ degree C)"; Value = "92"; VariantName = "[No Variations]"
Add component (AddParameter): Name = "Temp Coeff(Typ)(ppm/ degree C)"; Value = "34"; VariantName = "[No Variations]"
Add component (AddParameter): Name = "VO Adj(Max)(V)"; Value = "36"; VariantName = "[No Variations]"
Add component (AddParameter): Name = "VO Adj(Min)(V)"; Value = "2.495"; VariantName = "[No Variations]"
Added Component: Designator=U1(FG484)
Add component (AddParameter): Name = "Code_IPC"; Value = "BGA100P22X22-484"; VariantName = "[No Variations]"
Add component (AddParameter): Name = "Code_JEDEC"; Value = "MS-034-AAJ-1"; VariantName = "[No Variations]"
Add component (AddParameter): Name = "DatasheetVersion"; Value = "v1.3, Oct-2009"; VariantName = "[No Variations]"
Add component (AddParameter): Name = "PackageDescription"; Value = "484-Ball Fine Pitch Plastic Ball Grid Array (FG484) - Fully Populated"; VariantName = "[No Variations]"
Add component (AddParameter): Name = "PackageReference"; Value = "FG484"; VariantName = "[No Variations]"
Add component (AddParameter): Name = "PackageVersion"; Value = "ver11.2, Nov-2009"; VariantName = "[No Variations]"
Added Pin To Net: NetName=3.3V_IN Pin=R3-1
Added Pin To Net: NetName=NetR2_2 Pin=R3-1
Added Pin To Net: NetName=NetR3_2 Pin=R3-2
Added Pin To Net: NetName=NetR3_2 Pin=R4-1
Added Pin To Net: NetName=NetR4_1 Pin=R4-1
Added Pin To Net: NetName=5Vmeas Pin=R4-2
Added Pin To Net: NetName=GND Pin=U1-A1
Added Pin To Net: NetName=GND Pin=U1-A2
Added Pin To Net: NetName=3.3V_IN Pin=U1-A3
Added Pin To Net: NetName=3.3V_IN Pin=U1-A20
Added Pin To Net: NetName=GND Pin=U1-A21
Added Pin To Net: NetName=GND Pin=U1-A22
Added Pin To Net: NetName=GND Pin=U1-AA1
Added Pin To Net: NetName=3.3V_IN Pin=U1-AA2
Added Pin To Net: NetName=3.3V_IN Pin=U1-AA21
Added Pin To Net: NetName=GND Pin=U1-AA22
Added Pin To Net: NetName=GND Pin=U1-AB1
Added Pin To Net: NetName=GND Pin=U1-AB2
Added Pin To Net: NetName=3.3V_IN Pin=U1-AB3
Added Pin To Net: NetName=3.3V_IN Pin=U1-AB20
Added Pin To Net: NetName=GND Pin=U1-AB21
Added Pin To Net: NetName=GND Pin=U1-AB22
Added Pin To Net: NetName=GND Pin=U1-B1
Added Pin To Net: NetName=3.3V_IN Pin=U1-B2
Added Pin To Net: NetName=3.3V_IN Pin=U1-B21
Added Pin To Net: NetName=GND Pin=U1-B22
Added Pin To Net: NetName=3.3V_IN Pin=U1-C1
Added Pin To Net: NetName=GND Pin=U1-C5
Added Pin To Net: NetName=+1.5V Pin=U1-C8
Added Pin To Net: NetName=+1.5V Pin=U1-C9
Added Pin To Net: NetName=+1.5V Pin=U1-C14
Added Pin To Net: NetName=+1.5V Pin=U1-C15
Added Pin To Net: NetName=GND Pin=U1-C18
Added Pin To Net: NetName=3.3V_IN Pin=U1-C22
Added Pin To Net: NetName=GND Pin=U1-D4
Added Pin To Net: NetName=GND Pin=U1-D19
Added Pin To Net: NetName=GND Pin=U1-E3
Added Pin To Net: NetName=GND Pin=U1-E6
Added Pin To Net: NetName=GND Pin=U1-E20
Added Pin To Net: NetName=3.3V_IN Pin=U1-F6
Added Pin To Net: NetName=3.3V_IN Pin=U1-F17
Added Pin To Net: NetName=GND Pin=U1-G8
Added Pin To Net: NetName=GND Pin=U1-G15
Added Pin To Net: NetName=+1.5V Pin=U1-H3
Added Pin To Net: NetName=3.3V_IN Pin=U1-H8
Added Pin To Net: NetName=3.3V_IN Pin=U1-H9
Added Pin To Net: NetName=3.3V_IN Pin=U1-H10
Added Pin To Net: NetName=3.3V_IN Pin=U1-H13
Added Pin To Net: NetName=3.3V_IN Pin=U1-H14
Added Pin To Net: NetName=3.3V_IN Pin=U1-H15
Added Pin To Net: NetName=+1.5V Pin=U1-H20
Added Pin To Net: NetName=3.3V_IN Pin=U1-J8
Added Pin To Net: NetName=GND Pin=U1-J9
Added Pin To Net: NetName=+1.5V Pin=U1-J10
Added Pin To Net: NetName=+1.5V Pin=U1-J11
Added Pin To Net: NetName=+1.5V Pin=U1-J12
Added Pin To Net: NetName=+1.5V Pin=U1-J13
Added Pin To Net: NetName=GND Pin=U1-J14
Added Pin To Net: NetName=3.3V_IN Pin=U1-J15
Added Pin To Net: NetName=3.3V_IN Pin=U1-K8
Added Pin To Net: NetName=+1.5V Pin=U1-K9
Added Pin To Net: NetName=GND Pin=U1-K10
Added Pin To Net: NetName=GND Pin=U1-K11
Added Pin To Net: NetName=GND Pin=U1-K12
Added Pin To Net: NetName=GND Pin=U1-K13
Added Pin To Net: NetName=+1.5V Pin=U1-K14
Added Pin To Net: NetName=3.3V_IN Pin=U1-K15
Added Pin To Net: NetName=GND Pin=U1-L7
Added Pin To Net: NetName=+1.5V Pin=U1-L9
Added Pin To Net: NetName=GND Pin=U1-L10
Added Pin To Net: NetName=GND Pin=U1-L11
Added Pin To Net: NetName=GND Pin=U1-L12
Added Pin To Net: NetName=GND Pin=U1-L13
Added Pin To Net: NetName=+1.5V Pin=U1-L14
Added Pin To Net: NetName=VPLL Pin=U1-M6
Added Pin To Net: NetName=+1.5V Pin=U1-M9
Added Pin To Net: NetName=GND Pin=U1-M10
Added Pin To Net: NetName=GND Pin=U1-M11
Added Pin To Net: NetName=GND Pin=U1-M12
Added Pin To Net: NetName=GND Pin=U1-M13
Added Pin To Net: NetName=+1.5V Pin=U1-M14
Added Pin To Net: NetName=3.3V_IN Pin=U1-N8
Added Pin To Net: NetName=+1.5V Pin=U1-N9
Added Pin To Net: NetName=GND Pin=U1-N10
Added Pin To Net: NetName=GND Pin=U1-N11
Added Pin To Net: NetName=GND Pin=U1-N12
Added Pin To Net: NetName=GND Pin=U1-N13
Added Pin To Net: NetName=+1.5V Pin=U1-N14
Added Pin To Net: NetName=3.3V_IN Pin=U1-N15
Added Pin To Net: NetName=3.3V_IN Pin=U1-P8
Added Pin To Net: NetName=GND Pin=U1-P9
Added Pin To Net: NetName=+1.5V Pin=U1-P10
Added Pin To Net: NetName=+1.5V Pin=U1-P11
Added Pin To Net: NetName=+1.5V Pin=U1-P12
Added Pin To Net: NetName=+1.5V Pin=U1-P13
Added Pin To Net: NetName=GND Pin=U1-P14
Added Pin To Net: NetName=3.3V_IN Pin=U1-P15
Added Pin To Net: NetName=+1.5V Pin=U1-R3
Added Pin To Net: NetName=3.3V_IN Pin=U1-R8
Added Pin To Net: NetName=3.3V_IN Pin=U1-R9
Added Pin To Net: NetName=3.3V_IN Pin=U1-R10
Added Pin To Net: NetName=3.3V_IN Pin=U1-R13
Added Pin To Net: NetName=3.3V_IN Pin=U1-R14
Added Pin To Net: NetName=3.3V_IN Pin=U1-R15
Added Pin To Net: NetName=+1.5V Pin=U1-R20
Added Pin To Net: NetName=GND Pin=U1-T8
Added Pin To Net: NetName=GND Pin=U1-T15
Added Pin To Net: NetName=+3.3V_JTAG Pin=U1-T17
Added Pin To Net: NetName=3.3V_IN Pin=U1-U6
Added Pin To Net: NetName=3.3V_IN Pin=U1-U15
Added Pin To Net: NetName=NetU1_U16 Pin=U1-U16
Added Pin To Net: NetName=+3.3V_VPUMP Pin=U1-U17
Added Pin To Net: NetName=NetU1_U18 Pin=U1-U18
Added Pin To Net: NetName=GND Pin=U1-V3
Added Pin To Net: NetName=NetU1_V17 Pin=U1-V17
Added Pin To Net: NetName=GND Pin=U1-V18
Added Pin To Net: NetName=NetU1_V19 Pin=U1-V19
Added Pin To Net: NetName=GND Pin=U1-V20
Added Pin To Net: NetName=GND Pin=U1-W4
Added Pin To Net: NetName=NetU1_W18 Pin=U1-W18
Added Pin To Net: NetName=GND Pin=U1-W19
Added Pin To Net: NetName=3.3V_IN Pin=U1-Y1
Added Pin To Net: NetName=GND Pin=U1-Y5
Added Pin To Net: NetName=+1.5V Pin=U1-Y8
Added Pin To Net: NetName=+1.5V Pin=U1-Y9
Added Pin To Net: NetName=+1.5V Pin=U1-Y14
Added Pin To Net: NetName=+1.5V Pin=U1-Y15
Added Pin To Net: NetName=GND Pin=U1-Y18
Added Pin To Net: NetName=3.3V_IN Pin=U1-Y22
Added Member To Class: ClassName=FPGABanks Member=Component U1 M1A3P600-FG484
Added Member To Class: ClassName=Power Member=Component U1 TL431CDR
Added Room: Name=Core
Added Room: Name=FPGABanks
Added Room: Name=FPGAMisc
Added Room: Name=FPGAPower
Added Room: Name=Housekeeping
Added Room: Name=Interface
Added Room: Name=Power
