Removed Pin From Net: NetName=NetJ1_35 Pin=J1-35
Removed Pin From Net: NetName=NetJ1_37 Pin=J1-37
Removed Pin From Net: NetName=NetJ1_38 Pin=J1-38
Removed Pin From Net: NetName=NetJ1_39 Pin=J1-39
Removed Pin From Net: NetName=NetJ1_40 Pin=J1-40
Removed Pin From Net: NetName=NetJ1_42 Pin=J1-42
Removed Pin From Net: NetName=NetJ1_44 Pin=J1-44
Removed Pin From Net: NetName=NetJ2_37 Pin=J2-37
Removed Pin From Net: NetName=NetJ2_38 Pin=J2-38
Removed Pin From Net: NetName=NetJ2_39 Pin=J2-39
Removed Pin From Net: NetName=NetJ2_40 Pin=J2-40
Removed Pin From Net: NetName=NetJ2_41 Pin=J2-41
Removed Pin From Net: NetName=NetJ2_43 Pin=J2-43
Removed Pin From Net: NetName=NetR5_1 Pin=R5-1
Removed Pin From Net: NetName=NetJ2_41 Pin=U1-A6
Removed Pin From Net: NetName=NetJ2_38 Pin=U1-A7
Removed Pin From Net: NetName=NetJ1_39 Pin=U1-A10
Removed Pin From Net: NetName=NetJ1_42 Pin=U1-B6
Removed Pin From Net: NetName=NetJ2_40 Pin=U1-B10
Removed Pin From Net: NetName=NetJ2_43 Pin=U1-D8
Removed Pin From Net: NetName=NetJ2_39 Pin=U1-D9
Removed Pin From Net: NetName=NetJ1_35 Pin=U1-D10
Removed Pin From Net: NetName=NetR5_1 Pin=U1-E8
Removed Pin From Net: NetName=NetJ2_37 Pin=U1-E9
Removed Pin From Net: NetName=NetJ1_40 Pin=U1-E10
Removed Pin From Net: NetName=NetJ1_38 Pin=U1-F10
Removed Pin From Net: NetName=NetJ1_44 Pin=U1-G9
Removed Pin From Net: NetName=NetJ1_37 Pin=U1-G10
Added Component: Designator=C100(CAPC1210(3225)220_M)
Add component (AddParameter): Name = "Case-EIA"; Value = "1210"; VariantName = "[No Variations]"
Add component (AddParameter): Name = "Case-Metric"; Value = "3225"; VariantName = "[No Variations]"
Add component (AddParameter): Name = "Max Thickness"; Value = "2.2 mm"; VariantName = "[No Variations]"
Add component (AddParameter): Name = "Rated Voltage"; Value = "25 V"; VariantName = "[No Variations]"
Add component (AddParameter): Name = "Technology"; Value = "SMT"; VariantName = "[No Variations]"
Add component (AddParameter): Name = "Tolerance"; Value = "Â±10%"; VariantName = "[No Variations]"
Add component (AddParameter): Name = "Value"; Value = "4.7uF"; VariantName = "[No Variations]"
Added Component: Designator=C101(FP-C0805C-DG-MFG)
Add component (AddParameter): Name = "3DS Part Number"; Value = "220-00001"; VariantName = "[No Variations]"
Add component (AddParameter): Name = "Automotive"; Value = "No"; VariantName = "[No Variations]"
Add component (AddParameter): Name = "Capacitance"; Value = "10uF"; VariantName = "[No Variations]"
Add component (AddParameter): Name = "Category"; Value = "Cap"; VariantName = "[No Variations]"
Add component (AddParameter): Name = "ComponentLink2Description"; Value = "Datasheet"; VariantName = "[No Variations]"
Add component (AddParameter): Name = "ComponentLink2URL"; Value = "https://content.kemet.com/datasheets/KEM_C1006_X5R_SMD.pdf"; VariantName = "[No Variations]"
Add component (AddParameter): Name = "Device Class L1"; Value = "Passive Components"; VariantName = "[No Variations]"
Add component (AddParameter): Name = "Device Class L2"; Value = "Capacitors"; VariantName = "[No Variations]"
Add component (AddParameter): Name = "Device Class L3"; Value = "Ceramic Capacitors"; VariantName = "[No Variations]"
Add component (AddParameter): Name = "Digikey Description"; Value = "CAP CER 10UF 10V X5R 0805"; VariantName = "[No Variations]"
Add component (AddParameter): Name = "Height"; Value = "1.4mm"; VariantName = "[No Variations]"
Add component (AddParameter): Name = "Ipc Land Pattern Name"; Value = "CAPC200125X125"; VariantName = "[No Variations]"
Add component (AddParameter): Name = "Lead Free"; Value = "Yes"; VariantName = "[No Variations]"
Add component (AddParameter): Name = "Manufacturer"; Value = "Kemet"; VariantName = "[No Variations]"
Add component (AddParameter): Name = "Manufacturer Part Number"; Value = "C0805C106K8PACTU"; VariantName = "[No Variations]"
Add component (AddParameter): Name = "Material"; Value = "Ceramic"; VariantName = "[No Variations]"
Add component (AddParameter): Name = "Mouser Description"; Value = "CAP CER 10UF 10V X5R 0805"; VariantName = "[No Variations]"
Add component (AddParameter): Name = "Octopart"; Value = "https://octopart.com/c0805c106k8pactu-kemet-98697"; VariantName = "[No Variations]"
Add component (AddParameter): Name = "Package"; Value = "C0805C-DG"; VariantName = "[No Variations]"
Add component (AddParameter): Name = "RoHS"; Value = "TRUE"; VariantName = "[No Variations]"
Add component (AddParameter): Name = "Temperature"; Value = "-55°C to +85°C"; VariantName = "[No Variations]"
Add component (AddParameter): Name = "Temperature Characteristic"; Value = "X5R"; VariantName = "[No Variations]"
Add component (AddParameter): Name = "Temperature Coefficient"; Value = "15%"; VariantName = "[No Variations]"
Add component (AddParameter): Name = "Temperature Range High"; Value = "+85°C"; VariantName = "[No Variations]"
Add component (AddParameter): Name = "Temperature Range Low"; Value = "-55°C"; VariantName = "[No Variations]"
Add component (AddParameter): Name = "Tolerance"; Value = "10%"; VariantName = "[No Variations]"
Add component (AddParameter): Name = "Value"; Value = "10uF"; VariantName = "[No Variations]"
Add component (AddParameter): Name = "Voltage"; Value = "10V"; VariantName = "[No Variations]"
Add component (AddParameter): Name = "Voltage Rating"; Value = "10V"; VariantName = "[No Variations]"
Added Component: Designator=COM_Header(HDR2X10)
Add component (AddParameter): Name = "LatestRevisionDate"; Value = "17-Jul-2002"; VariantName = "[No Variations]"
Add component (AddParameter): Name = "LatestRevisionNote"; Value = "Re-released for DXP Platform."; VariantName = "[No Variations]"
Add component (AddParameter): Name = "Publisher"; Value = "Altium Limited"; VariantName = "[No Variations]"
Added Component: Designator=L2(FP-LQM21PH_G0-IPC_C)
Add component (AddParameter): Name = "Case Code (Imperial)"; Value = "0805"; VariantName = "[No Variations]"
Add component (AddParameter): Name = "Case Code (Metric)"; Value = "2012"; VariantName = "[No Variations]"
Add component (AddParameter): Name = "Case/Package"; Value = "0805"; VariantName = "[No Variations]"
Add component (AddParameter): Name = "Core Material"; Value = "Ferrite"; VariantName = "[No Variations]"
Add component (AddParameter): Name = "Current Rating"; Value = "800mA"; VariantName = "[No Variations]"
Add component (AddParameter): Name = "DC Current"; Value = "800mA"; VariantName = "[No Variations]"
Add component (AddParameter): Name = "DC Resistance (DCR)"; Value = "288mR"; VariantName = "[No Variations]"
Add component (AddParameter): Name = "Depth"; Value = "1.4mm"; VariantName = "[No Variations]"
Add component (AddParameter): Name = "Height"; Value = "0.9mm"; VariantName = "[No Variations]"
Add component (AddParameter): Name = "Height - Seated (Max)"; Value = "0.039inch"; VariantName = "[No Variations]"
Add component (AddParameter): Name = "Inductance"; Value = "2.2uH"; VariantName = "[No Variations]"
Add component (AddParameter): Name = "Inductance Tolerance"; Value = "30%"; VariantName = "[No Variations]"
Add component (AddParameter): Name = "Lead Free"; Value = "Lead Free"; VariantName = "[No Variations]"
Add component (AddParameter): Name = "Length"; Value = "2mm"; VariantName = "[No Variations]"
Add component (AddParameter): Name = "Max DC Current"; Value = "800mA"; VariantName = "[No Variations]"
Add component (AddParameter): Name = "Max Operating Temperature"; Value = "125°C"; VariantName = "[No Variations]"
Add component (AddParameter): Name = "Military Standard"; Value = "Not"; VariantName = "[No Variations]"
Add component (AddParameter): Name = "Min Operating Temperature"; Value = "-55°C"; VariantName = "[No Variations]"
Add component (AddParameter): Name = "Mount"; Value = "Surface Mount"; VariantName = "[No Variations]"
Add component (AddParameter): Name = "Package Quantity"; Value = "4000"; VariantName = "[No Variations]"
Add component (AddParameter): Name = "Packaging"; Value = "Tape and Reel"; VariantName = "[No Variations]"
Add component (AddParameter): Name = "Radiation Hardening"; Value = "No"; VariantName = "[No Variations]"
Add component (AddParameter): Name = "REACH SVHC"; Value = "No SVHC"; VariantName = "[No Variations]"
Add component (AddParameter): Name = "RoHS Compliant"; Value = "Yes"; VariantName = "[No Variations]"
Add component (AddParameter): Name = "Self Resonant Frequency"; Value = "40MHz"; VariantName = "[No Variations]"
Add component (AddParameter): Name = "Series"; Value = "LQM"; VariantName = "[No Variations]"
Add component (AddParameter): Name = "Shielding"; Value = "Shielded"; VariantName = "[No Variations]"
Add component (AddParameter): Name = "Termination"; Value = "SMD/SMT"; VariantName = "[No Variations]"
Add component (AddParameter): Name = "Test Frequency"; Value = "1MHz"; VariantName = "[No Variations]"
Add component (AddParameter): Name = "Tolerance"; Value = "30%"; VariantName = "[No Variations]"
Add component (AddParameter): Name = "Width"; Value = "0.049inch"; VariantName = "[No Variations]"
Added Component: Designator=U5(DBV0005A_N)
Add component (AddParameter): Name = "Code_IPC"; Value = ""; VariantName = "[No Variations]"
Add component (AddParameter): Name = "Code_JEDEC"; Value = ""; VariantName = "[No Variations]"
Add component (AddParameter): Name = "Code_JEITA"; Value = ""; VariantName = "[No Variations]"
Add component (AddParameter): Name = "ComponentLink1Description"; Value = "Datasheet URL"; VariantName = "[No Variations]"
Add component (AddParameter): Name = "ComponentLink1URL"; Value = "http://www.ti.com/general/docs/lit/getliterature.tsp?genericPartNumber=LM3671&fileType=pdf"; VariantName = "[No Variations]"
Add component (AddParameter): Name = "CompType"; Value = "MiscPower"; VariantName = "[No Variations]"
Add component (AddParameter): Name = "High-Reliability"; Value = ""; VariantName = "[No Variations]"
Add component (AddParameter): Name = "Manufacturer"; Value = "Texas Instruments"; VariantName = "[No Variations]"
Add component (AddParameter): Name = "PackageDescription"; Value = "Molded SOT-23, .115 x .063 x .040 in Body, 5 Lead, .0375 in Pitch"; VariantName = "[No Variations]"
Add component (AddParameter): Name = "PackageReference"; Value = "DBV0005A"; VariantName = "[No Variations]"
Add component (AddParameter): Name = "PackageTopMarking"; Value = "SJEB*XTT"; VariantName = "[No Variations]"
Add component (AddParameter): Name = "PartNumber"; Value = ""; VariantName = "[No Variations]"
Add component (AddParameter): Name = "PinCount"; Value = "5"; VariantName = "[No Variations]"
Add component (AddParameter): Name = "PowerWise"; Value = "Y"; VariantName = "[No Variations]"
Add component (AddParameter): Name = "RoHS"; Value = "Y"; VariantName = "[No Variations]"
Added Pin To Net: NetName=GND Pin=C100-1
Added Pin To Net: NetName=+3V3 Pin=C100-2
Added Pin To Net: NetName=+1.5V Pin=C101-1
Added Pin To Net: NetName=GND Pin=C101-2
Added Pin To Net: NetName=NetJ2_44 Pin=COM_Header-5
Added Pin To Net: NetName=NetR5_1 Pin=COM_Header-18
Added Pin To Net: NetName=NetJ2_43 Pin=COM_Header-19
Added Pin To Net: NetName=NetJ2_41 Pin=COM_Header-20
Added Pin To Net: NetName=NetJ2_40 Pin=L2-1
Added Pin To Net: NetName=+1.5V Pin=L2-2
Added Pin To Net: NetName=+3V3 Pin=U5-1
Added Pin To Net: NetName=GND Pin=U5-2
Added Pin To Net: NetName=+3V3 Pin=U5-3
Added Pin To Net: NetName=+1.5V Pin=U5-4
Added Pin To Net: NetName=NetJ2_40 Pin=U5-5
Change Net Name : Old Net Name=NetJ1_35 New Net Name=NetLED_5V_2
Change Net Name : Old Net Name=NetJ1_37 New Net Name=NetLED_5V_1
Change Net Name : Old Net Name=NetJ1_38 New Net Name=NetLED_3V3_2
Change Net Name : Old Net Name=NetJ1_39 New Net Name=NetLED_3V3_1
Change Net Name : Old Net Name=NetJ1_40 New Net Name=NetLED5_FPGA_2
Change Net Name : Old Net Name=NetJ1_42 New Net Name=NetLED5_FPGA_1
Change Net Name : Old Net Name=NetJ1_44 New Net Name=NetLED4_FPGA_2
Change Net Name : Old Net Name=NetJ2_37 New Net Name=NetLED4_FPGA_1
Change Net Name : Old Net Name=NetJ2_38 New Net Name=NetLED3_FPGA_2
Change Net Name : Old Net Name=NetJ2_39 New Net Name=NetLED3_FPGA_1
Change Net Name : Old Net Name=NetJ2_40 New Net Name=NetL2_1
Change Net Name : Old Net Name=NetJ2_41 New Net Name=NetCOM_Header_20
Change Net Name : Old Net Name=NetJ2_43 New Net Name=NetCOM_Header_19
Change Net Name : Old Net Name=NetJ2_44 New Net Name=NetCOM_Header_5
Change Net Name : Old Net Name=NetR5_1 New Net Name=NetCOM_Header_18
Added Pin To Net: NetName=NetCOM_Header_1 Pin=COM_Header-1
Added Pin To Net: NetName=NetCOM_Header_1 Pin=J1-44
Added Pin To Net: NetName=NetCOM_Header_1 Pin=U1-G9
Added Net: Name=NetCOM_Header_1
Added Pin To Net: NetName=NetCOM_Header_2 Pin=COM_Header-2
Added Pin To Net: NetName=NetCOM_Header_2 Pin=J2-41
Added Pin To Net: NetName=NetCOM_Header_2 Pin=U1-A6
Added Net: Name=NetCOM_Header_2
Added Pin To Net: NetName=NetCOM_Header_3 Pin=COM_Header-3
Added Pin To Net: NetName=NetCOM_Header_3 Pin=J1-42
Added Pin To Net: NetName=NetCOM_Header_3 Pin=U1-B6
Added Net: Name=NetCOM_Header_3
Added Pin To Net: NetName=NetCOM_Header_4 Pin=COM_Header-4
Added Pin To Net: NetName=NetCOM_Header_4 Pin=J2-43
Added Pin To Net: NetName=NetCOM_Header_4 Pin=U1-D8
Added Net: Name=NetCOM_Header_4
Added Pin To Net: NetName=NetCOM_Header_6 Pin=COM_Header-6
Added Pin To Net: NetName=NetCOM_Header_6 Pin=R5-1
Added Pin To Net: NetName=NetCOM_Header_6 Pin=U1-E8
Added Net: Name=NetCOM_Header_6
Added Pin To Net: NetName=NetCOM_Header_7 Pin=COM_Header-7
Added Pin To Net: NetName=NetCOM_Header_7 Pin=J2-39
Added Pin To Net: NetName=NetCOM_Header_7 Pin=U1-D9
Added Net: Name=NetCOM_Header_7
Added Pin To Net: NetName=NetCOM_Header_8 Pin=COM_Header-8
Added Pin To Net: NetName=NetCOM_Header_8 Pin=J2-38
Added Pin To Net: NetName=NetCOM_Header_8 Pin=U1-A7
Added Net: Name=NetCOM_Header_8
Added Pin To Net: NetName=NetCOM_Header_9 Pin=COM_Header-9
Added Pin To Net: NetName=NetCOM_Header_9 Pin=J2-37
Added Pin To Net: NetName=NetCOM_Header_9 Pin=U1-E9
Added Net: Name=NetCOM_Header_9
Added Pin To Net: NetName=NetCOM_Header_10 Pin=COM_Header-10
Added Pin To Net: NetName=NetCOM_Header_10 Pin=J2-40
Added Pin To Net: NetName=NetCOM_Header_10 Pin=U1-B10
Added Net: Name=NetCOM_Header_10
Added Pin To Net: NetName=NetCOM_Header_11 Pin=COM_Header-11
Added Net: Name=NetCOM_Header_11
Added Pin To Net: NetName=NetCOM_Header_12 Pin=COM_Header-12
Added Net: Name=NetCOM_Header_12
Added Pin To Net: NetName=NetCOM_Header_13 Pin=COM_Header-13
Added Pin To Net: NetName=NetCOM_Header_13 Pin=J1-38
Added Pin To Net: NetName=NetCOM_Header_13 Pin=U1-F10
Added Net: Name=NetCOM_Header_13
Added Pin To Net: NetName=NetCOM_Header_14 Pin=COM_Header-14
Added Pin To Net: NetName=NetCOM_Header_14 Pin=J1-37
Added Pin To Net: NetName=NetCOM_Header_14 Pin=U1-G10
Added Net: Name=NetCOM_Header_14
Added Pin To Net: NetName=NetCOM_Header_15 Pin=COM_Header-15
Added Pin To Net: NetName=NetCOM_Header_15 Pin=J1-35
Added Pin To Net: NetName=NetCOM_Header_15 Pin=U1-D10
Added Net: Name=NetCOM_Header_15
Added Pin To Net: NetName=NetCOM_Header_16 Pin=COM_Header-16
Added Pin To Net: NetName=NetCOM_Header_16 Pin=J1-39
Added Pin To Net: NetName=NetCOM_Header_16 Pin=U1-A10
Added Net: Name=NetCOM_Header_16
Added Pin To Net: NetName=NetCOM_Header_17 Pin=COM_Header-17
Added Pin To Net: NetName=NetCOM_Header_17 Pin=J1-40
Added Pin To Net: NetName=NetCOM_Header_17 Pin=U1-E10
Added Net: Name=NetCOM_Header_17
Added Class: Name=GPIO_Headers
Added Member To Class: ClassName=Power Member=Component C100 CAP 4.7uF 25V 1210(3225)
Added Member To Class: ClassName=Power Member=Component C101 C0805C106K8PACTU
Added Member To Class: ClassName=Power Member=Component L2 LQM21PN2R2NGCD
Added Member To Class: ClassName=Power Member=Component U5 LM3671MF-3.3/NOPB
Added Room: Name=Core
Added Room: Name=FPGABanks
Added Room: Name=FPGAMisc
Added Room: Name=FPGAPower
Added Room: Name=GPIO_Headers
Added Room: Name=Interface
Added Room: Name=Power
