Removed Member From Class: ClassName=Core Member=R24
Removed Member From Class: ClassName=Core Member=R25
Removed Member From Class: ClassName=Core Member=R26
Change Component Designator: OldDesignator=U10 NewDesignator=FRAM
Added Component: Designator=R?(RESC1005X40X25LL05T10)
Add component (AddParameter): Name = "Manufacturer"; Value = "Yageo / Phycomp"; VariantName = "[No Variations]"
Add component (AddParameter): Name = "Part Number"; Value = "RC0402FR-0710KL"; VariantName = "[No Variations]"
Added Component: Designator=R?(RESC1005X40X25LL05T10)
Add component (AddParameter): Name = "Manufacturer"; Value = "Yageo / Phycomp"; VariantName = "[No Variations]"
Add component (AddParameter): Name = "Part Number"; Value = "RC0402FR-0710KL"; VariantName = "[No Variations]"
Added Component: Designator=R?(RESC1005X40X25LL05T10)
Add component (AddParameter): Name = "Manufacturer"; Value = "Yageo / Phycomp"; VariantName = "[No Variations]"
Add component (AddParameter): Name = "Part Number"; Value = "RC0402FR-0710KL"; VariantName = "[No Variations]"
Added Pin To Net: NetName=NetJ3_46 Pin=R?-1
Added Pin To Net: NetName=NetJ4_43 Pin=R?-1
Added Pin To Net: NetName=NetJ4_44 Pin=R?-1
Added Pin To Net: NetName=+3.3V Pin=R?-2
Added Pin To Net: NetName=+3.3V Pin=R?-2
Added Pin To Net: NetName=+3.3V Pin=R?-2
Added Member To Class: ClassName=Interface Member=Component R? 10k
Added Member To Class: ClassName=Interface Member=Component R? 10k
Added Member To Class: ClassName=Interface Member=Component R? 10k
Added Member To Class: ClassName=FPGABanks Member=Component U1 M1A3P600-FG484
Added Room: Name=Core
Added Room: Name=FPGABanks
Added Room: Name=FPGAMisc
Added Room: Name=FPGAPower
Added Room: Name=Housekeeping
Added Room: Name=Interface
Added Room: Name=Power
