Removed Pin From Net: NetName=NetR2_2 Pin=R3-1
Removed Pin From Net: NetName=NetR3_2 Pin=R3-2
Removed Pin From Net: NetName=NetR3_2 Pin=R4-1
Removed Pin From Net: NetName=5Vmeas Pin=R4-2
Removed Pin From Net: NetName=CAN_powerdown Pin=U1-T8
Removed Pin From Net: NetName=SPI4_SS2 Pin=U2-7
Removed Pin From Net: NetName=SPI4_SO Pin=U2-8
Change Component Footprint: Designator=U1 Old Footprint=D0008A_L New Footprint=FG484
Change Component Footprint: Designator=U1 Old Footprint=FG484 New Footprint=D0008A_L
Change Component Comment : Designator=U1 Old Comment=A3PE3000L-1FG484M New Comment=TL431CDR
Change Component Comment : Designator=U1 Old Comment=TL431CDR New Comment=A3PE3000L-1FG484M
Change Managed Component Library Link : Designator=U1 Old VaultGUID=B7D15EC3-160A-466F-A46C-7801FE6295A7 New VaultGUID=B7D15EC3-160A-466F-A46C-7801FE6295A7 Old ItemGUID=4068F9F1-56D4-4491-91F9-4E194E0298B5 New ItemGUID=EFB834DF-DBAE-456B-B527-28C50959E134 Old RevisionGUID=71743A2A-80B4-41E6-A197-47DE43E91E00 New RevisionGUID=0B7D1295-0B00-4979-8039-AF04CD25D5AC
Change Managed Component Library Link : Designator=U1 Old VaultGUID=B7D15EC3-160A-466F-A46C-7801FE6295A7 New VaultGUID=B7D15EC3-160A-466F-A46C-7801FE6295A7 Old ItemGUID=EFB834DF-DBAE-456B-B527-28C50959E134 New ItemGUID=4068F9F1-56D4-4491-91F9-4E194E0298B5 Old RevisionGUID=0B7D1295-0B00-4979-8039-AF04CD25D5AC New RevisionGUID=71743A2A-80B4-41E6-A197-47DE43E91E00
Change component parameters: Designator = "U1" ("U1"); Footprint = "D0008A_L"; UniqueID = "\JVBYPQBI" ("\JVBYPQBI")
Change component parameters (AddParameter): Name = "Code_IPC"; Value = "BGA100P22X22-484"; VariantName = "[No Variations]"
Change component parameters (AddParameter): Name = "Code_JEDEC"; Value = "MS-034-AAJ-1"; VariantName = "[No Variations]"
Change component parameters (AddParameter): Name = "DatasheetVersion"; Value = "v1.0, Aug-2008"; VariantName = "[No Variations]"
Change component parameters (AddParameter): Name = "PackageDescription"; Value = "484-Ball Fine Pitch Plastic Ball Grid Array (FG484) - Fully Populated"; VariantName = "[No Variations]"
Change component parameters (AddParameter): Name = "PackageReference"; Value = "FG484"; VariantName = "[No Variations]"
Change component parameters (AddParameter): Name = "PackageVersion"; Value = "ver11.2, Nov-2009"; VariantName = "[No Variations]"
Change component parameters: Designator = "U1" ("U1"); Footprint = "FG484"; UniqueID = "\MTBASVIS" ("\MTBASVIS")
Change component parameters (AddParameter): Name = "Code_JEDEC"; Value = "MS-012"; VariantName = "[No Variations]"
Change component parameters (AddParameter): Name = "ComponentLink1Description"; Value = "Manufacturer URL"; VariantName = "[No Variations]"
Change component parameters (AddParameter): Name = "ComponentLink1URL"; Value = "http://www.ti.com/"; VariantName = "[No Variations]"
Change component parameters (AddParameter): Name = "ComponentLink2Description"; Value = "Datasheet"; VariantName = "[No Variations]"
Change component parameters (AddParameter): Name = "ComponentLink2URL"; Value = "http://www.ti.com/general/docs/lit/getliterature.tsp?genericPartNumber=TL431&fileType=pdf"; VariantName = "[No Variations]"
Change component parameters (AddParameter): Name = "ComponentLink3Description"; Value = "Package Specification"; VariantName = "[No Variations]"
Change component parameters (AddParameter): Name = "ComponentLink3URL"; Value = "http://www.ti.com/litv/pdf/msoi002j"; VariantName = "[No Variations]"
Change component parameters (AddParameter): Name = "DatasheetVersion"; Value = "SLVS543M"; VariantName = "[No Variations]"
Change component parameters (AddParameter): Name = "Eco-Plan"; Value = "Green (RoHS & no Sb/Br)"; VariantName = "[No Variations]"
Change component parameters (AddParameter): Name = "Initial Accuracy @ 25/deg C(%)"; Value = "2"; VariantName = "[No Variations]"
Change component parameters (AddParameter): Name = "Iout/Iz(Max)(mA)"; Value = "100"; VariantName = "[No Variations]"
Change component parameters (AddParameter): Name = "Manufacturer"; Value = "Texas Instruments"; VariantName = "[No Variations]"
Change component parameters (AddParameter): Name = "Min Iz for Regulation(uA)"; Value = "600"; VariantName = "[No Variations]"
Change component parameters (AddParameter): Name = "Mounting Technology"; Value = "Surface Mount"; VariantName = "[No Variations]"
Change component parameters (AddParameter): Name = "PackageDescription"; Value = "8-Pin Plastic Small Outline, Body 4.9 x 3.9 mm, Pitch 1.27 mm"; VariantName = "[No Variations]"
Change component parameters (AddParameter): Name = "PackageReference"; Value = "D0008A"; VariantName = "[No Variations]"
Change component parameters (AddParameter): Name = "PackageVersion"; Value = "4040047-3/M"; VariantName = "[No Variations]"
Change component parameters (AddParameter): Name = "PartNumber"; Value = "TL431CDR"; VariantName = "[No Variations]"
Change component parameters (AddParameter): Name = "Rating"; Value = "Military"; VariantName = "[No Variations]"
Change component parameters (AddParameter): Name = "SubFamily"; Value = "Shunt Voltage Reference"; VariantName = "[No Variations]"
Change component parameters (AddParameter): Name = "Temp Coeff(Max)(ppm/ degree C)"; Value = "92"; VariantName = "[No Variations]"
Change component parameters (AddParameter): Name = "Temp Coeff(Typ)(ppm/ degree C)"; Value = "34"; VariantName = "[No Variations]"
Change component parameters (AddParameter): Name = "VO Adj(Max)(V)"; Value = "36"; VariantName = "[No Variations]"
Change component parameters (AddParameter): Name = "VO Adj(Min)(V)"; Value = "2.495"; VariantName = "[No Variations]"
Added Pin To Net: NetName=3.3V Pin=R3-1
Added Pin To Net: NetName=NetR2_2 Pin=R3-1
Added Pin To Net: NetName=NetR3_2 Pin=R3-2
Added Pin To Net: NetName=NetR3_2 Pin=R4-1
Added Pin To Net: NetName=NetR4_1 Pin=R4-1
Added Pin To Net: NetName=5Vmeas Pin=R4-2
Added Pin To Net: NetName=NetR2A_1 Pin=U1-1
Added Pin To Net: NetName=GND Pin=U1-2
Added Pin To Net: NetName=GND Pin=U1-3
Added Pin To Net: NetName=GND Pin=U1-6
Added Pin To Net: NetName=GND Pin=U1-7
Added Pin To Net: NetName=NetR1A_1 Pin=U1-8
Added Pin To Net: NetName=mem_HOLD Pin=U2-1
Added Pin To Net: NetName=3.3Vpic Pin=U2-2
Added Pin To Net: NetName=GND Pin=U2-7
Added Pin To Net: NetName=SPI4_SS2 Pin=U2-7
Added Pin To Net: NetName=NetR2A_1 Pin=U2-8
Added Pin To Net: NetName=SPI4_SO Pin=U2-8
Added Room: Name=Core
Added Room: Name=Interface
Added Room: Name=Power
