Removed Pin From Net: NetName=+3V3 Pin=C58-1
Removed Pin From Net: NetName=GND Pin=C58-2
Removed Pin From Net: NetName=GND Pin=C61-1
Removed Pin From Net: NetName=+3V3 Pin=C61-2
Removed Pin From Net: NetName=NetJ1_6 Pin=J1-6
Removed Pin From Net: NetName=NetJ1_8 Pin=J1-8
Removed Pin From Net: NetName=NetCOM_Header_15 Pin=J1-35
Removed Pin From Net: NetName=NetCOM_Header_14 Pin=J1-37
Removed Pin From Net: NetName=NetCOM_Header_13 Pin=J1-38
Removed Pin From Net: NetName=NetCOM_Header_16 Pin=J1-39
Removed Pin From Net: NetName=NetCOM_Header_17 Pin=J1-40
Removed Pin From Net: NetName=NetCOM_Header_3 Pin=J1-42
Removed Pin From Net: NetName=NetCOM_Header_1 Pin=J1-44
Removed Pin From Net: NetName=NetCOM_Header_9 Pin=J2-37
Removed Pin From Net: NetName=NetCOM_Header_8 Pin=J2-38
Removed Pin From Net: NetName=NetCOM_Header_7 Pin=J2-39
Removed Pin From Net: NetName=NetCOM_Header_10 Pin=J2-40
Removed Pin From Net: NetName=NetCOM_Header_2 Pin=J2-41
Removed Pin From Net: NetName=NetCOM_Header_4 Pin=J2-43
Removed Pin From Net: NetName=NetCOM_Header_5 Pin=J2-44
Removed Pin From Net: NetName=3.3V Pin=J_ICSP1-2
Removed Pin From Net: NetName=NetLED1_2 Pin=LED1-2
Removed Pin From Net: NetName=NetJ1_19 Pin=R10-1
Removed Pin From Net: NetName=NetJ1_20 Pin=R11-1
Removed Pin From Net: NetName=NetCOM_Header_2 Pin=U1-A6
Removed Pin From Net: NetName=NetCOM_Header_8 Pin=U1-A7
Removed Pin From Net: NetName=NetCOM_Header_16 Pin=U1-A10
Removed Pin From Net: NetName=NetFLASH1_5 Pin=U1-A11
Removed Pin From Net: NetName=NetJ1_20 Pin=U1-A13
Removed Pin From Net: NetName=NetCOM_Header_3 Pin=U1-B6
Removed Pin From Net: NetName=NetCOM_Header_10 Pin=U1-B10
Removed Pin From Net: NetName=NetCOM_Header_4 Pin=U1-D8
Removed Pin From Net: NetName=NetCOM_Header_7 Pin=U1-D9
Removed Pin From Net: NetName=NetCOM_Header_15 Pin=U1-D10
Removed Pin From Net: NetName=NetJ1_19 Pin=U1-D12
Removed Pin From Net: NetName=NetCOM_Header_6 Pin=U1-E8
Removed Pin From Net: NetName=NetCOM_Header_17 Pin=U1-E10
Removed Pin From Net: NetName=NetFLASH1_1 Pin=U1-E11
Removed Pin From Net: NetName=NetCOM_Header_13 Pin=U1-F10
Removed Pin From Net: NetName=NetFLASH1_2 Pin=U1-F11
Removed Pin From Net: NetName=NetCOM_Header_14 Pin=U1-G10
Removed Pin From Net: NetName=NetPIC1_7 Pin=U1-G11
Removed Pin From Net: NetName=NetFLASH1_6 Pin=U1-H11
Removed Pin From Net: NetName=NetSRAM1_C2 Pin=U1-H17
Removed Pin From Net: NetName=NetSRAM1_C4 Pin=U1-J21
Removed Pin From Net: NetName=NetSRAM1_C3 Pin=U1-J22
Removed Pin From Net: NetName=NetSRAM1_C6 Pin=U1-K16
Removed Pin From Net: NetName=NetSRAM1_F4 Pin=U1-K18
Removed Pin From Net: NetName=NetSRAM1_F3 Pin=U1-K19
Removed Pin From Net: NetName=NetSRAM1_F5 Pin=U1-K21
Removed Pin From Net: NetName=NetSRAM1_F6 Pin=U1-K22
Removed Pin From Net: NetName=NetSRAM1_C5 Pin=U1-L15
Removed Pin From Net: NetName=NetSRAM1_D3 Pin=U1-L16
Removed Pin From Net: NetName=NetSRAM1_D4 Pin=U1-L17
Removed Pin From Net: NetName=NetSRAM1_C1 Pin=U1-L18
Removed Pin From Net: NetName=NetSRAM1_D2 Pin=U1-L19
Removed Pin From Net: NetName=NetSRAM1_G2 Pin=U1-L20
Removed Pin From Net: NetName=NetSRAM1_G1 Pin=U1-L21
Removed Pin From Net: NetName=NetSRAM1_G3 Pin=U1-L22
Removed Pin From Net: NetName=NetSRAM1_E5 Pin=U1-M15
Removed Pin From Net: NetName=NetSRAM1_D5 Pin=U1-M16
Removed Pin From Net: NetName=NetSRAM1_F2 Pin=U1-M17
Removed Pin From Net: NetName=NetSRAM1_H2 Pin=U1-M18
Removed Pin From Net: NetName=NetSRAM1_E3 Pin=U1-M19
Removed Pin From Net: NetName=NetSRAM1_G6 Pin=U1-M20
Removed Pin From Net: NetName=NetSRAM1_G4 Pin=U1-M21
Removed Pin From Net: NetName=NetSRAM1_E4 Pin=U1-N16
Removed Pin From Net: NetName=NetSRAM1_H1 Pin=U1-N17
Removed Pin From Net: NetName=NetSRAM1_F1 Pin=U1-N18
Removed Pin From Net: NetName=NetSRAM1_E2 Pin=U1-N19
Removed Pin From Net: NetName=NetSRAM1_G5 Pin=U1-N21
Removed Pin From Net: NetName=NetSRAM1_H4 Pin=U1-P21
Removed Pin From Net: NetName=NetSRAM1_H3 Pin=U1-R21
Removed Pin From Net: NetName=NetSRAM1_H6 Pin=U1-R22
Removed Pin From Net: NetName=NetSRAM1_H5 Pin=U1-T22
Removed Pin From Net: NetName=+3V3 Pin=U5-1
Removed Pin From Net: NetName=+3V3 Pin=U5-3
Removed Member From Class: ClassName=FPGAMisc Member=C58
Removed Member From Class: ClassName=FPGAMisc Member=C61
Change Component Footprint: Designator=C58 Old Footprint=FP-GRM155-0_05-IPC_C New Footprint=CAPC0805(2012)145_L
Change Component Comment : Designator=C58 Old Comment=100nF New Comment=Capacitor 22µF +/-40% 16V 0805
Change Managed Component Library Link : Designator=C58 Old VaultGUID=B7D15EC3-160A-466F-A46C-7801FE6295A7 New VaultGUID=402AE90E-E6D4-42C2-A6A4-831F65D0074D Old ItemGUID=9407714A-D2E6-467D-B8C8-E3E6C532A7BD New ItemGUID=C30F5C3F-0E8A-414E-B125-0ABCB3831DCC Old RevisionGUID=BF75706F-CC32-47D1-B4F2-53F041F2BBBE New RevisionGUID=4E71AE4B-A1F4-43CF-8644-2519AB17291B
Change component parameters: Designator = "C58" ("C58"); Footprint = "FP-GRM155-0_05-IPC_C"; UniqueID = "\VCAEJAKE" ("\VCAEJAKE")
Change component parameters (AddParameter): Name = "Case/Package"; Value = "0402"; VariantName = "[No Variations]"
Change component parameters (AddParameter): Name = "Max Operating Temperature"; Value = "85°C"; VariantName = "[No Variations]"
Change component parameters (AddParameter): Name = "Min Operating Temperature"; Value = "-55°C"; VariantName = "[No Variations]"
Change component parameters (AddParameter): Name = "Mounting Technology"; Value = "SMT"; VariantName = "[No Variations]"
Change component parameters (AddParameter): Name = "Pins"; Value = "2"; VariantName = "[No Variations]"
Change component parameters (AddParameter): Name = "Tolerance"; Value = "5%"; VariantName = "[No Variations]"
Change component parameters (AddParameter): Name = "Value"; Value = "22µF"; VariantName = "[No Variations]"
Change component parameters (AddParameter): Name = "Voltage Rating"; Value = "16V"; VariantName = "[No Variations]"
Added Component: Designator=C?(FP-GRM155-0_05-IPC_C)
Add component (AddParameter): Name = "Capacitance"; Value = "10nF"; VariantName = "[No Variations]"
Add component (AddParameter): Name = "Case Code (Imperial)"; Value = "0402"; VariantName = "[No Variations]"
Add component (AddParameter): Name = "Case Code (Metric)"; Value = "1005"; VariantName = "[No Variations]"
Add component (AddParameter): Name = "Case/Package"; Value = "0402"; VariantName = "[No Variations]"
Add component (AddParameter): Name = "Depth"; Value = "0.5mm"; VariantName = "[No Variations]"
Add component (AddParameter): Name = "Dielectric"; Value = "X7R"; VariantName = "[No Variations]"
Add component (AddParameter): Name = "Height"; Value = "0.5mm"; VariantName = "[No Variations]"
Add component (AddParameter): Name = "Lead Free"; Value = "Lead Free"; VariantName = "[No Variations]"
Add component (AddParameter): Name = "Length"; Value = "1mm"; VariantName = "[No Variations]"
Add component (AddParameter): Name = "Material"; Value = "Ceramic"; VariantName = "[No Variations]"
Add component (AddParameter): Name = "Max Operating Temperature"; Value = "125°C"; VariantName = "[No Variations]"
Add component (AddParameter): Name = "Min Operating Temperature"; Value = "-55°C"; VariantName = "[No Variations]"
Add component (AddParameter): Name = "Mount"; Value = "Surface Mount"; VariantName = "[No Variations]"
Add component (AddParameter): Name = "Number of Pins"; Value = "2"; VariantName = "[No Variations]"
Add component (AddParameter): Name = "Package Quantity"; Value = "1"; VariantName = "[No Variations]"
Add component (AddParameter): Name = "Packaging"; Value = "Tape and Reel"; VariantName = "[No Variations]"
Add component (AddParameter): Name = "Radiation Hardening"; Value = "No"; VariantName = "[No Variations]"
Add component (AddParameter): Name = "REACH SVHC"; Value = "No SVHC"; VariantName = "[No Variations]"
Add component (AddParameter): Name = "Termination"; Value = "SMD/SMT"; VariantName = "[No Variations]"
Add component (AddParameter): Name = "Thickness"; Value = "0.022inch"; VariantName = "[No Variations]"
Add component (AddParameter): Name = "Tolerance"; Value = "10%"; VariantName = "[No Variations]"
Add component (AddParameter): Name = "Voltage"; Value = "25V"; VariantName = "[No Variations]"
Add component (AddParameter): Name = "Voltage Rating"; Value = "50V"; VariantName = "[No Variations]"
Add component (AddParameter): Name = "Voltage Rating (DC)"; Value = "50V"; VariantName = "[No Variations]"
Add component (AddParameter): Name = "Width"; Value = "0.02inch"; VariantName = "[No Variations]"
Added Component: Designator=C?(FP-GRM155-0_05-IPC_C)
Add component (AddParameter): Name = "Capacitance"; Value = "10nF"; VariantName = "[No Variations]"
Add component (AddParameter): Name = "Case Code (Imperial)"; Value = "0402"; VariantName = "[No Variations]"
Add component (AddParameter): Name = "Case Code (Metric)"; Value = "1005"; VariantName = "[No Variations]"
Add component (AddParameter): Name = "Case/Package"; Value = "0402"; VariantName = "[No Variations]"
Add component (AddParameter): Name = "Depth"; Value = "0.5mm"; VariantName = "[No Variations]"
Add component (AddParameter): Name = "Dielectric"; Value = "X7R"; VariantName = "[No Variations]"
Add component (AddParameter): Name = "Height"; Value = "0.5mm"; VariantName = "[No Variations]"
Add component (AddParameter): Name = "Lead Free"; Value = "Lead Free"; VariantName = "[No Variations]"
Add component (AddParameter): Name = "Length"; Value = "1mm"; VariantName = "[No Variations]"
Add component (AddParameter): Name = "Material"; Value = "Ceramic"; VariantName = "[No Variations]"
Add component (AddParameter): Name = "Max Operating Temperature"; Value = "125°C"; VariantName = "[No Variations]"
Add component (AddParameter): Name = "Min Operating Temperature"; Value = "-55°C"; VariantName = "[No Variations]"
Add component (AddParameter): Name = "Mount"; Value = "Surface Mount"; VariantName = "[No Variations]"
Add component (AddParameter): Name = "Number of Pins"; Value = "2"; VariantName = "[No Variations]"
Add component (AddParameter): Name = "Package Quantity"; Value = "1"; VariantName = "[No Variations]"
Add component (AddParameter): Name = "Packaging"; Value = "Tape and Reel"; VariantName = "[No Variations]"
Add component (AddParameter): Name = "Radiation Hardening"; Value = "No"; VariantName = "[No Variations]"
Add component (AddParameter): Name = "REACH SVHC"; Value = "No SVHC"; VariantName = "[No Variations]"
Add component (AddParameter): Name = "Termination"; Value = "SMD/SMT"; VariantName = "[No Variations]"
Add component (AddParameter): Name = "Thickness"; Value = "0.022inch"; VariantName = "[No Variations]"
Add component (AddParameter): Name = "Tolerance"; Value = "10%"; VariantName = "[No Variations]"
Add component (AddParameter): Name = "Voltage"; Value = "25V"; VariantName = "[No Variations]"
Add component (AddParameter): Name = "Voltage Rating"; Value = "50V"; VariantName = "[No Variations]"
Add component (AddParameter): Name = "Voltage Rating (DC)"; Value = "50V"; VariantName = "[No Variations]"
Add component (AddParameter): Name = "Width"; Value = "0.02inch"; VariantName = "[No Variations]"
Added Component: Designator=P_GPIO(HDR2X20)
Add component (AddParameter): Name = "LatestRevisionDate"; Value = "17-Jul-2002"; VariantName = "[No Variations]"
Add component (AddParameter): Name = "LatestRevisionNote"; Value = "Re-released for DXP Platform."; VariantName = "[No Variations]"
Add component (AddParameter): Name = "Publisher"; Value = "Altium Limited"; VariantName = "[No Variations]"
Added Component: Designator=R12(RESC1005X40X25LL05T10)
Add component (AddParameter): Name = "Manufacturer"; Value = "Yageo / Phycomp"; VariantName = "[No Variations]"
Add component (AddParameter): Name = "Part Number"; Value = "RC0402FR-0710KL"; VariantName = "[No Variations]"
Added Component: Designator=R13(RESC1005X40X25LL05T10)
Add component (AddParameter): Name = "Manufacturer"; Value = "Yageo / Phycomp"; VariantName = "[No Variations]"
Add component (AddParameter): Name = "Part Number"; Value = "RC0402FR-0710KL"; VariantName = "[No Variations]"
Added Component: Designator=R14(RESC1609X50X30NL8T20)
Add component (AddParameter): Name = "ComponentLink1Description"; Value = "Manufacturer URL"; VariantName = "[No Variations]"
Add component (AddParameter): Name = "ComponentLink1URL"; Value = "http://www.vishay.com/"; VariantName = "[No Variations]"
Add component (AddParameter): Name = "ComponentLink2Description"; Value = "Datasheet"; VariantName = "[No Variations]"
Add component (AddParameter): Name = "ComponentLink2URL"; Value = "http://www.vishay.com/docs/20035/dcrcwe3.pdf"; VariantName = "[No Variations]"
Add component (AddParameter): Name = "DatasheetVersion"; Value = "06/2012"; VariantName = "[No Variations]"
Add component (AddParameter): Name = "Height"; Value = "0.45 mm"; VariantName = "[No Variations]"
Add component (AddParameter): Name = "Length"; Value = "1.55 mm"; VariantName = "[No Variations]"
Add component (AddParameter): Name = "Manufacturer"; Value = "Vishay Semiconductor"; VariantName = "[No Variations]"
Add component (AddParameter): Name = "Max Operating Temperature"; Value = "155 degC"; VariantName = "[No Variations]"
Add component (AddParameter): Name = "Min Operating Temperature"; Value = "-55 degC"; VariantName = "[No Variations]"
Add component (AddParameter): Name = "Mount"; Value = "Surface Mount"; VariantName = "[No Variations]"
Add component (AddParameter): Name = "Mounting Technology"; Value = "Surface Mount"; VariantName = "[No Variations]"
Add component (AddParameter): Name = "Package Quantity"; Value = "5000"; VariantName = "[No Variations]"
Add component (AddParameter): Name = "PackageDescription"; Value = "2-Pin Surface Mount Device, Body 1.575 x 0.85 mm"; VariantName = "[No Variations]"
Add component (AddParameter): Name = "PackageReference"; Value = "0603"; VariantName = "[No Variations]"
Add component (AddParameter): Name = "Packaging"; Value = "Tape and Reel"; VariantName = "[No Variations]"
Add component (AddParameter): Name = "Pins"; Value = "2"; VariantName = "[No Variations]"
Add component (AddParameter): Name = "REACH SVHC"; Value = "Unknown"; VariantName = "[No Variations]"
Add component (AddParameter): Name = "RoHSCompliant"; Value = "true"; VariantName = "[No Variations]"
Add component (AddParameter): Name = "Voltage Rating"; Value = "75 V"; VariantName = "[No Variations]"
Added Component: Designator=R15(RESC1609X50X30NL8T20)
Add component (AddParameter): Name = "ComponentLink1Description"; Value = "Manufacturer URL"; VariantName = "[No Variations]"
Add component (AddParameter): Name = "ComponentLink1URL"; Value = "http://www.vishay.com/"; VariantName = "[No Variations]"
Add component (AddParameter): Name = "ComponentLink2Description"; Value = "Datasheet"; VariantName = "[No Variations]"
Add component (AddParameter): Name = "ComponentLink2URL"; Value = "http://www.vishay.com/docs/20035/dcrcwe3.pdf"; VariantName = "[No Variations]"
Add component (AddParameter): Name = "DatasheetVersion"; Value = "06/2012"; VariantName = "[No Variations]"
Add component (AddParameter): Name = "Height"; Value = "0.45 mm"; VariantName = "[No Variations]"
Add component (AddParameter): Name = "Length"; Value = "1.55 mm"; VariantName = "[No Variations]"
Add component (AddParameter): Name = "Manufacturer"; Value = "Vishay Semiconductor"; VariantName = "[No Variations]"
Add component (AddParameter): Name = "Max Operating Temperature"; Value = "155 degC"; VariantName = "[No Variations]"
Add component (AddParameter): Name = "Min Operating Temperature"; Value = "-55 degC"; VariantName = "[No Variations]"
Add component (AddParameter): Name = "Mount"; Value = "Surface Mount"; VariantName = "[No Variations]"
Add component (AddParameter): Name = "Mounting Technology"; Value = "Surface Mount"; VariantName = "[No Variations]"
Add component (AddParameter): Name = "Package Quantity"; Value = "5000"; VariantName = "[No Variations]"
Add component (AddParameter): Name = "PackageDescription"; Value = "2-Pin Surface Mount Device, Body 1.575 x 0.85 mm"; VariantName = "[No Variations]"
Add component (AddParameter): Name = "PackageReference"; Value = "0603"; VariantName = "[No Variations]"
Add component (AddParameter): Name = "Packaging"; Value = "Tape and Reel"; VariantName = "[No Variations]"
Add component (AddParameter): Name = "Pins"; Value = "2"; VariantName = "[No Variations]"
Add component (AddParameter): Name = "REACH SVHC"; Value = "Unknown"; VariantName = "[No Variations]"
Add component (AddParameter): Name = "RoHSCompliant"; Value = "true"; VariantName = "[No Variations]"
Add component (AddParameter): Name = "Voltage Rating"; Value = "75 V"; VariantName = "[No Variations]"
Added Component: Designator=R16(RESC1609X50X30NL8T20)
Add component (AddParameter): Name = "ComponentLink1Description"; Value = "Manufacturer URL"; VariantName = "[No Variations]"
Add component (AddParameter): Name = "ComponentLink1URL"; Value = "http://www.vishay.com/"; VariantName = "[No Variations]"
Add component (AddParameter): Name = "ComponentLink2Description"; Value = "Datasheet"; VariantName = "[No Variations]"
Add component (AddParameter): Name = "ComponentLink2URL"; Value = "http://www.vishay.com/docs/20035/dcrcwe3.pdf"; VariantName = "[No Variations]"
Add component (AddParameter): Name = "DatasheetVersion"; Value = "06/2012"; VariantName = "[No Variations]"
Add component (AddParameter): Name = "Height"; Value = "0.45 mm"; VariantName = "[No Variations]"
Add component (AddParameter): Name = "Length"; Value = "1.55 mm"; VariantName = "[No Variations]"
Add component (AddParameter): Name = "Manufacturer"; Value = "Vishay Semiconductor"; VariantName = "[No Variations]"
Add component (AddParameter): Name = "Max Operating Temperature"; Value = "155 degC"; VariantName = "[No Variations]"
Add component (AddParameter): Name = "Min Operating Temperature"; Value = "-55 degC"; VariantName = "[No Variations]"
Add component (AddParameter): Name = "Mount"; Value = "Surface Mount"; VariantName = "[No Variations]"
Add component (AddParameter): Name = "Mounting Technology"; Value = "Surface Mount"; VariantName = "[No Variations]"
Add component (AddParameter): Name = "Package Quantity"; Value = "5000"; VariantName = "[No Variations]"
Add component (AddParameter): Name = "PackageDescription"; Value = "2-Pin Surface Mount Device, Body 1.575 x 0.85 mm"; VariantName = "[No Variations]"
Add component (AddParameter): Name = "PackageReference"; Value = "0603"; VariantName = "[No Variations]"
Add component (AddParameter): Name = "Packaging"; Value = "Tape and Reel"; VariantName = "[No Variations]"
Add component (AddParameter): Name = "Pins"; Value = "2"; VariantName = "[No Variations]"
Add component (AddParameter): Name = "REACH SVHC"; Value = "Unknown"; VariantName = "[No Variations]"
Add component (AddParameter): Name = "RoHSCompliant"; Value = "true"; VariantName = "[No Variations]"
Add component (AddParameter): Name = "Voltage Rating"; Value = "75 V"; VariantName = "[No Variations]"
Added Component: Designator=R17(RESC1609X50X30NL8T20)
Add component (AddParameter): Name = "ComponentLink1Description"; Value = "Manufacturer URL"; VariantName = "[No Variations]"
Add component (AddParameter): Name = "ComponentLink1URL"; Value = "http://www.vishay.com/"; VariantName = "[No Variations]"
Add component (AddParameter): Name = "ComponentLink2Description"; Value = "Datasheet"; VariantName = "[No Variations]"
Add component (AddParameter): Name = "ComponentLink2URL"; Value = "http://www.vishay.com/docs/20035/dcrcwe3.pdf"; VariantName = "[No Variations]"
Add component (AddParameter): Name = "DatasheetVersion"; Value = "06/2012"; VariantName = "[No Variations]"
Add component (AddParameter): Name = "Height"; Value = "0.45 mm"; VariantName = "[No Variations]"
Add component (AddParameter): Name = "Length"; Value = "1.55 mm"; VariantName = "[No Variations]"
Add component (AddParameter): Name = "Manufacturer"; Value = "Vishay Semiconductor"; VariantName = "[No Variations]"
Add component (AddParameter): Name = "Max Operating Temperature"; Value = "155 degC"; VariantName = "[No Variations]"
Add component (AddParameter): Name = "Min Operating Temperature"; Value = "-55 degC"; VariantName = "[No Variations]"
Add component (AddParameter): Name = "Mount"; Value = "Surface Mount"; VariantName = "[No Variations]"
Add component (AddParameter): Name = "Mounting Technology"; Value = "Surface Mount"; VariantName = "[No Variations]"
Add component (AddParameter): Name = "Package Quantity"; Value = "5000"; VariantName = "[No Variations]"
Add component (AddParameter): Name = "PackageDescription"; Value = "2-Pin Surface Mount Device, Body 1.575 x 0.85 mm"; VariantName = "[No Variations]"
Add component (AddParameter): Name = "PackageReference"; Value = "0603"; VariantName = "[No Variations]"
Add component (AddParameter): Name = "Packaging"; Value = "Tape and Reel"; VariantName = "[No Variations]"
Add component (AddParameter): Name = "Pins"; Value = "2"; VariantName = "[No Variations]"
Add component (AddParameter): Name = "REACH SVHC"; Value = "Unknown"; VariantName = "[No Variations]"
Add component (AddParameter): Name = "RoHSCompliant"; Value = "true"; VariantName = "[No Variations]"
Add component (AddParameter): Name = "Voltage Rating"; Value = "75 V"; VariantName = "[No Variations]"
Added Component: Designator=T7(FP-5015-MFG)
Add component (AddParameter): Name = "Automotive"; Value = "No"; VariantName = "[No Variations]"
Add component (AddParameter): Name = "Category"; Value = "Conn"; VariantName = "[No Variations]"
Add component (AddParameter): Name = "ComponentLink2Description"; Value = "Datasheet"; VariantName = "[No Variations]"
Add component (AddParameter): Name = "ComponentLink2URL"; Value = "http://www.keyelco.com/product-pdf.cfm?p=1353"; VariantName = "[No Variations]"
Add component (AddParameter): Name = "Conn Orientation"; Value = "Straight"; VariantName = "[No Variations]"
Add component (AddParameter): Name = "Contact Material"; Value = "Silver"; VariantName = "[No Variations]"
Add component (AddParameter): Name = "Device Class L1"; Value = "Connectors"; VariantName = "[No Variations]"
Add component (AddParameter): Name = "Device Class L2"; Value = "unset"; VariantName = "[No Variations]"
Add component (AddParameter): Name = "Device Class L3"; Value = "unset"; VariantName = "[No Variations]"
Add component (AddParameter): Name = "Digikey Description"; Value = "PC TEST POINT MINIATURE"; VariantName = "[No Variations]"
Add component (AddParameter): Name = "Height"; Value = "1.65mm"; VariantName = "[No Variations]"
Add component (AddParameter): Name = "Lead Free"; Value = "Yes"; VariantName = "[No Variations]"
Add component (AddParameter): Name = "Manufacturer"; Value = "keystone"; VariantName = "[No Variations]"
Add component (AddParameter): Name = "Manufacturer Part Number"; Value = "5015"; VariantName = "[No Variations]"
Add component (AddParameter): Name = "Number Of Contacts"; Value = "1"; VariantName = "[No Variations]"
Add component (AddParameter): Name = "Octopart"; Value = "https://octopart.com/5015-keystone-3822"; VariantName = "[No Variations]"
Add component (AddParameter): Name = "Package"; Value = "5015"; VariantName = "[No Variations]"
Add component (AddParameter): Name = "RoHS"; Value = "TRUE"; VariantName = "[No Variations]"
Added Component: Designator=U2(LT-MS8-8_N)
Add component (AddParameter): Name = "Channels (#)"; Value = "1"; VariantName = "[No Variations]"
Add component (AddParameter): Name = "ComponentLink1Description"; Value = "Manufacturer URL"; VariantName = "[No Variations]"
Add component (AddParameter): Name = "ComponentLink1URL"; Value = "http://www.linear.com/"; VariantName = "[No Variations]"
Add component (AddParameter): Name = "ComponentLink2Description"; Value = "Datasheet"; VariantName = "[No Variations]"
Add component (AddParameter): Name = "ComponentLink2URL"; Value = "http://cds.linear.com/docs/en/datasheet/6105fa.pdf"; VariantName = "[No Variations]"
Add component (AddParameter): Name = "ComponentLink3Description"; Value = "Package Specification"; VariantName = "[No Variations]"
Add component (AddParameter): Name = "ComponentLink3URL"; Value = "http://cds.linear.com/docs/en/packaging/05081610_G_SO8.pdf"; VariantName = "[No Variations]"
Add component (AddParameter): Name = "DatasheetVersion"; Value = "Rev. A"; VariantName = "[No Variations]"
Add component (AddParameter): Name = "GBW (MHz) Typical"; Value = "0.1"; VariantName = "[No Variations]"
Add component (AddParameter): Name = "Is (mA) Typical"; Value = "0.2"; VariantName = "[No Variations]"
Add component (AddParameter): Name = "Linear Technology Part Number"; Value = "LT6105"; VariantName = "[No Variations]"
Add component (AddParameter): Name = "Manufacturer"; Value = "Linear Technology"; VariantName = "[No Variations]"
Add component (AddParameter): Name = "Mounting Technology"; Value = "Surface Mount"; VariantName = "[No Variations]"
Add component (AddParameter): Name = "PackageDescription"; Value = "8-Lead Plastic Small Outline, Body 3.9 x 4.9 mm, Pitch 1.27 mm"; VariantName = "[No Variations]"
Add component (AddParameter): Name = "PackageReference"; Value = "LT-MS8-8"; VariantName = "[No Variations]"
Add component (AddParameter): Name = "PackageVersion"; Value = "Rev G"; VariantName = "[No Variations]"
Add component (AddParameter): Name = "PartNumber"; Value = "LT6105IMS8#PBF"; VariantName = "[No Variations]"
Add component (AddParameter): Name = "RevisionNote"; Value = "URLs updated"; VariantName = "[No Variations]"
Add component (AddParameter): Name = "RoHS"; Value = "Pb-Free"; VariantName = "[No Variations]"
Add component (AddParameter): Name = "Type"; Value = "CSA"; VariantName = "[No Variations]"
Add component (AddParameter): Name = "Vos (mV) Guaranteed"; Value = "0.3"; VariantName = "[No Variations]"
Add component (AddParameter): Name = "Vos (mV) Typical"; Value = "0.1"; VariantName = "[No Variations]"
Add component (AddParameter): Name = "Vs Max (V)"; Value = "36"; VariantName = "[No Variations]"
Add component (AddParameter): Name = "Vs Min (V)"; Value = "2.85"; VariantName = "[No Variations]"
Added Pin To Net: NetName=GND Pin=C58-1
Added Pin To Net: NetName=+3V3 Pin=C?-1
Added Pin To Net: NetName=GND Pin=C?-1
Added Pin To Net: NetName=+3V3 Pin=C?-2
Added Pin To Net: NetName=GND Pin=C?-2
Added Pin To Net: NetName=GND Pin=J2-31
Added Pin To Net: NetName=NetCOM_Header_14 Pin=J2-47
Added Pin To Net: NetName=NetCOM_Header_15 Pin=J2-48
Added Pin To Net: NetName=NetCOM_Header_13 Pin=J2-49
Added Pin To Net: NetName=NetCOM_Header_16 Pin=J2-50
Added Pin To Net: NetName=+3.3V Pin=J_ICSP1-2
Added Pin To Net: NetName=+5Vin Pin=LED1-2
Added Pin To Net: NetName=NetLED1_2 Pin=R11-1
Added Pin To Net: NetName=VPLL Pin=R12-1
Added Pin To Net: NetName=VPLL_3000 Pin=R12-2
Added Pin To Net: NetName=GND Pin=R13-1
Added Pin To Net: NetName=GND_3000 Pin=R13-2
Added Pin To Net: NetName=+3V3 Pin=R14-1
Added Pin To Net: NetName=NetJ1_8 Pin=R14-2
Added Pin To Net: NetName=+3V3 Pin=R15-1
Added Pin To Net: NetName=NetJ1_6 Pin=R15-2
Added Pin To Net: NetName=NetJ1_8 Pin=R16-1
Added Pin To Net: NetName=3.3V Pin=R16-2
Added Pin To Net: NetName=GND Pin=R17-1
Added Pin To Net: NetName=NetCOM_Header_11 Pin=U1-A7
Added Pin To Net: NetName=NetCOM_Header_8 Pin=U1-A10
Added Pin To Net: NetName=NetCOM_Header_10 Pin=U1-A11
Added Pin To Net: NetName=NetFLASH1_6 Pin=U1-A12
Added Pin To Net: NetName=NetCOM_Header_15 Pin=U1-B10
Added Pin To Net: NetName=NetCOM_Header_3 Pin=U1-D8
Added Pin To Net: NetName=NetCOM_Header_13 Pin=U1-D9
Added Pin To Net: NetName=NetCOM_Header_17 Pin=U1-D10
Added Pin To Net: NetName=NetCOM_Header_7 Pin=U1-E8
Added Pin To Net: NetName=NetCOM_Header_6 Pin=U1-E10
Added Pin To Net: NetName=NetCOM_Header_18 Pin=U1-E11
Added Pin To Net: NetName=NetPIC1_7 Pin=U1-E12
Added Pin To Net: NetName=NetCOM_Header_4 Pin=U1-F10
Added Pin To Net: NetName=NetCOM_Header_12 Pin=U1-F11
Added Pin To Net: NetName=NetFLASH1_1 Pin=U1-F12
Added Pin To Net: NetName=VPLL_3000 Pin=U1-F16
Added Pin To Net: NetName=NetCOM_Header_2 Pin=U1-G10
Added Pin To Net: NetName=NetCOM_Header_16 Pin=U1-G11
Added Pin To Net: NetName=NetFLASH1_5 Pin=U1-G12
Added Pin To Net: NetName=GND_3000 Pin=U1-G16
Added Pin To Net: NetName=NetCOM_Header_14 Pin=U1-H11
Added Pin To Net: NetName=NetFLASH1_2 Pin=U1-H12
Added Pin To Net: NetName=NetSRAM1_C1 Pin=U1-H17
Added Pin To Net: NetName=NetSRAM1_C3 Pin=U1-J21
Added Pin To Net: NetName=NetSRAM1_C2 Pin=U1-J22
Added Pin To Net: NetName=NetSRAM1_C5 Pin=U1-K16
Added Pin To Net: NetName=NetSRAM1_F3 Pin=U1-K18
Added Pin To Net: NetName=NetSRAM1_F2 Pin=U1-K19
Added Pin To Net: NetName=NetSRAM1_F4 Pin=U1-K21
Added Pin To Net: NetName=NetSRAM1_F5 Pin=U1-K22
Added Pin To Net: NetName=NetJ1_2 Pin=U1-L4
Added Pin To Net: NetName=NetSRAM1_C4 Pin=U1-L15
Added Pin To Net: NetName=NetSRAM1_D2 Pin=U1-L16
Added Pin To Net: NetName=NetSRAM1_D3 Pin=U1-L17
Added Pin To Net: NetName=GND_3000 Pin=U1-L18
Added Pin To Net: NetName=NetSRAM1_C6 Pin=U1-L19
Added Pin To Net: NetName=NetSRAM1_G1 Pin=U1-L20
Added Pin To Net: NetName=NetSRAM1_F6 Pin=U1-L21
Added Pin To Net: NetName=NetSRAM1_G2 Pin=U1-L22
Added Pin To Net: NetName=NetJ1_4 Pin=U1-M3
Added Pin To Net: NetName=NetSRAM1_E4 Pin=U1-M15
Added Pin To Net: NetName=NetSRAM1_D4 Pin=U1-M16
Added Pin To Net: NetName=NetSRAM1_F1 Pin=U1-M17
Added Pin To Net: NetName=VPLL_3000 Pin=U1-M18
Added Pin To Net: NetName=NetSRAM1_E2 Pin=U1-M19
Added Pin To Net: NetName=NetSRAM1_G5 Pin=U1-M20
Added Pin To Net: NetName=NetSRAM1_G3 Pin=U1-M21
Added Pin To Net: NetName=NetSRAM1_E3 Pin=U1-N16
Added Pin To Net: NetName=NetSRAM1_G6 Pin=U1-N17
Added Pin To Net: NetName=NetSRAM1_E5 Pin=U1-N18
Added Pin To Net: NetName=NetSRAM1_D5 Pin=U1-N19
Added Pin To Net: NetName=NetSRAM1_G4 Pin=U1-N21
Added Pin To Net: NetName=NetSRAM1_H2 Pin=U1-P21
Added Pin To Net: NetName=VPLL_3000 Pin=U1-R16
Added Pin To Net: NetName=NetSRAM1_H1 Pin=U1-R21
Added Pin To Net: NetName=NetSRAM1_H4 Pin=U1-R22
Added Pin To Net: NetName=GND_3000 Pin=U1-T7
Added Pin To Net: NetName=GND_3000 Pin=U1-T16
Added Pin To Net: NetName=NetSRAM1_H6 Pin=U1-T21
Added Pin To Net: NetName=NetSRAM1_H3 Pin=U1-T22
Added Pin To Net: NetName=VPLL_3000 Pin=U1-U7
Added Pin To Net: NetName=NetJ1_32 Pin=U1-U20
Added Pin To Net: NetName=NetSRAM1_H5 Pin=U1-U21
Added Pin To Net: NetName=GND_3000 Pin=U1-V6
Added Pin To Net: NetName=NetJ1_20 Pin=U1-W3
Added Pin To Net: NetName=NetJ1_19 Pin=U1-Y4
Added Pin To Net: NetName=NetCOM_Header_20 Pin=U1-Y17
Added Pin To Net: NetName=NetCOM_Header_19 Pin=U1-Y19
Added Pin To Net: NetName=3.3V Pin=U2-1
Added Pin To Net: NetName=+3V3 Pin=U2-2
Added Pin To Net: NetName=GND Pin=U2-4
Added Pin To Net: NetName=NetJ1_6 Pin=U2-8
Added Pin To Net: NetName=NetJ1_8 Pin=U5-1
Added Pin To Net: NetName=NetJ1_8 Pin=U5-3
Change Net Name : Old Net Name=3.3V New Net Name=NetR16_2
Change Net Name : Old Net Name=NetJ1_6 New Net Name=NetR15_2
Change Net Name : Old Net Name=NetJ1_8 New Net Name=NetR14_2
Change Net Name : Old Net Name=NetLED1_2 New Net Name=NetR11_1
Added Pin To Net: NetName=NetC58_2 Pin=C58-2
Added Pin To Net: NetName=NetC58_2 Pin=R17-2
Added Pin To Net: NetName=NetC58_2 Pin=T7-1
Added Pin To Net: NetName=NetC58_2 Pin=U2-5
Added Net: Name=NetC58_2
Added Pin To Net: NetName=NetJ1_17 Pin=J1-17
Added Pin To Net: NetName=NetJ1_17 Pin=U1-W22
Added Net: Name=NetJ1_17
Added Pin To Net: NetName=NetJ1_18 Pin=J1-18
Added Pin To Net: NetName=NetJ1_18 Pin=U1-W1
Added Net: Name=NetJ1_18
Added Pin To Net: NetName=NetJ1_21 Pin=J1-21
Added Pin To Net: NetName=NetJ1_21 Pin=U1-A17
Added Net: Name=NetJ1_21
Added Pin To Net: NetName=NetJ1_22 Pin=J1-22
Added Pin To Net: NetName=NetJ1_22 Pin=U1-W20
Added Net: Name=NetJ1_22
Added Pin To Net: NetName=NetJ1_23 Pin=J1-23
Added Pin To Net: NetName=NetJ1_23 Pin=U1-B17
Added Net: Name=NetJ1_23
Added Pin To Net: NetName=NetJ1_24 Pin=J1-24
Added Pin To Net: NetName=NetJ1_24 Pin=U1-W21
Added Net: Name=NetJ1_24
Added Pin To Net: NetName=NetJ1_27 Pin=J1-27
Added Pin To Net: NetName=NetJ1_27 Pin=U1-Y12
Added Net: Name=NetJ1_27
Added Pin To Net: NetName=NetJ1_28 Pin=J1-28
Added Pin To Net: NetName=NetJ1_28 Pin=U1-L6
Added Net: Name=NetJ1_28
Added Pin To Net: NetName=NetJ1_30 Pin=J1-30
Added Pin To Net: NetName=NetJ1_30 Pin=U1-L8
Added Net: Name=NetJ1_30
Added Pin To Net: NetName=NetJ1_33 Pin=J1-33
Added Pin To Net: NetName=NetJ1_33 Pin=U1-Y6
Added Net: Name=NetJ1_33
Added Pin To Net: NetName=NetJ1_34 Pin=J1-34
Added Pin To Net: NetName=NetJ1_34 Pin=U1-U22
Added Net: Name=NetJ1_34
Added Pin To Net: NetName=NetJ1_35 Pin=J1-35
Added Pin To Net: NetName=NetJ1_35 Pin=U1-Y7
Added Net: Name=NetJ1_35
Added Pin To Net: NetName=NetJ1_36 Pin=J1-36
Added Pin To Net: NetName=NetJ1_36 Pin=U1-V1
Added Net: Name=NetJ1_36
Added Pin To Net: NetName=NetJ1_37 Pin=J1-37
Added Pin To Net: NetName=NetJ1_37 Pin=U1-Y10
Added Net: Name=NetJ1_37
Added Pin To Net: NetName=NetJ1_38 Pin=J1-38
Added Pin To Net: NetName=NetJ1_38 Pin=U1-V2
Added Net: Name=NetJ1_38
Added Pin To Net: NetName=NetJ1_39 Pin=J1-39
Added Pin To Net: NetName=NetJ1_39 Pin=U1-Y11
Added Net: Name=NetJ1_39
Added Pin To Net: NetName=NetJ1_40 Pin=J1-40
Added Pin To Net: NetName=NetJ1_40 Pin=U1-V21
Added Net: Name=NetJ1_40
Added Pin To Net: NetName=NetJ1_41 Pin=J1-41
Added Pin To Net: NetName=NetJ1_41 Pin=U1-G14
Added Net: Name=NetJ1_41
Added Pin To Net: NetName=NetJ1_43 Pin=J1-43
Added Pin To Net: NetName=NetJ1_43 Pin=U1-A16
Added Net: Name=NetJ1_43
Added Pin To Net: NetName=NetJ2_3 Pin=J2-3
Added Pin To Net: NetName=NetJ2_3 Pin=U1-N2
Added Net: Name=NetJ2_3
Added Pin To Net: NetName=NetJ2_4 Pin=J2-4
Added Pin To Net: NetName=NetJ2_4 Pin=U1-P5
Added Net: Name=NetJ2_4
Added Pin To Net: NetName=NetJ2_5 Pin=J2-5
Added Pin To Net: NetName=NetJ2_5 Pin=U1-M2
Added Net: Name=NetJ2_5
Added Pin To Net: NetName=NetJ2_6 Pin=J2-6
Added Pin To Net: NetName=NetJ2_6 Pin=U1-N6
Added Net: Name=NetJ2_6
Added Pin To Net: NetName=NetJ2_7 Pin=J2-7
Added Pin To Net: NetName=NetJ2_7 Pin=U1-L2
Added Net: Name=NetJ2_7
Added Pin To Net: NetName=NetJ2_8 Pin=J2-8
Added Pin To Net: NetName=NetJ2_8 Pin=U1-K2
Added Net: Name=NetJ2_8
Added Pin To Net: NetName=NetJ2_12 Pin=J2-12
Added Pin To Net: NetName=NetJ2_12 Pin=U1-K1
Added Net: Name=NetJ2_12
Added Pin To Net: NetName=NetJ2_14 Pin=J2-14
Added Pin To Net: NetName=NetJ2_14 Pin=U1-P4
Added Net: Name=NetJ2_14
Added Pin To Net: NetName=NetJ2_21 Pin=J2-21
Added Pin To Net: NetName=NetJ2_21 Pin=U1-N4
Added Net: Name=NetJ2_21
Added Pin To Net: NetName=NetJ2_22 Pin=J2-22
Added Pin To Net: NetName=NetJ2_22 Pin=U1-M7
Added Net: Name=NetJ2_22
Added Pin To Net: NetName=NetP_GPIO_1 Pin=P_GPIO-1
Added Pin To Net: NetName=NetP_GPIO_1 Pin=U1-V5
Added Net: Name=NetP_GPIO_1
Added Pin To Net: NetName=NetP_GPIO_2 Pin=P_GPIO-2
Added Pin To Net: NetName=NetP_GPIO_2 Pin=U1-K4
Added Net: Name=NetP_GPIO_2
Added Pin To Net: NetName=NetP_GPIO_3 Pin=P_GPIO-3
Added Pin To Net: NetName=NetP_GPIO_3 Pin=U1-V4
Added Net: Name=NetP_GPIO_3
Added Pin To Net: NetName=NetP_GPIO_4 Pin=P_GPIO-4
Added Pin To Net: NetName=NetP_GPIO_4 Pin=U1-K5
Added Net: Name=NetP_GPIO_4
Added Pin To Net: NetName=NetP_GPIO_5 Pin=P_GPIO-5
Added Pin To Net: NetName=NetP_GPIO_5 Pin=U1-U5
Added Net: Name=NetP_GPIO_5
Added Pin To Net: NetName=NetP_GPIO_6 Pin=P_GPIO-6
Added Pin To Net: NetName=NetP_GPIO_6 Pin=U1-J4
Added Net: Name=NetP_GPIO_6
Added Pin To Net: NetName=NetP_GPIO_7 Pin=P_GPIO-7
Added Pin To Net: NetName=NetP_GPIO_7 Pin=U1-U4
Added Net: Name=NetP_GPIO_7
Added Pin To Net: NetName=NetP_GPIO_8 Pin=P_GPIO-8
Added Pin To Net: NetName=NetP_GPIO_8 Pin=U1-H4
Added Net: Name=NetP_GPIO_8
Added Pin To Net: NetName=NetP_GPIO_9 Pin=P_GPIO-9
Added Pin To Net: NetName=NetP_GPIO_9 Pin=U1-R7
Added Net: Name=NetP_GPIO_9
Added Pin To Net: NetName=NetP_GPIO_10 Pin=P_GPIO-10
Added Pin To Net: NetName=NetP_GPIO_10 Pin=U1-H5
Added Net: Name=NetP_GPIO_10
Added Pin To Net: NetName=NetP_GPIO_11 Pin=P_GPIO-11
Added Pin To Net: NetName=NetP_GPIO_11 Pin=U1-T6
Added Net: Name=NetP_GPIO_11
Added Pin To Net: NetName=NetP_GPIO_12 Pin=P_GPIO-12
Added Pin To Net: NetName=NetP_GPIO_12 Pin=U1-J6
Added Net: Name=NetP_GPIO_12
Added Pin To Net: NetName=NetP_GPIO_13 Pin=P_GPIO-13
Added Pin To Net: NetName=NetP_GPIO_13 Pin=U1-R6
Added Net: Name=NetP_GPIO_13
Added Pin To Net: NetName=NetP_GPIO_14 Pin=P_GPIO-14
Added Pin To Net: NetName=NetP_GPIO_14 Pin=U1-J5
Added Net: Name=NetP_GPIO_14
Added Pin To Net: NetName=NetP_GPIO_15 Pin=P_GPIO-15
Added Pin To Net: NetName=NetP_GPIO_15 Pin=U1-T5
Added Net: Name=NetP_GPIO_15
Added Pin To Net: NetName=NetP_GPIO_16 Pin=P_GPIO-16
Added Pin To Net: NetName=NetP_GPIO_16 Pin=U1-K6
Added Net: Name=NetP_GPIO_16
Added Pin To Net: NetName=NetP_GPIO_17 Pin=P_GPIO-17
Added Pin To Net: NetName=NetP_GPIO_17 Pin=U1-Y2
Added Net: Name=NetP_GPIO_17
Added Pin To Net: NetName=NetP_GPIO_18 Pin=P_GPIO-18
Added Pin To Net: NetName=NetP_GPIO_18 Pin=U1-H7
Added Net: Name=NetP_GPIO_18
Added Pin To Net: NetName=NetP_GPIO_19 Pin=P_GPIO-19
Added Pin To Net: NetName=NetP_GPIO_19 Pin=U1-W2
Added Net: Name=NetP_GPIO_19
Added Pin To Net: NetName=NetP_GPIO_20 Pin=P_GPIO-20
Added Pin To Net: NetName=NetP_GPIO_20 Pin=U1-J7
Added Net: Name=NetP_GPIO_20
Added Pin To Net: NetName=NetP_GPIO_21 Pin=P_GPIO-21
Added Pin To Net: NetName=NetP_GPIO_21 Pin=U1-U2
Added Net: Name=NetP_GPIO_21
Added Pin To Net: NetName=NetP_GPIO_22 Pin=P_GPIO-22
Added Pin To Net: NetName=NetP_GPIO_22 Pin=U1-G1
Added Net: Name=NetP_GPIO_22
Added Pin To Net: NetName=NetP_GPIO_23 Pin=P_GPIO-23
Added Pin To Net: NetName=NetP_GPIO_23 Pin=U1-U1
Added Net: Name=NetP_GPIO_23
Added Pin To Net: NetName=NetP_GPIO_24 Pin=P_GPIO-24
Added Pin To Net: NetName=NetP_GPIO_24 Pin=U1-G2
Added Net: Name=NetP_GPIO_24
Added Pin To Net: NetName=NetP_GPIO_25 Pin=P_GPIO-25
Added Pin To Net: NetName=NetP_GPIO_25 Pin=U1-T4
Added Net: Name=NetP_GPIO_25
Added Pin To Net: NetName=NetP_GPIO_26 Pin=P_GPIO-26
Added Pin To Net: NetName=NetP_GPIO_26 Pin=U1-G4
Added Net: Name=NetP_GPIO_26
Added Pin To Net: NetName=NetP_GPIO_27 Pin=P_GPIO-27
Added Pin To Net: NetName=NetP_GPIO_27 Pin=U1-R4
Added Net: Name=NetP_GPIO_27
Added Pin To Net: NetName=NetP_GPIO_28 Pin=P_GPIO-28
Added Pin To Net: NetName=NetP_GPIO_28 Pin=U1-G5
Added Net: Name=NetP_GPIO_28
Added Pin To Net: NetName=NetP_GPIO_29 Pin=P_GPIO-29
Added Pin To Net: NetName=NetP_GPIO_29 Pin=U1-R5
Added Net: Name=NetP_GPIO_29
Added Pin To Net: NetName=NetP_GPIO_30 Pin=P_GPIO-30
Added Pin To Net: NetName=NetP_GPIO_30 Pin=U1-H6
Added Net: Name=NetP_GPIO_30
Added Pin To Net: NetName=NetP_GPIO_31 Pin=P_GPIO-31
Added Pin To Net: NetName=NetP_GPIO_31 Pin=U1-P6
Added Net: Name=NetP_GPIO_31
Added Pin To Net: NetName=NetP_GPIO_32 Pin=P_GPIO-32
Added Pin To Net: NetName=NetP_GPIO_32 Pin=U1-G6
Added Net: Name=NetP_GPIO_32
Added Pin To Net: NetName=NetP_GPIO_33 Pin=P_GPIO-33
Added Pin To Net: NetName=NetP_GPIO_33 Pin=U1-T2
Added Net: Name=NetP_GPIO_33
Added Pin To Net: NetName=NetP_GPIO_34 Pin=P_GPIO-34
Added Pin To Net: NetName=NetP_GPIO_34 Pin=U1-F4
Added Net: Name=NetP_GPIO_34
Added Pin To Net: NetName=NetP_GPIO_35 Pin=P_GPIO-35
Added Pin To Net: NetName=NetP_GPIO_35 Pin=U1-T1
Added Net: Name=NetP_GPIO_35
Added Pin To Net: NetName=NetP_GPIO_36 Pin=P_GPIO-36
Added Pin To Net: NetName=NetP_GPIO_36 Pin=U1-E4
Added Net: Name=NetP_GPIO_36
Added Pin To Net: NetName=NetP_GPIO_37 Pin=P_GPIO-37
Added Pin To Net: NetName=NetP_GPIO_37 Pin=U1-P3
Added Net: Name=NetP_GPIO_37
Added Pin To Net: NetName=NetP_GPIO_38 Pin=P_GPIO-38
Added Pin To Net: NetName=NetP_GPIO_38 Pin=U1-F5
Added Net: Name=NetP_GPIO_38
Added Pin To Net: NetName=NetP_GPIO_39 Pin=P_GPIO-39
Added Pin To Net: NetName=NetP_GPIO_39 Pin=U1-P2
Added Net: Name=NetP_GPIO_39
Added Pin To Net: NetName=NetP_GPIO_40 Pin=P_GPIO-40
Added Pin To Net: NetName=NetP_GPIO_40 Pin=U1-E5
Added Net: Name=NetP_GPIO_40
Added Pin To Net: NetName=NetR10_1 Pin=R10-1
Added Net: Name=NetR10_1
Change Class Name : Old Net Name=Core New Net Name=Memory
Added Member To Class: ClassName=Power Member=Component C58 Capacitor 22µF +/-40% 16V 0805
Added Member To Class: ClassName=FPGABanks Member=Component C? 10nF
Added Member To Class: ClassName=FPGABanks Member=Component C? 100nF
Added Member To Class: ClassName=GPIO_Headers Member=Component P_GPIO Header 20X2
Added Member To Class: ClassName=FPGABanks Member=Component R12 0R
Added Member To Class: ClassName=FPGABanks Member=Component R13 0R
Added Member To Class: ClassName=Power Member=Component R14 CRCW06030000Z0EA
Added Member To Class: ClassName=Power Member=Component R15 CRCW06030000Z0EA
Added Member To Class: ClassName=Power Member=Component R16 CRCW06030000Z0EA
Added Member To Class: ClassName=Power Member=Component R17 CRCW06030000Z0EA
Added Member To Class: ClassName=Power Member=Component T7 5015
Added Member To Class: ClassName=Power Member=Component U2 LT6105IMS8#PBF
