Removed Pin From Net: NetName=NetR16_2 Pin=U2-1
Removed Pin From Net: NetName=+3.3V Pin=U2-2
Removed Pin From Net: NetName=GND Pin=U2-4
Removed Pin From Net: NetName=NetC58_2 Pin=U2-5
Removed Pin From Net: NetName=NetR15_2 Pin=U2-8
Removed Member From Class: ClassName=Power Member=U2
Added Component: Designator=CurrentSensing(SOP65P640X120-8N)
Add component (AddParameter): Name = "Datasheet Link"; Value = "http://www.ti.com/lit/gpn/ina138-q1"; VariantName = "[No Variations]"
Add component (AddParameter): Name = "Height"; Value = "1.2mm"; VariantName = "[No Variations]"
Add component (AddParameter): Name = "Manufacturer_Name"; Value = "Texas Instruments"; VariantName = "[No Variations]"
Add component (AddParameter): Name = "Manufacturer_Part_Number"; Value = "INA138QPWRQ1"; VariantName = "[No Variations]"
Add component (AddParameter): Name = "Mouser2 Part Number"; Value = "595-INA138QPWRQ1"; VariantName = "[No Variations]"
Add component (AddParameter): Name = "Mouser2 Price/Stock"; Value = "https://www.mouser.com/Search/Refine.aspx?Keyword=595-INA138QPWRQ1"; VariantName = "[No Variations]"
Added Pin To Net: NetName=NetR16_2 Pin=CurrentSensing-1
Added Pin To Net: NetName=NetR15_2 Pin=CurrentSensing-2
Added Pin To Net: NetName=GND Pin=CurrentSensing-4
Added Pin To Net: NetName=NetC58_2 Pin=CurrentSensing-6
Added Pin To Net: NetName=+3.3V Pin=CurrentSensing-8
Change Net Name : Old Net Name=NetR15_2 New Net Name=NetCurrentSensing_2
Change Net Name : Old Net Name=NetR16_2 New Net Name=NetCurrentSensing_1
Added Member To Class: ClassName=Power Member=Component CurrentSensing INA138QPWRQ1
