Added Component: Designator=R24(RESC2013X84N)
Add component (AddParameter): Name = "Datasheet Link"; Value = "https://www.mouser.co.uk/datasheet/2/427/ptn-1763593.pdf"; VariantName = "[No Variations]"
Add component (AddParameter): Name = "Height"; Value = "0.838mm"; VariantName = "[No Variations]"
Add component (AddParameter): Name = "Manufacturer_Name"; Value = "Vishay"; VariantName = "[No Variations]"
Add component (AddParameter): Name = "Manufacturer_Part_Number"; Value = "PTN0805Y1002BST1"; VariantName = "[No Variations]"
Add component (AddParameter): Name = "Mouser2 Part Number"; Value = ""; VariantName = "[No Variations]"
Add component (AddParameter): Name = "Mouser2 Price/Stock"; Value = ""; VariantName = "[No Variations]"
Added Component: Designator=R25(RESC2013X84N)
Add component (AddParameter): Name = "Datasheet Link"; Value = "https://www.mouser.co.uk/datasheet/2/427/ptn-1763593.pdf"; VariantName = "[No Variations]"
Add component (AddParameter): Name = "Height"; Value = "0.838mm"; VariantName = "[No Variations]"
Add component (AddParameter): Name = "Manufacturer_Name"; Value = "Vishay"; VariantName = "[No Variations]"
Add component (AddParameter): Name = "Manufacturer_Part_Number"; Value = "PTN0805Y1002BST1"; VariantName = "[No Variations]"
Add component (AddParameter): Name = "Mouser2 Part Number"; Value = ""; VariantName = "[No Variations]"
Add component (AddParameter): Name = "Mouser2 Price/Stock"; Value = ""; VariantName = "[No Variations]"
Added Component: Designator=TempSensor(TMP144YFFT)
Add component (AddParameter): Name = "Datasheet Link"; Value = "http://www.ti.com/lit/ds/symlink/tmp144.pdf"; VariantName = "[No Variations]"
Add component (AddParameter): Name = "Height"; Value = "0.625mm"; VariantName = "[No Variations]"
Add component (AddParameter): Name = "Manufacturer_Name"; Value = "Texas Instruments"; VariantName = "[No Variations]"
Add component (AddParameter): Name = "Manufacturer_Part_Number"; Value = "TMP144YFFT"; VariantName = "[No Variations]"
Add component (AddParameter): Name = "Mouser2 Part Number"; Value = ""; VariantName = "[No Variations]"
Add component (AddParameter): Name = "Mouser2 Price/Stock"; Value = ""; VariantName = "[No Variations]"
Added Pin To Net: NetName=+3.3V Pin=R24-1
Added Pin To Net: NetName=NetP_GPIO_1 Pin=R24-2
Added Pin To Net: NetName=+3.3V Pin=R25-1
Added Pin To Net: NetName=NetP_GPIO_2 Pin=R25-2
Added Pin To Net: NetName=+3.3V Pin=TempSensor-A1
Added Pin To Net: NetName=GND Pin=TempSensor-A2
Added Pin To Net: NetName=NetP_GPIO_1 Pin=TempSensor-B1
Added Pin To Net: NetName=NetP_GPIO_2 Pin=TempSensor-B2
Added Class: Name=Housekeeping
