Removed Pin From Net: NetName=NetJ1_5 Pin=J1-5
Removed Pin From Net: NetName=NetJ1_7 Pin=J1-7
Removed Pin From Net: NetName=NetJ1_9 Pin=J1-9
Removed Pin From Net: NetName=NetJ1_11 Pin=J1-11
Removed Pin From Net: NetName=NetJ1_46 Pin=J1-46
Removed Pin From Net: NetName=NetJ2_20 Pin=J2-20
Removed Pin From Net: NetName=NetJ1_46 Pin=R5-1
Removed Pin From Net: NetName=NetJ1_46 Pin=U1-E8
Change Component Footprint: Designator=J4 Old Footprint=61301011121 New Footprint=61300111121
Change Component Comment : Designator=J4 Old Comment=61301011121 New Comment=61300111121
Change Component Designator: OldDesignator=J_ICSP? NewDesignator=J_ICSP1
Change Managed Component Library Link : Designator=J4 Old VaultGUID=B7D15EC3-160A-466F-A46C-7801FE6295A7 New VaultGUID=B7D15EC3-160A-466F-A46C-7801FE6295A7 Old ItemGUID=BB633DE0-B74F-407E-BEC6-BACEBA6817E9 New ItemGUID=2009FDDC-A3A7-4D90-98B6-8853ED899228 Old RevisionGUID=046B51E8-4B26-451E-B5F5-0ACFBF6609E0 New RevisionGUID=50199FFB-CDD7-40B1-9CD1-F6D3E8A5CBD8
Change component parameters: Designator = "J4" ("J4"); Footprint = "61301011121"; UniqueID = "\AWLJDQZK" ("\AWLJDQZK")
Change component parameters (AddParameter): Name = "Contact Resistance"; Value = "20mOhm"; VariantName = "[No Variations]"
Change component parameters (AddParameter): Name = "Datasheet URL"; Value = "https://katalog.we-online.de/em/datasheet/6130xx11121.pdf"; VariantName = "[No Variations]"
Change component parameters (AddParameter): Name = "Gender"; Value = "Male"; VariantName = "[No Variations]"
Change component parameters (AddParameter): Name = "Manufacturer"; Value = "Wurth Elektronik"; VariantName = "[No Variations]"
Change component parameters (AddParameter): Name = "Manufacturer URL"; Value = "http://www.we-online.de"; VariantName = "[No Variations]"
Change component parameters (AddParameter): Name = "Mounting Technology"; Value = "THT"; VariantName = "[No Variations]"
Change component parameters (AddParameter): Name = "Operating Temperature"; Value = "-40to105degC"; VariantName = "[No Variations]"
Change component parameters (AddParameter): Name = "Orientation"; Value = "Vertical"; VariantName = "[No Variations]"
Change component parameters (AddParameter): Name = "Package Reference"; Value = "61300111121"; VariantName = "[No Variations]"
Change component parameters (AddParameter): Name = "Packaging"; Value = "Bag"; VariantName = "[No Variations]"
Change component parameters (AddParameter): Name = "Part Number"; Value = "61300111121"; VariantName = "[No Variations]"
Change component parameters (AddParameter): Name = "Pin Number"; Value = "1"; VariantName = "[No Variations]"
Change component parameters (AddParameter): Name = "Pitch"; Value = "2.54mm"; VariantName = "[No Variations]"
Change component parameters (AddParameter): Name = "Publisher"; Value = "WurthElektronik"; VariantName = "[No Variations]"
Change component parameters (AddParameter): Name = "Rated Current"; Value = "3A"; VariantName = "[No Variations]"
Change component parameters (AddParameter): Name = "Row Number"; Value = "Single"; VariantName = "[No Variations]"
Change component parameters (AddParameter): Name = "Withstanding Voltage"; Value = "500VAC"; VariantName = "[No Variations]"
Change component parameters (AddParameter): Name = "Working Voltage"; Value = "250VAC"; VariantName = "[No Variations]"
Added Pin To Net: NetName=NetJ2_20 Pin=J3-7
Added Pin To Net: NetName=NetJ1_46 Pin=J3-8
Added Pin To Net: NetName=NetJ1_11 Pin=J3-9
Added Pin To Net: NetName=NetJ1_9 Pin=J3-10
Added Pin To Net: NetName=NetJ1_7 Pin=J4-1
Added Pin To Net: NetName=NetJ2_20 Pin=PIC1-11
Added Pin To Net: NetName=NetJ1_46 Pin=PIC1-12
Added Pin To Net: NetName=NetJ1_11 Pin=PIC1-16
Added Pin To Net: NetName=NetJ1_9 Pin=PIC1-17
Added Pin To Net: NetName=NetJ1_7 Pin=PIC1-18
Added Pin To Net: NetName=NetJ1_5 Pin=R5-1
Added Pin To Net: NetName=NetJ1_5 Pin=U1-E8
Change Net Name : Old Net Name=NetJ1_5 New Net Name=NetR5_1
Change Net Name : Old Net Name=NetJ1_7 New Net Name=NetJ4_1
Change Net Name : Old Net Name=NetJ1_9 New Net Name=NetJ3_10
Change Net Name : Old Net Name=NetJ1_11 New Net Name=NetJ3_9
Change Net Name : Old Net Name=NetJ1_46 New Net Name=NetJ3_8
Change Net Name : Old Net Name=NetJ2_20 New Net Name=NetJ3_7
Change Net Name : Old Net Name=NetJ_ICSP?_1 New Net Name=NetJ_ICSP1_1
Change Net Name : Old Net Name=NetJ_ICSP?_4 New Net Name=NetJ_ICSP1_4
Change Net Name : Old Net Name=NetJ_ICSP?_5 New Net Name=NetJ_ICSP1_5
Added Pin To Net: NetName=NetJ3_1 Pin=J3-1
Added Pin To Net: NetName=NetJ3_1 Pin=PIC1-10
Added Net: Name=NetJ3_1
Added Pin To Net: NetName=NetJ3_2 Pin=J3-2
Added Pin To Net: NetName=NetJ3_2 Pin=PIC1-9
Added Net: Name=NetJ3_2
Added Pin To Net: NetName=NetJ3_3 Pin=J3-3
Added Pin To Net: NetName=NetJ3_3 Pin=PIC1-21
Added Net: Name=NetJ3_3
Added Pin To Net: NetName=NetJ3_4 Pin=J3-4
Added Pin To Net: NetName=NetJ3_4 Pin=PIC1-22
Added Net: Name=NetJ3_4
Added Pin To Net: NetName=NetJ3_5 Pin=J3-5
Added Pin To Net: NetName=NetJ3_5 Pin=PIC1-23
Added Net: Name=NetJ3_5
Added Pin To Net: NetName=NetJ3_6 Pin=J3-6
Added Pin To Net: NetName=NetJ3_6 Pin=PIC1-26
Added Net: Name=NetJ3_6
