Removed Pin From Net: NetName=NetR2_2 Pin=R3-1
Removed Pin From Net: NetName=NetR3_2 Pin=R3-2
Removed Pin From Net: NetName=NetR3_2 Pin=R4-1
Removed Pin From Net: NetName=5Vmeas Pin=R4-2
Removed Pin From Net: NetName=GND Pin=U1-A1
Removed Pin From Net: NetName=GND Pin=U1-A2
Removed Pin From Net: NetName=3.3V_IN Pin=U1-A3
Removed Pin From Net: NetName=3.3V_IN Pin=U1-A20
Removed Pin From Net: NetName=GND Pin=U1-A21
Removed Pin From Net: NetName=GND Pin=U1-A22
Removed Pin From Net: NetName=GND Pin=U1-AA1
Removed Pin From Net: NetName=3.3V_IN Pin=U1-AA2
Removed Pin From Net: NetName=3.3V_IN Pin=U1-AA21
Removed Pin From Net: NetName=GND Pin=U1-AA22
Removed Pin From Net: NetName=GND Pin=U1-AB1
Removed Pin From Net: NetName=GND Pin=U1-AB2
Removed Pin From Net: NetName=3.3V_IN Pin=U1-AB3
Removed Pin From Net: NetName=3.3V_IN Pin=U1-AB20
Removed Pin From Net: NetName=GND Pin=U1-AB21
Removed Pin From Net: NetName=GND Pin=U1-AB22
Removed Pin From Net: NetName=GND Pin=U1-B1
Removed Pin From Net: NetName=3.3V_IN Pin=U1-B2
Removed Pin From Net: NetName=3.3V_IN Pin=U1-B21
Removed Pin From Net: NetName=GND Pin=U1-B22
Removed Pin From Net: NetName=3.3V_IN Pin=U1-C1
Removed Pin From Net: NetName=GND Pin=U1-C5
Removed Pin From Net: NetName=+1.5V Pin=U1-C8
Removed Pin From Net: NetName=+1.5V Pin=U1-C9
Removed Pin From Net: NetName=+1.5V Pin=U1-C14
Removed Pin From Net: NetName=+1.5V Pin=U1-C15
Removed Pin From Net: NetName=GND Pin=U1-C18
Removed Pin From Net: NetName=3.3V_IN Pin=U1-C22
Removed Pin From Net: NetName=GND Pin=U1-D4
Removed Pin From Net: NetName=GND Pin=U1-D19
Removed Pin From Net: NetName=GND Pin=U1-E3
Removed Pin From Net: NetName=GND Pin=U1-E6
Removed Pin From Net: NetName=GND Pin=U1-E20
Removed Pin From Net: NetName=3.3V_IN Pin=U1-F6
Removed Pin From Net: NetName=3.3V_IN Pin=U1-F17
Removed Pin From Net: NetName=GND Pin=U1-G8
Removed Pin From Net: NetName=GND Pin=U1-G15
Removed Pin From Net: NetName=+1.5V Pin=U1-H3
Removed Pin From Net: NetName=3.3V_IN Pin=U1-H8
Removed Pin From Net: NetName=3.3V_IN Pin=U1-H9
Removed Pin From Net: NetName=3.3V_IN Pin=U1-H10
Removed Pin From Net: NetName=3.3V_IN Pin=U1-H13
Removed Pin From Net: NetName=3.3V_IN Pin=U1-H14
Removed Pin From Net: NetName=3.3V_IN Pin=U1-H15
Removed Pin From Net: NetName=+1.5V Pin=U1-H20
Removed Pin From Net: NetName=3.3V_IN Pin=U1-J8
Removed Pin From Net: NetName=GND Pin=U1-J9
Removed Pin From Net: NetName=+1.5V Pin=U1-J10
Removed Pin From Net: NetName=+1.5V Pin=U1-J11
Removed Pin From Net: NetName=+1.5V Pin=U1-J12
Removed Pin From Net: NetName=+1.5V Pin=U1-J13
Removed Pin From Net: NetName=GND Pin=U1-J14
Removed Pin From Net: NetName=3.3V_IN Pin=U1-J15
Removed Pin From Net: NetName=3.3V_IN Pin=U1-K8
Removed Pin From Net: NetName=+1.5V Pin=U1-K9
Removed Pin From Net: NetName=GND Pin=U1-K10
Removed Pin From Net: NetName=GND Pin=U1-K11
Removed Pin From Net: NetName=GND Pin=U1-K12
Removed Pin From Net: NetName=GND Pin=U1-K13
Removed Pin From Net: NetName=+1.5V Pin=U1-K14
Removed Pin From Net: NetName=3.3V_IN Pin=U1-K15
Removed Pin From Net: NetName=GND Pin=U1-L7
Removed Pin From Net: NetName=+1.5V Pin=U1-L9
Removed Pin From Net: NetName=GND Pin=U1-L10
Removed Pin From Net: NetName=GND Pin=U1-L11
Removed Pin From Net: NetName=GND Pin=U1-L12
Removed Pin From Net: NetName=GND Pin=U1-L13
Removed Pin From Net: NetName=+1.5V Pin=U1-L14
Removed Pin From Net: NetName=VPLL Pin=U1-M6
Removed Pin From Net: NetName=+1.5V Pin=U1-M9
Removed Pin From Net: NetName=GND Pin=U1-M10
Removed Pin From Net: NetName=GND Pin=U1-M11
Removed Pin From Net: NetName=GND Pin=U1-M12
Removed Pin From Net: NetName=GND Pin=U1-M13
Removed Pin From Net: NetName=+1.5V Pin=U1-M14
Removed Pin From Net: NetName=3.3V_IN Pin=U1-N8
Removed Pin From Net: NetName=+1.5V Pin=U1-N9
Removed Pin From Net: NetName=GND Pin=U1-N10
Removed Pin From Net: NetName=GND Pin=U1-N11
Removed Pin From Net: NetName=GND Pin=U1-N12
Removed Pin From Net: NetName=GND Pin=U1-N13
Removed Pin From Net: NetName=+1.5V Pin=U1-N14
Removed Pin From Net: NetName=3.3V_IN Pin=U1-N15
Removed Pin From Net: NetName=3.3V_IN Pin=U1-P8
Removed Pin From Net: NetName=GND Pin=U1-P9
Removed Pin From Net: NetName=+1.5V Pin=U1-P10
Removed Pin From Net: NetName=+1.5V Pin=U1-P11
Removed Pin From Net: NetName=+1.5V Pin=U1-P12
Removed Pin From Net: NetName=+1.5V Pin=U1-P13
Removed Pin From Net: NetName=GND Pin=U1-P14
Removed Pin From Net: NetName=3.3V_IN Pin=U1-P15
Removed Pin From Net: NetName=+1.5V Pin=U1-R3
Removed Pin From Net: NetName=3.3V_IN Pin=U1-R8
Removed Pin From Net: NetName=3.3V_IN Pin=U1-R9
Removed Pin From Net: NetName=3.3V_IN Pin=U1-R10
Removed Pin From Net: NetName=3.3V_IN Pin=U1-R13
Removed Pin From Net: NetName=3.3V_IN Pin=U1-R14
Removed Pin From Net: NetName=3.3V_IN Pin=U1-R15
Removed Pin From Net: NetName=+1.5V Pin=U1-R20
Removed Pin From Net: NetName=GND Pin=U1-T8
Removed Pin From Net: NetName=GND Pin=U1-T15
Removed Pin From Net: NetName=+3.3V_JTAG Pin=U1-T17
Removed Pin From Net: NetName=3.3V_IN Pin=U1-U6
Removed Pin From Net: NetName=3.3V_IN Pin=U1-U15
Removed Pin From Net: NetName=NetU1_U16 Pin=U1-U16
Removed Pin From Net: NetName=+3.3V_VPUMP Pin=U1-U17
Removed Pin From Net: NetName=NetU1_U18 Pin=U1-U18
Removed Pin From Net: NetName=GND Pin=U1-V3
Removed Pin From Net: NetName=NetU1_V17 Pin=U1-V17
Removed Pin From Net: NetName=GND Pin=U1-V18
Removed Pin From Net: NetName=NetU1_V19 Pin=U1-V19
Removed Pin From Net: NetName=GND Pin=U1-V20
Removed Pin From Net: NetName=GND Pin=U1-W4
Removed Pin From Net: NetName=NetU1_W18 Pin=U1-W18
Removed Pin From Net: NetName=GND Pin=U1-W19
Removed Pin From Net: NetName=3.3V_IN Pin=U1-Y1
Removed Pin From Net: NetName=GND Pin=U1-Y5
Removed Pin From Net: NetName=+1.5V Pin=U1-Y8
Removed Pin From Net: NetName=+1.5V Pin=U1-Y9
Removed Pin From Net: NetName=+1.5V Pin=U1-Y14
Removed Pin From Net: NetName=+1.5V Pin=U1-Y15
Removed Pin From Net: NetName=GND Pin=U1-Y18
Removed Pin From Net: NetName=3.3V_IN Pin=U1-Y22
Removed Member From Class: ClassName=Power Member=SRAM
Change Component Designator: OldDesignator=U3 NewDesignator=PIC
Added Pin To Net: NetName=3.3V_IN Pin=R3-1
Added Pin To Net: NetName=NetR2_2 Pin=R3-1
Added Pin To Net: NetName=NetR3_2 Pin=R3-2
Added Pin To Net: NetName=NetR3_2 Pin=R4-1
Added Pin To Net: NetName=NetR4_1 Pin=R4-1
Added Pin To Net: NetName=5Vmeas Pin=R4-2
Added Pin To Net: NetName=GND Pin=U1-A1
Added Pin To Net: NetName=GND Pin=U1-A2
Added Pin To Net: NetName=3.3V_IN Pin=U1-A3
Added Pin To Net: NetName=3.3V_IN Pin=U1-A20
Added Pin To Net: NetName=GND Pin=U1-A21
Added Pin To Net: NetName=GND Pin=U1-A22
Added Pin To Net: NetName=GND Pin=U1-AA1
Added Pin To Net: NetName=3.3V_IN Pin=U1-AA2
Added Pin To Net: NetName=3.3V_IN Pin=U1-AA21
Added Pin To Net: NetName=GND Pin=U1-AA22
Added Pin To Net: NetName=GND Pin=U1-AB1
Added Pin To Net: NetName=GND Pin=U1-AB2
Added Pin To Net: NetName=3.3V_IN Pin=U1-AB3
Added Pin To Net: NetName=3.3V_IN Pin=U1-AB20
Added Pin To Net: NetName=GND Pin=U1-AB21
Added Pin To Net: NetName=GND Pin=U1-AB22
Added Pin To Net: NetName=GND Pin=U1-B1
Added Pin To Net: NetName=3.3V_IN Pin=U1-B2
Added Pin To Net: NetName=3.3V_IN Pin=U1-B21
Added Pin To Net: NetName=GND Pin=U1-B22
Added Pin To Net: NetName=3.3V_IN Pin=U1-C1
Added Pin To Net: NetName=GND Pin=U1-C5
Added Pin To Net: NetName=+1.5V Pin=U1-C8
Added Pin To Net: NetName=+1.5V Pin=U1-C9
Added Pin To Net: NetName=+1.5V Pin=U1-C14
Added Pin To Net: NetName=+1.5V Pin=U1-C15
Added Pin To Net: NetName=GND Pin=U1-C18
Added Pin To Net: NetName=3.3V_IN Pin=U1-C22
Added Pin To Net: NetName=GND Pin=U1-D4
Added Pin To Net: NetName=GND Pin=U1-D19
Added Pin To Net: NetName=GND Pin=U1-E3
Added Pin To Net: NetName=GND Pin=U1-E6
Added Pin To Net: NetName=GND Pin=U1-E20
Added Pin To Net: NetName=3.3V_IN Pin=U1-F6
Added Pin To Net: NetName=3.3V_IN Pin=U1-F17
Added Pin To Net: NetName=GND Pin=U1-G8
Added Pin To Net: NetName=GND Pin=U1-G15
Added Pin To Net: NetName=+1.5V Pin=U1-H3
Added Pin To Net: NetName=3.3V_IN Pin=U1-H8
Added Pin To Net: NetName=3.3V_IN Pin=U1-H9
Added Pin To Net: NetName=3.3V_IN Pin=U1-H10
Added Pin To Net: NetName=3.3V_IN Pin=U1-H13
Added Pin To Net: NetName=3.3V_IN Pin=U1-H14
Added Pin To Net: NetName=3.3V_IN Pin=U1-H15
Added Pin To Net: NetName=+1.5V Pin=U1-H20
Added Pin To Net: NetName=3.3V_IN Pin=U1-J8
Added Pin To Net: NetName=GND Pin=U1-J9
Added Pin To Net: NetName=+1.5V Pin=U1-J10
Added Pin To Net: NetName=+1.5V Pin=U1-J11
Added Pin To Net: NetName=+1.5V Pin=U1-J12
Added Pin To Net: NetName=+1.5V Pin=U1-J13
Added Pin To Net: NetName=GND Pin=U1-J14
Added Pin To Net: NetName=3.3V_IN Pin=U1-J15
Added Pin To Net: NetName=3.3V_IN Pin=U1-K8
Added Pin To Net: NetName=+1.5V Pin=U1-K9
Added Pin To Net: NetName=GND Pin=U1-K10
Added Pin To Net: NetName=GND Pin=U1-K11
Added Pin To Net: NetName=GND Pin=U1-K12
Added Pin To Net: NetName=GND Pin=U1-K13
Added Pin To Net: NetName=+1.5V Pin=U1-K14
Added Pin To Net: NetName=3.3V_IN Pin=U1-K15
Added Pin To Net: NetName=GND Pin=U1-L7
Added Pin To Net: NetName=+1.5V Pin=U1-L9
Added Pin To Net: NetName=GND Pin=U1-L10
Added Pin To Net: NetName=GND Pin=U1-L11
Added Pin To Net: NetName=GND Pin=U1-L12
Added Pin To Net: NetName=GND Pin=U1-L13
Added Pin To Net: NetName=+1.5V Pin=U1-L14
Added Pin To Net: NetName=VPLL Pin=U1-M6
Added Pin To Net: NetName=+1.5V Pin=U1-M9
Added Pin To Net: NetName=GND Pin=U1-M10
Added Pin To Net: NetName=GND Pin=U1-M11
Added Pin To Net: NetName=GND Pin=U1-M12
Added Pin To Net: NetName=GND Pin=U1-M13
Added Pin To Net: NetName=+1.5V Pin=U1-M14
Added Pin To Net: NetName=3.3V_IN Pin=U1-N8
Added Pin To Net: NetName=+1.5V Pin=U1-N9
Added Pin To Net: NetName=GND Pin=U1-N10
Added Pin To Net: NetName=GND Pin=U1-N11
Added Pin To Net: NetName=GND Pin=U1-N12
Added Pin To Net: NetName=GND Pin=U1-N13
Added Pin To Net: NetName=+1.5V Pin=U1-N14
Added Pin To Net: NetName=3.3V_IN Pin=U1-N15
Added Pin To Net: NetName=3.3V_IN Pin=U1-P8
Added Pin To Net: NetName=GND Pin=U1-P9
Added Pin To Net: NetName=+1.5V Pin=U1-P10
Added Pin To Net: NetName=+1.5V Pin=U1-P11
Added Pin To Net: NetName=+1.5V Pin=U1-P12
Added Pin To Net: NetName=+1.5V Pin=U1-P13
Added Pin To Net: NetName=GND Pin=U1-P14
Added Pin To Net: NetName=3.3V_IN Pin=U1-P15
Added Pin To Net: NetName=+1.5V Pin=U1-R3
Added Pin To Net: NetName=3.3V_IN Pin=U1-R8
Added Pin To Net: NetName=3.3V_IN Pin=U1-R9
Added Pin To Net: NetName=3.3V_IN Pin=U1-R10
Added Pin To Net: NetName=3.3V_IN Pin=U1-R13
Added Pin To Net: NetName=3.3V_IN Pin=U1-R14
Added Pin To Net: NetName=3.3V_IN Pin=U1-R15
Added Pin To Net: NetName=+1.5V Pin=U1-R20
Added Pin To Net: NetName=GND Pin=U1-T8
Added Pin To Net: NetName=GND Pin=U1-T15
Added Pin To Net: NetName=+3.3V_JTAG Pin=U1-T17
Added Pin To Net: NetName=3.3V_IN Pin=U1-U6
Added Pin To Net: NetName=3.3V_IN Pin=U1-U15
Added Pin To Net: NetName=NetU1_U16 Pin=U1-U16
Added Pin To Net: NetName=+3.3V_VPUMP Pin=U1-U17
Added Pin To Net: NetName=NetU1_U18 Pin=U1-U18
Added Pin To Net: NetName=GND Pin=U1-V3
Added Pin To Net: NetName=NetU1_V17 Pin=U1-V17
Added Pin To Net: NetName=GND Pin=U1-V18
Added Pin To Net: NetName=NetU1_V19 Pin=U1-V19
Added Pin To Net: NetName=GND Pin=U1-V20
Added Pin To Net: NetName=GND Pin=U1-W4
Added Pin To Net: NetName=NetU1_W18 Pin=U1-W18
Added Pin To Net: NetName=GND Pin=U1-W19
Added Pin To Net: NetName=3.3V_IN Pin=U1-Y1
Added Pin To Net: NetName=GND Pin=U1-Y5
Added Pin To Net: NetName=+1.5V Pin=U1-Y8
Added Pin To Net: NetName=+1.5V Pin=U1-Y9
Added Pin To Net: NetName=+1.5V Pin=U1-Y14
Added Pin To Net: NetName=+1.5V Pin=U1-Y15
Added Pin To Net: NetName=GND Pin=U1-Y18
Added Pin To Net: NetName=3.3V_IN Pin=U1-Y22
Change Net Name : Old Net Name=NetR23_2 New Net Name=NetPIC_1
Added Member To Class: ClassName=Power Member=Component U2 TL431CDR
Added Room: Name=Core
Added Room: Name=FPGABanks
Added Room: Name=FPGAMisc
Added Room: Name=FPGAPower
Added Room: Name=Housekeeping
Added Room: Name=Interface
Added Room: Name=Power
