Removed Pin From Net: NetName=NetR2_2 Pin=R3-1
Removed Pin From Net: NetName=NetR3_2 Pin=R3-2
Removed Pin From Net: NetName=NetR3_2 Pin=R4-1
Removed Pin From Net: NetName=5Vmeas Pin=R4-2
Removed Pin From Net: NetName=SPI4_SS2 Pin=U2-7
Removed Pin From Net: NetName=SPI4_SO Pin=U2-8
Change Component Designator: OldDesignator=ST? NewDesignator=ST1
Added Component: Designator=ST2(PTH-M2D5X5)
Add component (AddParameter): Name = "Pins"; Value = "1"; VariantName = "[No Variations]"
Added Component: Designator=ST3(PTH-M2D5X5)
Add component (AddParameter): Name = "Pins"; Value = "1"; VariantName = "[No Variations]"
Added Component: Designator=ST4(PTH-M2D5X5)
Add component (AddParameter): Name = "Pins"; Value = "1"; VariantName = "[No Variations]"
Added Pin To Net: NetName=3.3V Pin=R3-1
Added Pin To Net: NetName=NetR2_2 Pin=R3-1
Added Pin To Net: NetName=NetR3_2 Pin=R3-2
Added Pin To Net: NetName=NetR3_2 Pin=R4-1
Added Pin To Net: NetName=NetR4_1 Pin=R4-1
Added Pin To Net: NetName=5Vmeas Pin=R4-2
Added Pin To Net: NetName=mem_HOLD Pin=U2-1
Added Pin To Net: NetName=3.3Vpic Pin=U2-2
Added Pin To Net: NetName=GND Pin=U2-7
Added Pin To Net: NetName=SPI4_SS2 Pin=U2-7
Added Pin To Net: NetName=NetR2A_1 Pin=U2-8
Added Pin To Net: NetName=SPI4_SO Pin=U2-8
Added Member To Class: ClassName=Power Member=Component ST2 PTH-M2D5X5
Added Member To Class: ClassName=Power Member=Component ST3 PTH-M2D5X5
Added Member To Class: ClassName=Power Member=Component ST4 PTH-M2D5X5
