Removed Pin From Net: NetName=GND Pin=C1-1
Removed Pin From Net: NetName=3.3V_VPUMP Pin=C1-2
Removed Pin From Net: NetName=GND Pin=C2-1
Removed Pin From Net: NetName=3.3V_VPUMP Pin=C2-2
Removed Pin From Net: NetName=NetR2_2 Pin=R3-1
Removed Pin From Net: NetName=NetR3_2 Pin=R3-2
Removed Pin From Net: NetName=NetR3_2 Pin=R4-1
Removed Pin From Net: NetName=5Vmeas Pin=R4-2
Removed Pin From Net: NetName=GND Pin=U1-A1
Removed Pin From Net: NetName=GND Pin=U1-A2
Removed Pin From Net: NetName=3.3V Pin=U1-A3
Removed Pin From Net: NetName=3.3V Pin=U1-A20
Removed Pin From Net: NetName=GND Pin=U1-A21
Removed Pin From Net: NetName=GND Pin=U1-A22
Removed Pin From Net: NetName=GND Pin=U1-AA1
Removed Pin From Net: NetName=3.3V Pin=U1-AA2
Removed Pin From Net: NetName=3.3V Pin=U1-AA21
Removed Pin From Net: NetName=GND Pin=U1-AA22
Removed Pin From Net: NetName=GND Pin=U1-AB1
Removed Pin From Net: NetName=GND Pin=U1-AB2
Removed Pin From Net: NetName=3.3V Pin=U1-AB3
Removed Pin From Net: NetName=3.3V Pin=U1-AB20
Removed Pin From Net: NetName=GND Pin=U1-AB21
Removed Pin From Net: NetName=GND Pin=U1-AB22
Removed Pin From Net: NetName=GND Pin=U1-B1
Removed Pin From Net: NetName=3.3V Pin=U1-B2
Removed Pin From Net: NetName=3.3V Pin=U1-B21
Removed Pin From Net: NetName=GND Pin=U1-B22
Removed Pin From Net: NetName=3.3V Pin=U1-C1
Removed Pin From Net: NetName=GND Pin=U1-C5
Removed Pin From Net: NetName=1.5V Pin=U1-C8
Removed Pin From Net: NetName=1.5V Pin=U1-C9
Removed Pin From Net: NetName=1.5V Pin=U1-C14
Removed Pin From Net: NetName=1.5V Pin=U1-C15
Removed Pin From Net: NetName=GND Pin=U1-C18
Removed Pin From Net: NetName=3.3V Pin=U1-C22
Removed Pin From Net: NetName=GND Pin=U1-D4
Removed Pin From Net: NetName=GND Pin=U1-D19
Removed Pin From Net: NetName=GND Pin=U1-E3
Removed Pin From Net: NetName=GND Pin=U1-E6
Removed Pin From Net: NetName=GND Pin=U1-E17
Removed Pin From Net: NetName=GND Pin=U1-E20
Removed Pin From Net: NetName=3.3V Pin=U1-F6
Removed Pin From Net: NetName=1.5V Pin=U1-F7
Removed Pin From Net: NetName=1.5V Pin=U1-F16
Removed Pin From Net: NetName=3.3V Pin=U1-F17
Removed Pin From Net: NetName=GND Pin=U1-G7
Removed Pin From Net: NetName=GND Pin=U1-G8
Removed Pin From Net: NetName=GND Pin=U1-G15
Removed Pin From Net: NetName=GND Pin=U1-G16
Removed Pin From Net: NetName=1.5V Pin=U1-H3
Removed Pin From Net: NetName=3.3V Pin=U1-H8
Removed Pin From Net: NetName=3.3V Pin=U1-H9
Removed Pin From Net: NetName=3.3V Pin=U1-H10
Removed Pin From Net: NetName=3.3V Pin=U1-H13
Removed Pin From Net: NetName=3.3V Pin=U1-H14
Removed Pin From Net: NetName=3.3V Pin=U1-H15
Removed Pin From Net: NetName=1.5V Pin=U1-H20
Removed Pin From Net: NetName=3.3V Pin=U1-H21
Removed Pin From Net: NetName=3.3V Pin=U1-J3
Removed Pin From Net: NetName=3.3V Pin=U1-J8
Removed Pin From Net: NetName=GND Pin=U1-J9
Removed Pin From Net: NetName=1.5V Pin=U1-J10
Removed Pin From Net: NetName=1.5V Pin=U1-J11
Removed Pin From Net: NetName=1.5V Pin=U1-J12
Removed Pin From Net: NetName=1.5V Pin=U1-J13
Removed Pin From Net: NetName=GND Pin=U1-J14
Removed Pin From Net: NetName=3.3V Pin=U1-J15
Removed Pin From Net: NetName=GND Pin=U1-J20
Removed Pin From Net: NetName=GND Pin=U1-K3
Removed Pin From Net: NetName=3.3V Pin=U1-K8
Removed Pin From Net: NetName=1.5V Pin=U1-K9
Removed Pin From Net: NetName=GND Pin=U1-K10
Removed Pin From Net: NetName=GND Pin=U1-K11
Removed Pin From Net: NetName=GND Pin=U1-K12
Removed Pin From Net: NetName=GND Pin=U1-K13
Removed Pin From Net: NetName=1.5V Pin=U1-K14
Removed Pin From Net: NetName=3.3V Pin=U1-K15
Removed Pin From Net: NetName=GND Pin=U1-L7
Removed Pin From Net: NetName=1.5V Pin=U1-L9
Removed Pin From Net: NetName=GND Pin=U1-L10
Removed Pin From Net: NetName=GND Pin=U1-L11
Removed Pin From Net: NetName=GND Pin=U1-L12
Removed Pin From Net: NetName=GND Pin=U1-L13
Removed Pin From Net: NetName=1.5V Pin=U1-L14
Removed Pin From Net: NetName=GND Pin=U1-L18
Removed Pin From Net: NetName=GND Pin=U1-M1
Removed Pin From Net: NetName=1.5V Pin=U1-M6
Removed Pin From Net: NetName=1.5V Pin=U1-M9
Removed Pin From Net: NetName=GND Pin=U1-M10
Removed Pin From Net: NetName=GND Pin=U1-M11
Removed Pin From Net: NetName=GND Pin=U1-M12
Removed Pin From Net: NetName=GND Pin=U1-M13
Removed Pin From Net: NetName=1.5V Pin=U1-M14
Removed Pin From Net: NetName=1.5V Pin=U1-M18
Removed Pin From Net: NetName=3.3V Pin=U1-N3
Removed Pin From Net: NetName=3.3V Pin=U1-N8
Removed Pin From Net: NetName=1.5V Pin=U1-N9
Removed Pin From Net: NetName=GND Pin=U1-N10
Removed Pin From Net: NetName=GND Pin=U1-N11
Removed Pin From Net: NetName=GND Pin=U1-N12
Removed Pin From Net: NetName=GND Pin=U1-N13
Removed Pin From Net: NetName=1.5V Pin=U1-N14
Removed Pin From Net: NetName=3.3V Pin=U1-N15
Removed Pin From Net: NetName=GND Pin=U1-N20
Removed Pin From Net: NetName=3.3V Pin=U1-P8
Removed Pin From Net: NetName=GND Pin=U1-P9
Removed Pin From Net: NetName=1.5V Pin=U1-P10
Removed Pin From Net: NetName=1.5V Pin=U1-P11
Removed Pin From Net: NetName=1.5V Pin=U1-P12
Removed Pin From Net: NetName=1.5V Pin=U1-P13
Removed Pin From Net: NetName=GND Pin=U1-P14
Removed Pin From Net: NetName=3.3V Pin=U1-P15
Removed Pin From Net: NetName=3.3V Pin=U1-P20
Removed Pin From Net: NetName=1.5V Pin=U1-R3
Removed Pin From Net: NetName=3.3V Pin=U1-R8
Removed Pin From Net: NetName=3.3V Pin=U1-R9
Removed Pin From Net: NetName=3.3V Pin=U1-R10
Removed Pin From Net: NetName=3.3V Pin=U1-R13
Removed Pin From Net: NetName=3.3V Pin=U1-R14
Removed Pin From Net: NetName=3.3V Pin=U1-R15
Removed Pin From Net: NetName=1.5V Pin=U1-R16
Removed Pin From Net: NetName=1.5V Pin=U1-R20
Removed Pin From Net: NetName=GND Pin=U1-T7
Removed Pin From Net: NetName=GND Pin=U1-T8
Removed Pin From Net: NetName=GND Pin=U1-T15
Removed Pin From Net: NetName=GND Pin=U1-T16
Removed Pin From Net: NetName=3.3V_JTAG Pin=U1-T17
Removed Pin From Net: NetName=3.3V Pin=U1-U6
Removed Pin From Net: NetName=1.5V Pin=U1-U7
Removed Pin From Net: NetName=3.3V Pin=U1-U15
Removed Pin From Net: NetName=3.3V_VPUMP Pin=U1-U17
Removed Pin From Net: NetName=GND Pin=U1-V3
Removed Pin From Net: NetName=GND Pin=U1-V6
Removed Pin From Net: NetName=GND Pin=U1-V18
Removed Pin From Net: NetName=GND Pin=U1-V20
Removed Pin From Net: NetName=GND Pin=U1-W4
Removed Pin From Net: NetName=GND Pin=U1-W19
Removed Pin From Net: NetName=3.3V Pin=U1-Y1
Removed Pin From Net: NetName=GND Pin=U1-Y5
Removed Pin From Net: NetName=1.5V Pin=U1-Y8
Removed Pin From Net: NetName=1.5V Pin=U1-Y9
Removed Pin From Net: NetName=1.5V Pin=U1-Y14
Removed Pin From Net: NetName=1.5V Pin=U1-Y15
Removed Pin From Net: NetName=GND Pin=U1-Y18
Removed Pin From Net: NetName=3.3V Pin=U1-Y22
Removed Member From Class: ClassName=Core Member=C1
Removed Member From Class: ClassName=Core Member=C2
Added Component: Designator=C?(CAPC1608X90X20LL10)
Add component (AddParameter): Name = "Datasheet URL"; Value = "https://product.tdk.com/info/en/catalog/datasheets/mlcc_commercial_general_en.pdf"; VariantName = "[No Variations]"
Add component (AddParameter): Name = "Datasheet Version"; Value = "07/2017"; VariantName = "[No Variations]"
Add component (AddParameter): Name = "Manufacturer"; Value = "TDK"; VariantName = "[No Variations]"
Add component (AddParameter): Name = "Manufacturer URL"; Value = "http://www.tdk.com/"; VariantName = "[No Variations]"
Add component (AddParameter): Name = "Mounting Technology"; Value = "SurfaceMount"; VariantName = "[No Variations]"
Add component (AddParameter): Name = "Package Description"; Value = "2-Pin Surface Mount Device, Body 1.6 x 0.8 mm"; VariantName = "[No Variations]"
Add component (AddParameter): Name = "Package Reference"; Value = "603"; VariantName = "[No Variations]"
Added Component: Designator=C?(CAPC1608X90X35ML10T15)
Add component (AddParameter): Name = "Capacitance"; Value = "10nF"; VariantName = "[No Variations]"
Add component (AddParameter): Name = "Case Code (Imperial)"; Value = "0603"; VariantName = "[No Variations]"
Add component (AddParameter): Name = "Case Code (Metric)"; Value = "1608"; VariantName = "[No Variations]"
Add component (AddParameter): Name = "Case/Package"; Value = "0603"; VariantName = "[No Variations]"
Add component (AddParameter): Name = "Datasheet URL"; Value = "http://search.murata.co.jp/Ceramy/image/img/A01X/G101/ENG/GRM188R71H103KA01-01.pdf"; VariantName = "[No Variations]"
Add component (AddParameter): Name = "Datasheet Version"; Value = "42401.0"; VariantName = "[No Variations]"
Add component (AddParameter): Name = "Depth"; Value = "0.8mm"; VariantName = "[No Variations]"
Add component (AddParameter): Name = "Dielectric"; Value = "X7R"; VariantName = "[No Variations]"
Add component (AddParameter): Name = "Dielectric Material"; Value = "Ceramic"; VariantName = "[No Variations]"
Add component (AddParameter): Name = "Height"; Value = "0.8mm"; VariantName = "[No Variations]"
Add component (AddParameter): Name = "Insulation Resistance"; Value = "10GR"; VariantName = "[No Variations]"
Add component (AddParameter): Name = "Lead Free"; Value = "LeadFree"; VariantName = "[No Variations]"
Add component (AddParameter): Name = "Length"; Value = "1.6mm"; VariantName = "[No Variations]"
Add component (AddParameter): Name = "Manufacturer"; Value = "Murata"; VariantName = "[No Variations]"
Add component (AddParameter): Name = "Manufacturer URL"; Value = "http://www.murata.com/"; VariantName = "[No Variations]"
Add component (AddParameter): Name = "Material"; Value = "Ceramic"; VariantName = "[No Variations]"
Add component (AddParameter): Name = "Max Operating Temperature"; Value = "125degC"; VariantName = "[No Variations]"
Add component (AddParameter): Name = "Min Operating Temperature"; Value = "-55degC"; VariantName = "[No Variations]"
Add component (AddParameter): Name = "Mount"; Value = "SurfaceMount"; VariantName = "[No Variations]"
Add component (AddParameter): Name = "Number of Pins"; Value = "2"; VariantName = "[No Variations]"
Add component (AddParameter): Name = "Package Description"; Value = "2-Pin Surface Mount Device, Body 1.6 x 0.8 mm"; VariantName = "[No Variations]"
Add component (AddParameter): Name = "Package Quantity"; Value = "1"; VariantName = "[No Variations]"
Add component (AddParameter): Name = "Package Reference"; Value = "0603"; VariantName = "[No Variations]"
Add component (AddParameter): Name = "Packaging"; Value = "TapeandReel"; VariantName = "[No Variations]"
Add component (AddParameter): Name = "REACH SVHC"; Value = "Unknown"; VariantName = "[No Variations]"
Add component (AddParameter): Name = "RoHSCompliant"; Value = "True"; VariantName = "[No Variations]"
Add component (AddParameter): Name = "Termination"; Value = "SMD/SMT"; VariantName = "[No Variations]"
Add component (AddParameter): Name = "Thickness"; Value = "0.035inch"; VariantName = "[No Variations]"
Add component (AddParameter): Name = "Tolerance"; Value = "10%"; VariantName = "[No Variations]"
Add component (AddParameter): Name = "Voltage"; Value = "50V"; VariantName = "[No Variations]"
Add component (AddParameter): Name = "Voltage Rating"; Value = "50V"; VariantName = "[No Variations]"
Add component (AddParameter): Name = "Voltage Rating (DC)"; Value = "50V"; VariantName = "[No Variations]"
Add component (AddParameter): Name = "Width"; Value = "0.031inch"; VariantName = "[No Variations]"
Added Component: Designator=JTAG?(FCI-77311-5_V)
Add component (AddParameter): Name = "ComponentLink1Description"; Value = "Manufacturer URL"; VariantName = "[No Variations]"
Add component (AddParameter): Name = "ComponentLink1URL"; Value = "http://portal.fciconnect.com/"; VariantName = "[No Variations]"
Add component (AddParameter): Name = "ComponentLink2Description"; Value = "Datasheet"; VariantName = "[No Variations]"
Add component (AddParameter): Name = "ComponentLink2URL"; Value = "http://portal.fciconnect.com/Comergent//fci/drawing/77311.pdf"; VariantName = "[No Variations]"
Add component (AddParameter): Name = "Contact Material"; Value = "Brass"; VariantName = "[No Variations]"
Add component (AddParameter): Name = "Current Rating"; Value = "1 A"; VariantName = "[No Variations]"
Add component (AddParameter): Name = "DatasheetVersion"; Value = "Rev. CK, 07/2016"; VariantName = "[No Variations]"
Add component (AddParameter): Name = "Gender"; Value = "Female"; VariantName = "[No Variations]"
Add component (AddParameter): Name = "Max Operating Temperature"; Value = "85degC"; VariantName = "[No Variations]"
Add component (AddParameter): Name = "Min Operating Temperature"; Value = "-25degC"; VariantName = "[No Variations]"
Add component (AddParameter): Name = "Package Quantity"; Value = "500"; VariantName = "[No Variations]"
Add component (AddParameter): Name = "PackageDescription"; Value = "Male Header, Pitch 2.54 mm, 1 x 5 Position, Height 16.24 mm, Tail Length 3.05 mm"; VariantName = "[No Variations]"
Add component (AddParameter): Name = "PackageReference"; Value = "77311-5"; VariantName = "[No Variations]"
Add component (AddParameter): Name = "Packaging"; Value = "Tape and Reel"; VariantName = "[No Variations]"
Add component (AddParameter): Name = "RoHSCompliant"; Value = "True"; VariantName = "[No Variations]"
Add component (AddParameter): Name = "Shielding"; Value = "Shielded"; VariantName = "[No Variations]"
Added Component: Designator=U2(CYP-BAX56)
Add component (AddParameter): Name = "Code_JEDEC"; Value = "MO-195C"; VariantName = "[No Variations]"
Add component (AddParameter): Name = "ComponentLink1Description"; Value = "Manufacturer URL"; VariantName = "[No Variations]"
Add component (AddParameter): Name = "ComponentLink1URL"; Value = "http://www.cypress.com/"; VariantName = "[No Variations]"
Add component (AddParameter): Name = "ComponentLink2Description"; Value = "Datasheet"; VariantName = "[No Variations]"
Add component (AddParameter): Name = "ComponentLink2URL"; Value = "http://www.cypress.com/?docID=45142"; VariantName = "[No Variations]"
Add component (AddParameter): Name = "ComponentLink3Description"; Value = "Package Specification"; VariantName = "[No Variations]"
Add component (AddParameter): Name = "ComponentLink3URL"; Value = "http://www.cypress.com/?docID=1010"; VariantName = "[No Variations]"
Add component (AddParameter): Name = "CPU Core"; Value = "Enhanced 8051"; VariantName = "[No Variations]"
Add component (AddParameter): Name = "DatasheetVersion"; Value = "Rev. *W"; VariantName = "[No Variations]"
Add component (AddParameter): Name = "Manufacturer"; Value = "Cypress"; VariantName = "[No Variations]"
Add component (AddParameter): Name = "Max. Operating Temp. (degreesC)"; Value = "70"; VariantName = "[No Variations]"
Add component (AddParameter): Name = "Max. Operating Voltage (V)"; Value = "3.6"; VariantName = "[No Variations]"
Add component (AddParameter): Name = "Memory Architecture"; Value = "RAM"; VariantName = "[No Variations]"
Add component (AddParameter): Name = "Memory Size (KB)"; Value = "16"; VariantName = "[No Variations]"
Add component (AddParameter): Name = "Min. Operating Temp. (degreesC)"; Value = "0"; VariantName = "[No Variations]"
Add component (AddParameter): Name = "Min. Operating Voltage (V)"; Value = "3"; VariantName = "[No Variations]"
Add component (AddParameter): Name = "Mounting Technology"; Value = "Surface Mount"; VariantName = "[No Variations]"
Add component (AddParameter): Name = "No. of I/Os"; Value = "24"; VariantName = "[No Variations]"
Add component (AddParameter): Name = "PackageDescription"; Value = "56-Ball FBGA, Body 5 x 5 mm, Pitch 0.5 mm"; VariantName = "[No Variations]"
Add component (AddParameter): Name = "PackageReference"; Value = "BAX56"; VariantName = "[No Variations]"
Add component (AddParameter): Name = "PackageVersion"; Value = "Rev. *B, 09/2005"; VariantName = "[No Variations]"
Add component (AddParameter): Name = "Packing"; Value = "Tray"; VariantName = "[No Variations]"
Add component (AddParameter): Name = "PartNumber"; Value = "CY7C68013A-56BAXC"; VariantName = "[No Variations]"
Add component (AddParameter): Name = "RoHS"; Value = "Pb-Free"; VariantName = "[No Variations]"
Added Component: Designator=U?(FG484)
Add component (AddParameter): Name = "Code_IPC"; Value = "BGA100P22X22-484"; VariantName = "[No Variations]"
Add component (AddParameter): Name = "Code_JEDEC"; Value = "MS-034-AAJ-1"; VariantName = "[No Variations]"
Add component (AddParameter): Name = "DatasheetVersion"; Value = "v1.0, Aug-2008"; VariantName = "[No Variations]"
Add component (AddParameter): Name = "PackageDescription"; Value = "484-Ball Fine Pitch Plastic Ball Grid Array (FG484) - Fully Populated"; VariantName = "[No Variations]"
Add component (AddParameter): Name = "PackageReference"; Value = "FG484"; VariantName = "[No Variations]"
Add component (AddParameter): Name = "PackageVersion"; Value = "ver11.2, Nov-2009"; VariantName = "[No Variations]"
Added Component: Designator=U?(FG484)
Add component (AddParameter): Name = "Code_IPC"; Value = "BGA100P22X22-484"; VariantName = "[No Variations]"
Add component (AddParameter): Name = "Code_JEDEC"; Value = "MS-034-AAJ-1"; VariantName = "[No Variations]"
Add component (AddParameter): Name = "DatasheetVersion"; Value = "v1.0, Aug-2008"; VariantName = "[No Variations]"
Add component (AddParameter): Name = "PackageDescription"; Value = "484-Ball Fine Pitch Plastic Ball Grid Array (FG484) - Fully Populated"; VariantName = "[No Variations]"
Add component (AddParameter): Name = "PackageReference"; Value = "FG484"; VariantName = "[No Variations]"
Add component (AddParameter): Name = "PackageVersion"; Value = "ver11.2, Nov-2009"; VariantName = "[No Variations]"
Added Component: Designator=U?(FG484)
Add component (AddParameter): Name = "Code_IPC"; Value = "BGA100P22X22-484"; VariantName = "[No Variations]"
Add component (AddParameter): Name = "Code_JEDEC"; Value = "MS-034-AAJ-1"; VariantName = "[No Variations]"
Add component (AddParameter): Name = "DatasheetVersion"; Value = "v1.0, Aug-2008"; VariantName = "[No Variations]"
Add component (AddParameter): Name = "PackageDescription"; Value = "484-Ball Fine Pitch Plastic Ball Grid Array (FG484) - Fully Populated"; VariantName = "[No Variations]"
Add component (AddParameter): Name = "PackageReference"; Value = "FG484"; VariantName = "[No Variations]"
Add component (AddParameter): Name = "PackageVersion"; Value = "ver11.2, Nov-2009"; VariantName = "[No Variations]"
Added Component: Designator=U?(FG484)
Add component (AddParameter): Name = "Code_IPC"; Value = "BGA100P22X22-484"; VariantName = "[No Variations]"
Add component (AddParameter): Name = "Code_JEDEC"; Value = "MS-034-AAJ-1"; VariantName = "[No Variations]"
Add component (AddParameter): Name = "DatasheetVersion"; Value = "v1.0, Aug-2008"; VariantName = "[No Variations]"
Add component (AddParameter): Name = "PackageDescription"; Value = "484-Ball Fine Pitch Plastic Ball Grid Array (FG484) - Fully Populated"; VariantName = "[No Variations]"
Add component (AddParameter): Name = "PackageReference"; Value = "FG484"; VariantName = "[No Variations]"
Add component (AddParameter): Name = "PackageVersion"; Value = "ver11.2, Nov-2009"; VariantName = "[No Variations]"
Added Pin To Net: NetName=GND Pin=C?-1
Added Pin To Net: NetName=GND Pin=C?-1
Added Pin To Net: NetName=3.3V_VPUMP Pin=C?-2
Added Pin To Net: NetName=3.3V_VPUMP Pin=C?-2
Added Pin To Net: NetName=5V Pin=J2-25
Added Pin To Net: NetName=5V Pin=J2-26
Added Pin To Net: NetName=3.3V Pin=J2-27
Added Pin To Net: NetName=3.3V Pin=J2-28
Added Pin To Net: NetName=GND Pin=J2-29
Added Pin To Net: NetName=GND Pin=J2-30
Added Pin To Net: NetName=GND Pin=J2-32
Added Pin To Net: NetName=3.3V Pin=R3-1
Added Pin To Net: NetName=NetR2_2 Pin=R3-1
Added Pin To Net: NetName=NetR3_2 Pin=R3-2
Added Pin To Net: NetName=NetR3_2 Pin=R3-2
Added Pin To Net: NetName=NetR3_2 Pin=R4-1
Added Pin To Net: NetName=NetR4_1 Pin=R4-1
Added Pin To Net: NetName=5Vmeas Pin=R4-2
Added Pin To Net: NetName=NetR3_2 Pin=R4-2
Added Pin To Net: NetName=GND Pin=U?-A1
Added Pin To Net: NetName=GND Pin=U?-A2
Added Pin To Net: NetName=3.3V Pin=U?-A3
Added Pin To Net: NetName=3.3V Pin=U?-A20
Added Pin To Net: NetName=GND Pin=U?-A21
Added Pin To Net: NetName=GND Pin=U?-A22
Added Pin To Net: NetName=GND Pin=U?-AA1
Added Pin To Net: NetName=3.3V Pin=U?-AA2
Added Pin To Net: NetName=3.3V Pin=U?-AA21
Added Pin To Net: NetName=GND Pin=U?-AA22
Added Pin To Net: NetName=GND Pin=U?-AB1
Added Pin To Net: NetName=GND Pin=U?-AB2
Added Pin To Net: NetName=3.3V Pin=U?-AB3
Added Pin To Net: NetName=3.3V Pin=U?-AB20
Added Pin To Net: NetName=GND Pin=U?-AB21
Added Pin To Net: NetName=GND Pin=U?-AB22
Added Pin To Net: NetName=GND Pin=U?-B1
Added Pin To Net: NetName=3.3V Pin=U?-B2
Added Pin To Net: NetName=3.3V Pin=U?-B21
Added Pin To Net: NetName=GND Pin=U?-B22
Added Pin To Net: NetName=3.3V Pin=U?-C1
Added Pin To Net: NetName=GND Pin=U?-C5
Added Pin To Net: NetName=1.5V Pin=U?-C8
Added Pin To Net: NetName=1.5V Pin=U?-C9
Added Pin To Net: NetName=1.5V Pin=U?-C14
Added Pin To Net: NetName=1.5V Pin=U?-C15
Added Pin To Net: NetName=GND Pin=U?-C18
Added Pin To Net: NetName=3.3V Pin=U?-C22
Added Pin To Net: NetName=GND Pin=U?-D4
Added Pin To Net: NetName=GND Pin=U?-D19
Added Pin To Net: NetName=GND Pin=U?-E3
Added Pin To Net: NetName=GND Pin=U?-E6
Added Pin To Net: NetName=GND Pin=U?-E17
Added Pin To Net: NetName=GND Pin=U?-E20
Added Pin To Net: NetName=3.3V Pin=U?-F6
Added Pin To Net: NetName=1.5V Pin=U?-F7
Added Pin To Net: NetName=1.5V Pin=U?-F16
Added Pin To Net: NetName=3.3V Pin=U?-F17
Added Pin To Net: NetName=GND Pin=U?-G7
Added Pin To Net: NetName=GND Pin=U?-G8
Added Pin To Net: NetName=GND Pin=U?-G15
Added Pin To Net: NetName=GND Pin=U?-G16
Added Pin To Net: NetName=1.5V Pin=U?-H3
Added Pin To Net: NetName=3.3V Pin=U?-H8
Added Pin To Net: NetName=3.3V Pin=U?-H9
Added Pin To Net: NetName=3.3V Pin=U?-H10
Added Pin To Net: NetName=3.3V Pin=U?-H13
Added Pin To Net: NetName=3.3V Pin=U?-H14
Added Pin To Net: NetName=3.3V Pin=U?-H15
Added Pin To Net: NetName=1.5V Pin=U?-H20
Added Pin To Net: NetName=3.3V Pin=U?-H21
Added Pin To Net: NetName=3.3V Pin=U?-J3
Added Pin To Net: NetName=3.3V Pin=U?-J8
Added Pin To Net: NetName=GND Pin=U?-J9
Added Pin To Net: NetName=1.5V Pin=U?-J10
Added Pin To Net: NetName=1.5V Pin=U?-J11
Added Pin To Net: NetName=1.5V Pin=U?-J12
Added Pin To Net: NetName=1.5V Pin=U?-J13
Added Pin To Net: NetName=GND Pin=U?-J14
Added Pin To Net: NetName=3.3V Pin=U?-J15
Added Pin To Net: NetName=GND Pin=U?-J20
Added Pin To Net: NetName=GND Pin=U?-K3
Added Pin To Net: NetName=3.3V Pin=U?-K8
Added Pin To Net: NetName=1.5V Pin=U?-K9
Added Pin To Net: NetName=GND Pin=U?-K10
Added Pin To Net: NetName=GND Pin=U?-K11
Added Pin To Net: NetName=GND Pin=U?-K12
Added Pin To Net: NetName=GND Pin=U?-K13
Added Pin To Net: NetName=1.5V Pin=U?-K14
Added Pin To Net: NetName=3.3V Pin=U?-K15
Added Pin To Net: NetName=GND Pin=U?-L7
Added Pin To Net: NetName=1.5V Pin=U?-L9
Added Pin To Net: NetName=GND Pin=U?-L10
Added Pin To Net: NetName=GND Pin=U?-L11
Added Pin To Net: NetName=GND Pin=U?-L12
Added Pin To Net: NetName=GND Pin=U?-L13
Added Pin To Net: NetName=1.5V Pin=U?-L14
Added Pin To Net: NetName=GND Pin=U?-L18
Added Pin To Net: NetName=GND Pin=U?-M1
Added Pin To Net: NetName=1.5V Pin=U?-M6
Added Pin To Net: NetName=1.5V Pin=U?-M9
Added Pin To Net: NetName=GND Pin=U?-M10
Added Pin To Net: NetName=GND Pin=U?-M11
Added Pin To Net: NetName=GND Pin=U?-M12
Added Pin To Net: NetName=GND Pin=U?-M13
Added Pin To Net: NetName=1.5V Pin=U?-M14
Added Pin To Net: NetName=1.5V Pin=U?-M18
Added Pin To Net: NetName=3.3V Pin=U?-N3
Added Pin To Net: NetName=3.3V Pin=U?-N8
Added Pin To Net: NetName=1.5V Pin=U?-N9
Added Pin To Net: NetName=GND Pin=U?-N10
Added Pin To Net: NetName=GND Pin=U?-N11
Added Pin To Net: NetName=GND Pin=U?-N12
Added Pin To Net: NetName=GND Pin=U?-N13
Added Pin To Net: NetName=1.5V Pin=U?-N14
Added Pin To Net: NetName=3.3V Pin=U?-N15
Added Pin To Net: NetName=GND Pin=U?-N20
Added Pin To Net: NetName=3.3V Pin=U?-P8
Added Pin To Net: NetName=GND Pin=U?-P9
Added Pin To Net: NetName=1.5V Pin=U?-P10
Added Pin To Net: NetName=1.5V Pin=U?-P11
Added Pin To Net: NetName=1.5V Pin=U?-P12
Added Pin To Net: NetName=1.5V Pin=U?-P13
Added Pin To Net: NetName=GND Pin=U?-P14
Added Pin To Net: NetName=3.3V Pin=U?-P15
Added Pin To Net: NetName=3.3V Pin=U?-P20
Added Pin To Net: NetName=1.5V Pin=U?-R3
Added Pin To Net: NetName=3.3V Pin=U?-R8
Added Pin To Net: NetName=3.3V Pin=U?-R9
Added Pin To Net: NetName=3.3V Pin=U?-R10
Added Pin To Net: NetName=3.3V Pin=U?-R13
Added Pin To Net: NetName=3.3V Pin=U?-R14
Added Pin To Net: NetName=3.3V Pin=U?-R15
Added Pin To Net: NetName=1.5V Pin=U?-R16
Added Pin To Net: NetName=1.5V Pin=U?-R20
Added Pin To Net: NetName=GND Pin=U?-T7
Added Pin To Net: NetName=GND Pin=U?-T8
Added Pin To Net: NetName=GND Pin=U?-T15
Added Pin To Net: NetName=GND Pin=U?-T16
Added Pin To Net: NetName=3.3V_JTAG Pin=U?-T17
Added Pin To Net: NetName=3.3V Pin=U?-U6
Added Pin To Net: NetName=1.5V Pin=U?-U7
Added Pin To Net: NetName=3.3V Pin=U?-U15
Added Pin To Net: NetName=3.3V_VPUMP Pin=U?-U17
Added Pin To Net: NetName=GND Pin=U?-V3
Added Pin To Net: NetName=GND Pin=U?-V6
Added Pin To Net: NetName=GND Pin=U?-V18
Added Pin To Net: NetName=GND Pin=U?-V20
Added Pin To Net: NetName=GND Pin=U?-W4
Added Pin To Net: NetName=GND Pin=U?-W19
Added Pin To Net: NetName=3.3V Pin=U?-Y1
Added Pin To Net: NetName=GND Pin=U?-Y5
Added Pin To Net: NetName=1.5V Pin=U?-Y8
Added Pin To Net: NetName=1.5V Pin=U?-Y9
Added Pin To Net: NetName=1.5V Pin=U?-Y14
Added Pin To Net: NetName=1.5V Pin=U?-Y15
Added Pin To Net: NetName=GND Pin=U?-Y18
Added Pin To Net: NetName=3.3V Pin=U?-Y22
Added Pin To Net: NetName=12V Pin=J1-32
Added Net: Name=12V
Added Pin To Net: NetName=NetJTAG?_1 Pin=JTAG?-1
Added Pin To Net: NetName=NetJTAG?_1 Pin=U?-V17
Added Net: Name=NetJTAG?_1
Added Pin To Net: NetName=NetJTAG?_2 Pin=JTAG?-2
Added Pin To Net: NetName=NetJTAG?_2 Pin=U?-V19
Added Net: Name=NetJTAG?_2
Added Pin To Net: NetName=NetJTAG?_3 Pin=JTAG?-3
Added Pin To Net: NetName=NetJTAG?_3 Pin=U?-U16
Added Net: Name=NetJTAG?_3
Added Pin To Net: NetName=NetJTAG?_4 Pin=JTAG?-4
Added Pin To Net: NetName=NetJTAG?_4 Pin=U?-W18
Added Net: Name=NetJTAG?_4
Added Pin To Net: NetName=NetJTAG?_5 Pin=JTAG?-5
Added Pin To Net: NetName=NetJTAG?_5 Pin=U?-U18
Added Net: Name=NetJTAG?_5
Added Member To Class: ClassName=Power Member=Component C? C1608X7R1H334K080AC
Added Member To Class: ClassName=Power Member=Component C? GRM188R71H103KA01D
Added Member To Class: ClassName=Power Member=Component JTAG? 77311-462K05LF
Added Member To Class: ClassName=Core Member=Component U1 A3PE3000L-1FG484M
Added Member To Class: ClassName=Power Member=Component U1 TL431CDR
Added Member To Class: ClassName=Core Member=Component U2 CY7C68013A-56BAXC
Added Member To Class: ClassName=Power Member=Component U? A3PE3000L-1FG484M
Added Member To Class: ClassName=Power Member=Component U? A3PE3000L-1FG484M
Added Member To Class: ClassName=Power Member=Component U? A3PE3000L-1FG484M
Added Member To Class: ClassName=Power Member=Component U? A3PE3000L-1FG484M
Added Room: Name=Core
Added Room: Name=Housekeeping
Added Room: Name=Interface
Added Room: Name=Power
