Removed Pin From Net: NetName=NetR2_2 Pin=R3-1
Removed Member From Class: ClassName=Power Member=U?
Change Component Designator: OldDesignator=U? NewDesignator=U1
Added Pin To Net: NetName=3.3V Pin=R3-1
Added Pin To Net: NetName=NetR2_2 Pin=R3-1
Added Pin To Net: NetName=NetR3_2 Pin=R3-2
Added Pin To Net: NetName=NetR3_2 Pin=R4-1
Added Pin To Net: NetName=5Vmeas Pin=R4-2
Added Pin To Net: NetName=GND Pin=U1-A1
Added Pin To Net: NetName=GND Pin=U1-A2
Added Pin To Net: NetName=3.3V Pin=U1-A3
Added Pin To Net: NetName=3.3V Pin=U1-A20
Added Pin To Net: NetName=GND Pin=U1-A21
Added Pin To Net: NetName=GND Pin=U1-A22
Added Pin To Net: NetName=GND Pin=U1-AA1
Added Pin To Net: NetName=3.3V Pin=U1-AA2
Added Pin To Net: NetName=3.3V Pin=U1-AA21
Added Pin To Net: NetName=GND Pin=U1-AA22
Added Pin To Net: NetName=GND Pin=U1-AB1
Added Pin To Net: NetName=GND Pin=U1-AB2
Added Pin To Net: NetName=3.3V Pin=U1-AB3
Added Pin To Net: NetName=3.3V Pin=U1-AB20
Added Pin To Net: NetName=GND Pin=U1-AB21
Added Pin To Net: NetName=GND Pin=U1-AB22
Added Pin To Net: NetName=GND Pin=U1-B1
Added Pin To Net: NetName=3.3V Pin=U1-B2
Added Pin To Net: NetName=3.3V Pin=U1-B21
Added Pin To Net: NetName=GND Pin=U1-B22
Added Pin To Net: NetName=3.3V Pin=U1-C1
Added Pin To Net: NetName=GND Pin=U1-C5
Added Pin To Net: NetName=1.5V Pin=U1-C8
Added Pin To Net: NetName=1.5V Pin=U1-C9
Added Pin To Net: NetName=1.5V Pin=U1-C14
Added Pin To Net: NetName=1.5V Pin=U1-C15
Added Pin To Net: NetName=GND Pin=U1-C18
Added Pin To Net: NetName=3.3V Pin=U1-C22
Added Pin To Net: NetName=GND Pin=U1-D4
Added Pin To Net: NetName=GND Pin=U1-D19
Added Pin To Net: NetName=GND Pin=U1-E3
Added Pin To Net: NetName=GND Pin=U1-E6
Added Pin To Net: NetName=GND Pin=U1-E17
Added Pin To Net: NetName=GND Pin=U1-E20
Added Pin To Net: NetName=3.3V Pin=U1-F6
Added Pin To Net: NetName=3.3V Pin=U1-F17
Added Pin To Net: NetName=GND Pin=U1-G8
Added Pin To Net: NetName=GND Pin=U1-G15
Added Pin To Net: NetName=1.5V Pin=U1-H3
Added Pin To Net: NetName=3.3V Pin=U1-H8
Added Pin To Net: NetName=3.3V Pin=U1-H9
Added Pin To Net: NetName=3.3V Pin=U1-H10
Added Pin To Net: NetName=3.3V Pin=U1-H13
Added Pin To Net: NetName=3.3V Pin=U1-H14
Added Pin To Net: NetName=3.3V Pin=U1-H15
Added Pin To Net: NetName=1.5V Pin=U1-H20
Added Pin To Net: NetName=3.3V Pin=U1-H21
Added Pin To Net: NetName=3.3V Pin=U1-J3
Added Pin To Net: NetName=3.3V Pin=U1-J8
Added Pin To Net: NetName=GND Pin=U1-J9
Added Pin To Net: NetName=1.5V Pin=U1-J10
Added Pin To Net: NetName=1.5V Pin=U1-J11
Added Pin To Net: NetName=1.5V Pin=U1-J12
Added Pin To Net: NetName=1.5V Pin=U1-J13
Added Pin To Net: NetName=GND Pin=U1-J14
Added Pin To Net: NetName=3.3V Pin=U1-J15
Added Pin To Net: NetName=GND Pin=U1-J20
Added Pin To Net: NetName=GND Pin=U1-K3
Added Pin To Net: NetName=3.3V Pin=U1-K8
Added Pin To Net: NetName=1.5V Pin=U1-K9
Added Pin To Net: NetName=GND Pin=U1-K10
Added Pin To Net: NetName=GND Pin=U1-K11
Added Pin To Net: NetName=GND Pin=U1-K12
Added Pin To Net: NetName=GND Pin=U1-K13
Added Pin To Net: NetName=1.5V Pin=U1-K14
Added Pin To Net: NetName=3.3V Pin=U1-K15
Added Pin To Net: NetName=1.5V Pin=U1-L9
Added Pin To Net: NetName=GND Pin=U1-L10
Added Pin To Net: NetName=GND Pin=U1-L11
Added Pin To Net: NetName=GND Pin=U1-L12
Added Pin To Net: NetName=GND Pin=U1-L13
Added Pin To Net: NetName=1.5V Pin=U1-L14
Added Pin To Net: NetName=GND Pin=U1-M1
Added Pin To Net: NetName=1.5V Pin=U1-M9
Added Pin To Net: NetName=GND Pin=U1-M10
Added Pin To Net: NetName=GND Pin=U1-M11
Added Pin To Net: NetName=GND Pin=U1-M12
Added Pin To Net: NetName=GND Pin=U1-M13
Added Pin To Net: NetName=1.5V Pin=U1-M14
Added Pin To Net: NetName=3.3V Pin=U1-N3
Added Pin To Net: NetName=3.3V Pin=U1-N8
Added Pin To Net: NetName=1.5V Pin=U1-N9
Added Pin To Net: NetName=GND Pin=U1-N10
Added Pin To Net: NetName=GND Pin=U1-N11
Added Pin To Net: NetName=GND Pin=U1-N12
Added Pin To Net: NetName=GND Pin=U1-N13
Added Pin To Net: NetName=1.5V Pin=U1-N14
Added Pin To Net: NetName=3.3V Pin=U1-N15
Added Pin To Net: NetName=GND Pin=U1-N20
Added Pin To Net: NetName=3.3V Pin=U1-P8
Added Pin To Net: NetName=GND Pin=U1-P9
Added Pin To Net: NetName=1.5V Pin=U1-P10
Added Pin To Net: NetName=1.5V Pin=U1-P11
Added Pin To Net: NetName=1.5V Pin=U1-P12
Added Pin To Net: NetName=1.5V Pin=U1-P13
Added Pin To Net: NetName=GND Pin=U1-P14
Added Pin To Net: NetName=3.3V Pin=U1-P15
Added Pin To Net: NetName=3.3V Pin=U1-P20
Added Pin To Net: NetName=1.5V Pin=U1-R3
Added Pin To Net: NetName=3.3V Pin=U1-R8
Added Pin To Net: NetName=3.3V Pin=U1-R9
Added Pin To Net: NetName=3.3V Pin=U1-R10
Added Pin To Net: NetName=3.3V Pin=U1-R13
Added Pin To Net: NetName=3.3V Pin=U1-R14
Added Pin To Net: NetName=3.3V Pin=U1-R15
Added Pin To Net: NetName=1.5V Pin=U1-R20
Added Pin To Net: NetName=GND Pin=U1-T8
Added Pin To Net: NetName=GND Pin=U1-T15
Added Pin To Net: NetName=3.3V_JTAG Pin=U1-T17
Added Pin To Net: NetName=3.3V Pin=U1-U6
Added Pin To Net: NetName=3.3V Pin=U1-U15
Added Pin To Net: NetName=NetJTAG?_3 Pin=U1-U16
Added Pin To Net: NetName=3.3V_VPUMP Pin=U1-U17
Added Pin To Net: NetName=NetJTAG?_5 Pin=U1-U18
Added Pin To Net: NetName=GND Pin=U1-V3
Added Pin To Net: NetName=GND Pin=U1-V6
Added Pin To Net: NetName=NetJTAG?_1 Pin=U1-V17
Added Pin To Net: NetName=GND Pin=U1-V18
Added Pin To Net: NetName=NetJTAG?_2 Pin=U1-V19
Added Pin To Net: NetName=GND Pin=U1-V20
Added Pin To Net: NetName=GND Pin=U1-W4
Added Pin To Net: NetName=NetJTAG?_4 Pin=U1-W18
Added Pin To Net: NetName=GND Pin=U1-W19
Added Pin To Net: NetName=3.3V Pin=U1-Y1
Added Pin To Net: NetName=GND Pin=U1-Y5
Added Pin To Net: NetName=1.5V Pin=U1-Y8
Added Pin To Net: NetName=1.5V Pin=U1-Y9
Added Pin To Net: NetName=1.5V Pin=U1-Y14
Added Pin To Net: NetName=1.5V Pin=U1-Y15
Added Pin To Net: NetName=GND Pin=U1-Y18
Added Pin To Net: NetName=3.3V Pin=U1-Y22
Added Member To Class: ClassName=Power Member=Component C? C1608X7R1H334K080AC
