Removed Pin From Net: NetName=NetSRAM1_8G Pin=U1-F18
Removed Pin From Net: NetName=NetSRAM1_8C Pin=U1-F19
Removed Pin From Net: NetName=NetSRAM1_6G Pin=U1-G17
Removed Pin From Net: NetName=NetSRAM1_6F Pin=U1-G19
Removed Pin From Net: NetName=NetSRAM1_7F Pin=U1-H16
Removed Pin From Net: NetName=NetSRAM1_5G Pin=U1-H17
Removed Pin From Net: NetName=NetSRAM1_4G Pin=U1-H19
Removed Pin From Net: NetName=NetSRAM1_8F Pin=U1-J16
Removed Pin From Net: NetName=NetSRAM1_7C Pin=U1-J17
Removed Pin From Net: NetName=NetSRAM1_4F Pin=U1-J18
Removed Pin From Net: NetName=NetSRAM1_4H Pin=U1-J19
Removed Pin From Net: NetName=NetSRAM1_6H Pin=U1-J21
Removed Pin From Net: NetName=NetSRAM1_5F Pin=U1-J22
Removed Pin From Net: NetName=NetSRAM1_7A Pin=U1-K16
Removed Pin From Net: NetName=NetSRAM1_3H Pin=U1-K17
Removed Pin From Net: NetName=NetSRAM1_2G Pin=U1-K18
Removed Pin From Net: NetName=NetSRAM1_2B Pin=U1-K19
Removed Pin From Net: NetName=NetSRAM1_7B Pin=U1-K21
Removed Pin From Net: NetName=NetSRAM1_1E Pin=U1-K22
Removed Pin From Net: NetName=NetSRAM1_8A Pin=U1-L15
Removed Pin From Net: NetName=NetSRAM1_6A Pin=U1-L16
Removed Pin From Net: NetName=NetSRAM1_3B Pin=U1-L17
Removed Pin From Net: NetName=NetSRAM1_5H Pin=U1-L18
Removed Pin From Net: NetName=NetSRAM1_6B Pin=U1-L19
Removed Pin From Net: NetName=NetSRAM1_1A Pin=U1-L20
Removed Pin From Net: NetName=NetSRAM1_2E Pin=U1-L21
Removed Pin From Net: NetName=NetSRAM1_1B Pin=U1-L22
Removed Pin From Net: NetName=NetSRAM1_3G Pin=U1-M15
Removed Pin From Net: NetName=NetSRAM1_3A Pin=U1-M16
Removed Pin From Net: NetName=NetSRAM1_2C Pin=U1-M17
Removed Pin From Net: NetName=NetSRAM1_2A Pin=U1-M19
Removed Pin From Net: NetName=NetSRAM1_8H Pin=U1-M20
Removed Pin From Net: NetName=NetSRAM1_7H Pin=U1-M21
Removed Pin From Net: NetName=NetSRAM1_3F Pin=U1-N16
Removed Pin From Net: NetName=NetSRAM1_8B Pin=U1-N17
Removed Pin From Net: NetName=NetSRAM1_1C Pin=U1-N18
Removed Pin From Net: NetName=NetSRAM1_3C Pin=U1-N19
Removed Pin From Net: NetName=NetSRAM1_7G Pin=U1-N21
Change Component Designator: OldDesignator=SSSRAM NewDesignator=SRAM1
Added Pin To Net: NetName=NetSRAM1_8H Pin=SRAM1-A6
Added Pin To Net: NetName=NetSRAM1_8G Pin=SRAM1-B1
Added Pin To Net: NetName=NetSRAM1_8F Pin=SRAM1-B2
Added Pin To Net: NetName=NetSRAM1_8C Pin=SRAM1-B3
Added Pin To Net: NetName=NetSRAM1_8B Pin=SRAM1-B4
Added Pin To Net: NetName=NetSRAM1_8A Pin=SRAM1-B5
Added Pin To Net: NetName=NetSRAM1_7H Pin=SRAM1-B6
Added Pin To Net: NetName=NetSRAM1_7G Pin=SRAM1-C1
Added Pin To Net: NetName=NetSRAM1_7F Pin=SRAM1-C2
Added Pin To Net: NetName=NetSRAM1_7C Pin=SRAM1-C3
Added Pin To Net: NetName=NetSRAM1_7B Pin=SRAM1-C4
Added Pin To Net: NetName=NetSRAM1_7A Pin=SRAM1-C5
Added Pin To Net: NetName=NetSRAM1_6H Pin=SRAM1-C6
Added Pin To Net: NetName=GND Pin=SRAM1-D1
Added Pin To Net: NetName=NetSRAM1_6G Pin=SRAM1-D2
Added Pin To Net: NetName=NetSRAM1_6F Pin=SRAM1-D3
Added Pin To Net: NetName=NetSRAM1_6C Pin=SRAM1-D4
Added Pin To Net: NetName=NetSRAM1_6B Pin=SRAM1-D5
Added Pin To Net: NetName=+3.3V Pin=SRAM1-D6
Added Pin To Net: NetName=+3.3V Pin=SRAM1-E1
Added Pin To Net: NetName=NetSRAM1_6A Pin=SRAM1-E2
Added Pin To Net: NetName=NetSRAM1_5H Pin=SRAM1-E3
Added Pin To Net: NetName=NetSRAM1_5G Pin=SRAM1-E4
Added Pin To Net: NetName=NetSRAM1_5F Pin=SRAM1-E5
Added Pin To Net: NetName=GND Pin=SRAM1-E6
Added Pin To Net: NetName=NetSRAM1_4H Pin=SRAM1-F1
Added Pin To Net: NetName=NetSRAM1_4G Pin=SRAM1-F2
Added Pin To Net: NetName=NetSRAM1_4F Pin=SRAM1-F3
Added Pin To Net: NetName=NetSRAM1_3H Pin=SRAM1-F4
Added Pin To Net: NetName=NetSRAM1_3G Pin=SRAM1-F5
Added Pin To Net: NetName=NetSRAM1_3F Pin=SRAM1-F6
Added Pin To Net: NetName=NetSRAM1_3C Pin=SRAM1-G1
Added Pin To Net: NetName=NetSRAM1_3B Pin=SRAM1-G2
Added Pin To Net: NetName=NetSRAM1_3A Pin=SRAM1-G3
Added Pin To Net: NetName=NetSRAM1_2G Pin=SRAM1-G4
Added Pin To Net: NetName=NetSRAM1_2E Pin=SRAM1-G5
Added Pin To Net: NetName=NetSRAM1_2C Pin=SRAM1-G6
Added Pin To Net: NetName=NetSRAM1_2B Pin=SRAM1-H1
Added Pin To Net: NetName=NetSRAM1_2A Pin=SRAM1-H2
Added Pin To Net: NetName=NetSRAM1_1E Pin=SRAM1-H3
Added Pin To Net: NetName=NetSRAM1_1C Pin=SRAM1-H4
Added Pin To Net: NetName=NetSRAM1_1B Pin=SRAM1-H5
Added Pin To Net: NetName=NetSRAM1_1A Pin=SRAM1-H6
Added Pin To Net: NetName=NetSRAM1_7C Pin=U1-F19
Added Pin To Net: NetName=NetSRAM1_8B Pin=U1-G19
Added Pin To Net: NetName=NetSRAM1_8C Pin=U1-H16
Added Pin To Net: NetName=NetSRAM1_2G Pin=U1-H17
Added Pin To Net: NetName=NetSRAM1_1B Pin=U1-H19
Added Pin To Net: NetName=NetSRAM1_7B Pin=U1-J17
Added Pin To Net: NetName=NetSRAM1_1E Pin=U1-J18
Added Pin To Net: NetName=NetSRAM1_1C Pin=U1-J19
Added Pin To Net: NetName=NetSRAM1_3H Pin=U1-J21
Added Pin To Net: NetName=NetSRAM1_4F Pin=U1-J22
Added Pin To Net: NetName=NetSRAM1_6F Pin=U1-K16
Added Pin To Net: NetName=NetSRAM1_2A Pin=U1-K17
Added Pin To Net: NetName=NetSRAM1_3G Pin=U1-K18
Added Pin To Net: NetName=NetSRAM1_5F Pin=U1-K19
Added Pin To Net: NetName=NetSRAM1_3F Pin=U1-K21
Added Pin To Net: NetName=NetSRAM1_2C Pin=U1-K22
Added Pin To Net: NetName=NetSRAM1_5G Pin=U1-L15
Added Pin To Net: NetName=NetSRAM1_3B Pin=U1-L16
Added Pin To Net: NetName=NetSRAM1_2E Pin=U1-L17
Added Pin To Net: NetName=NetSRAM1_3A Pin=U1-L18
Added Pin To Net: NetName=NetSRAM1_2B Pin=U1-L19
Added Pin To Net: NetName=NetSRAM1_7G Pin=U1-L20
Added Pin To Net: NetName=NetSRAM1_8G Pin=U1-L21
Added Pin To Net: NetName=NetSRAM1_7F Pin=U1-L22
Added Pin To Net: NetName=NetSRAM1_7A Pin=U1-M15
Added Pin To Net: NetName=NetSRAM1_8A Pin=U1-M16
Added Pin To Net: NetName=NetSRAM1_6B Pin=U1-M17
Added Pin To Net: NetName=NetSRAM1_3C Pin=U1-M18
Added Pin To Net: NetName=NetSRAM1_8H Pin=U1-M19
Added Pin To Net: NetName=NetSRAM1_4G Pin=U1-M20
Added Pin To Net: NetName=NetSRAM1_6G Pin=U1-M21
Added Pin To Net: NetName=NetSRAM1_7H Pin=U1-N16
Added Pin To Net: NetName=NetSRAM1_4H Pin=U1-N17
Added Pin To Net: NetName=NetSRAM1_6H Pin=U1-N18
Added Pin To Net: NetName=NetSRAM1_6A Pin=U1-N21
Added Pin To Net: NetName=NetSRAM1_1A Pin=U1-P21
Added Pin To Net: NetName=NetSRAM1_5H Pin=U1-R21
Added Pin To Net: NetName=NetSRAM1_8F Pin=U1-R22
Change Net Name : Old Net Name=NetSRAM1_1A New Net Name=NetSRAM1_H6
Change Net Name : Old Net Name=NetSRAM1_1B New Net Name=NetSRAM1_H5
Change Net Name : Old Net Name=NetSRAM1_1C New Net Name=NetSRAM1_H4
Change Net Name : Old Net Name=NetSRAM1_1E New Net Name=NetSRAM1_H3
Change Net Name : Old Net Name=NetSRAM1_2A New Net Name=NetSRAM1_H2
Change Net Name : Old Net Name=NetSRAM1_2B New Net Name=NetSRAM1_H1
Change Net Name : Old Net Name=NetSRAM1_2C New Net Name=NetSRAM1_G6
Change Net Name : Old Net Name=NetSRAM1_2E New Net Name=NetSRAM1_G5
Change Net Name : Old Net Name=NetSRAM1_2G New Net Name=NetSRAM1_G4
Change Net Name : Old Net Name=NetSRAM1_3A New Net Name=NetSRAM1_G3
Change Net Name : Old Net Name=NetSRAM1_3B New Net Name=NetSRAM1_G2
Change Net Name : Old Net Name=NetSRAM1_3C New Net Name=NetSRAM1_G1
Change Net Name : Old Net Name=NetSRAM1_3F New Net Name=NetSRAM1_F6
Change Net Name : Old Net Name=NetSRAM1_3G New Net Name=NetSRAM1_F5
Change Net Name : Old Net Name=NetSRAM1_3H New Net Name=NetSRAM1_F4
Change Net Name : Old Net Name=NetSRAM1_4F New Net Name=NetSRAM1_F3
Change Net Name : Old Net Name=NetSRAM1_4G New Net Name=NetSRAM1_F2
Change Net Name : Old Net Name=NetSRAM1_4H New Net Name=NetSRAM1_F1
Change Net Name : Old Net Name=NetSRAM1_5F New Net Name=NetSRAM1_E5
Change Net Name : Old Net Name=NetSRAM1_5G New Net Name=NetSRAM1_E4
Change Net Name : Old Net Name=NetSRAM1_5H New Net Name=NetSRAM1_E3
Change Net Name : Old Net Name=NetSRAM1_6A New Net Name=NetSRAM1_E2
Change Net Name : Old Net Name=NetSRAM1_6B New Net Name=NetSRAM1_D5
Change Net Name : Old Net Name=NetSRAM1_6C New Net Name=NetSRAM1_D4
Change Net Name : Old Net Name=NetSRAM1_6F New Net Name=NetSRAM1_D3
Change Net Name : Old Net Name=NetSRAM1_6G New Net Name=NetSRAM1_D2
Change Net Name : Old Net Name=NetSRAM1_6H New Net Name=NetSRAM1_C6
Change Net Name : Old Net Name=NetSRAM1_7A New Net Name=NetSRAM1_C5
Change Net Name : Old Net Name=NetSRAM1_7B New Net Name=NetSRAM1_C4
Change Net Name : Old Net Name=NetSRAM1_7C New Net Name=NetSRAM1_C3
Change Net Name : Old Net Name=NetSRAM1_7F New Net Name=NetSRAM1_C2
Change Net Name : Old Net Name=NetSRAM1_7G New Net Name=NetSRAM1_C1
Change Net Name : Old Net Name=NetSRAM1_7H New Net Name=NetSRAM1_B6
Change Net Name : Old Net Name=NetSRAM1_8A New Net Name=NetSRAM1_B5
Change Net Name : Old Net Name=NetSRAM1_8B New Net Name=NetSRAM1_B4
Change Net Name : Old Net Name=NetSRAM1_8C New Net Name=NetSRAM1_B3
Change Net Name : Old Net Name=NetSRAM1_8F New Net Name=NetSRAM1_B2
Change Net Name : Old Net Name=NetSRAM1_8G New Net Name=NetSRAM1_B1
Change Net Name : Old Net Name=NetSRAM1_8H New Net Name=NetSRAM1_A6
Added Pin To Net: NetName=NetSRAM1_A1 Pin=SRAM1-A1
Added Pin To Net: NetName=NetSRAM1_A1 Pin=U1-T22
Added Net: Name=NetSRAM1_A1
Added Pin To Net: NetName=NetSRAM1_A2 Pin=SRAM1-A2
Added Pin To Net: NetName=NetSRAM1_A2 Pin=U1-N19
Added Net: Name=NetSRAM1_A2
Added Pin To Net: NetName=NetSRAM1_A3 Pin=SRAM1-A3
Added Pin To Net: NetName=NetSRAM1_A3 Pin=U1-F18
Added Net: Name=NetSRAM1_A3
Added Pin To Net: NetName=NetSRAM1_A4 Pin=SRAM1-A4
Added Pin To Net: NetName=NetSRAM1_A4 Pin=U1-G17
Added Net: Name=NetSRAM1_A4
Added Pin To Net: NetName=NetSRAM1_A5 Pin=SRAM1-A5
Added Pin To Net: NetName=NetSRAM1_A5 Pin=U1-J16
Added Net: Name=NetSRAM1_A5
Added Member To Class: ClassName=FPGAPower Member=Component C? GRM155R71H103KA88D
Added Member To Class: ClassName=Interface Member=Component J? 61301011121
Added Room: Name=Core
