Added Component: Designator=D1(ONSC-SOD-523-2-502-01_V)
Add component (AddParameter): Name = "ComponentLink1Description"; Value = "Manufacturer URL"; VariantName = "[No Variations]"
Add component (AddParameter): Name = "ComponentLink1URL"; Value = "http://www.onsemi.com/"; VariantName = "[No Variations]"
Add component (AddParameter): Name = "ComponentLink2Description"; Value = "Datasheet"; VariantName = "[No Variations]"
Add component (AddParameter): Name = "ComponentLink2URL"; Value = "http://www.onsemi.cn/pub_link/Collateral/ESD5Z2.5T1-D.PDF"; VariantName = "[No Variations]"
Add component (AddParameter): Name = "ComponentLink3Description"; Value = "Package Specification"; VariantName = "[No Variations]"
Add component (AddParameter): Name = "ComponentLink3URL"; Value = "http://www.onsemi.com/pub_link/Collateral/502-01.PDF"; VariantName = "[No Variations]"
Add component (AddParameter): Name = "DatasheetVersion"; Value = "Rev. 10"; VariantName = "[No Variations]"
Add component (AddParameter): Name = "Direction"; Value = "Unidirectional"; VariantName = "[No Variations]"
Add component (AddParameter): Name = "IR Max (uA)"; Value = "0.01"; VariantName = "[No Variations]"
Add component (AddParameter): Name = "Manufacturer"; Value = "On Semiconductor"; VariantName = "[No Variations]"
Add component (AddParameter): Name = "Mounting Technology"; Value = "Surface Mount"; VariantName = "[No Variations]"
Add component (AddParameter): Name = "Number of Lines"; Value = "1"; VariantName = "[No Variations]"
Add component (AddParameter): Name = "PackageDescription"; Value = "2-Pin SOD, Body 1.2 x 0.8 mm"; VariantName = "[No Variations]"
Add component (AddParameter): Name = "PackageReference"; Value = "SOD-523-2-502-01"; VariantName = "[No Variations]"
Add component (AddParameter): Name = "PackageVersion"; Value = "Rev. E, 09/2010"; VariantName = "[No Variations]"
Add component (AddParameter): Name = "Packing"; Value = "Tape and Reel"; VariantName = "[No Variations]"
Add component (AddParameter): Name = "PartNumber"; Value = "ESD5Z7.0T1G"; VariantName = "[No Variations]"
Add component (AddParameter): Name = "PPK Max (W)"; Value = "200"; VariantName = "[No Variations]"
Add component (AddParameter): Name = "RoHS"; Value = "Pb-Free"; VariantName = "[No Variations]"
Add component (AddParameter): Name = "V(BR) Min (V)"; Value = "7.5"; VariantName = "[No Variations]"
Add component (AddParameter): Name = "VRWM Max (V)"; Value = "7"; VariantName = "[No Variations]"
Added Component: Designator=D2(ONSC-SOD-523-2-502-01_V)
Add component (AddParameter): Name = "ComponentLink1Description"; Value = "Manufacturer URL"; VariantName = "[No Variations]"
Add component (AddParameter): Name = "ComponentLink1URL"; Value = "http://www.onsemi.com/"; VariantName = "[No Variations]"
Add component (AddParameter): Name = "ComponentLink2Description"; Value = "Datasheet"; VariantName = "[No Variations]"
Add component (AddParameter): Name = "ComponentLink2URL"; Value = "http://www.onsemi.cn/pub_link/Collateral/ESD5Z2.5T1-D.PDF"; VariantName = "[No Variations]"
Add component (AddParameter): Name = "ComponentLink3Description"; Value = "Package Specification"; VariantName = "[No Variations]"
Add component (AddParameter): Name = "ComponentLink3URL"; Value = "http://www.onsemi.com/pub_link/Collateral/502-01.PDF"; VariantName = "[No Variations]"
Add component (AddParameter): Name = "DatasheetVersion"; Value = "Rev. 10"; VariantName = "[No Variations]"
Add component (AddParameter): Name = "Direction"; Value = "Unidirectional"; VariantName = "[No Variations]"
Add component (AddParameter): Name = "IR Max (uA)"; Value = "0.01"; VariantName = "[No Variations]"
Add component (AddParameter): Name = "Manufacturer"; Value = "On Semiconductor"; VariantName = "[No Variations]"
Add component (AddParameter): Name = "Mounting Technology"; Value = "Surface Mount"; VariantName = "[No Variations]"
Add component (AddParameter): Name = "Number of Lines"; Value = "1"; VariantName = "[No Variations]"
Add component (AddParameter): Name = "PackageDescription"; Value = "2-Pin SOD, Body 1.2 x 0.8 mm"; VariantName = "[No Variations]"
Add component (AddParameter): Name = "PackageReference"; Value = "SOD-523-2-502-01"; VariantName = "[No Variations]"
Add component (AddParameter): Name = "PackageVersion"; Value = "Rev. E, 09/2010"; VariantName = "[No Variations]"
Add component (AddParameter): Name = "Packing"; Value = "Tape and Reel"; VariantName = "[No Variations]"
Add component (AddParameter): Name = "PartNumber"; Value = "ESD5Z7.0T1G"; VariantName = "[No Variations]"
Add component (AddParameter): Name = "PPK Max (W)"; Value = "200"; VariantName = "[No Variations]"
Add component (AddParameter): Name = "RoHS"; Value = "Pb-Free"; VariantName = "[No Variations]"
Add component (AddParameter): Name = "V(BR) Min (V)"; Value = "7.5"; VariantName = "[No Variations]"
Add component (AddParameter): Name = "VRWM Max (V)"; Value = "7"; VariantName = "[No Variations]"
Added Component: Designator=J1(FP-1375799-1-MFG)
Add component (AddParameter): Name = "Automotive"; Value = "No"; VariantName = "[No Variations]"
Add component (AddParameter): Name = "Category"; Value = "Conn"; VariantName = "[No Variations]"
Add component (AddParameter): Name = "ComponentLink2Description"; Value = "Datasheet"; VariantName = "[No Variations]"
Add component (AddParameter): Name = "ComponentLink2URL"; Value = "https://www.te.com/usa-en/product-1375799-1.datasheet.pdf"; VariantName = "[No Variations]"
Add component (AddParameter): Name = "Conn Gender"; Value = "Female"; VariantName = "[No Variations]"
Add component (AddParameter): Name = "Conn Orientation"; Value = "Vertical"; VariantName = "[No Variations]"
Add component (AddParameter): Name = "Contact Material"; Value = "Gold,Nickel"; VariantName = "[No Variations]"
Add component (AddParameter): Name = "Current Rating"; Value = "3A"; VariantName = "[No Variations]"
Add component (AddParameter): Name = "Device Class L1"; Value = "Connectors"; VariantName = "[No Variations]"
Add component (AddParameter): Name = "Device Class L2"; Value = "Headers and Wire Housings"; VariantName = "[No Variations]"
Add component (AddParameter): Name = "Device Class L3"; Value = "unset"; VariantName = "[No Variations]"
Add component (AddParameter): Name = "Digikey Description"; Value = "CONN STKTHRU PC/104+ 120POS PCB"; VariantName = "[No Variations]"
Add component (AddParameter): Name = "Footprint Url"; Value = "https://www.te.com/commerce/DocumentDelivery/DDEController?Action=showdoc&DocId=Customer+Drawing%7F1375799%7FJ%7Fpdf%7FEnglish%7FENG_CD_1375799_J.pdf%7F1375799-1"; VariantName = "[No Variations]"
Add component (AddParameter): Name = "Height"; Value = "9.48mm"; VariantName = "[No Variations]"
Add component (AddParameter): Name = "Is Female"; Value = "yes"; VariantName = "[No Variations]"
Add component (AddParameter): Name = "Lead Free"; Value = "Yes"; VariantName = "[No Variations]"
Add component (AddParameter): Name = "Manufacturer"; Value = "TE Connectivity"; VariantName = "[No Variations]"
Add component (AddParameter): Name = "Manufacturer Part Number"; Value = "1375799-1"; VariantName = "[No Variations]"
Add component (AddParameter): Name = "Mouser Description"; Value = "PC / 104 Connectors 120P PC/104-PLUS No standoffs unkeyed"; VariantName = "[No Variations]"
Add component (AddParameter): Name = "Number Of Contacts"; Value = "120"; VariantName = "[No Variations]"
Add component (AddParameter): Name = "Number Of Rows"; Value = "4"; VariantName = "[No Variations]"
Add component (AddParameter): Name = "Octopart"; Value = "https://octopart.com/1375799-1-te+connectivity-39397881"; VariantName = "[No Variations]"
Add component (AddParameter): Name = "Package"; Value = "0"; VariantName = "[No Variations]"
Add component (AddParameter): Name = "Pitch"; Value = "2mm"; VariantName = "[No Variations]"
Add component (AddParameter): Name = "RoHS"; Value = "TRUE"; VariantName = "[No Variations]"
Add component (AddParameter): Name = "Temperature"; Value = "-55°C to +105°C"; VariantName = "[No Variations]"
Add component (AddParameter): Name = "Temperature Range High"; Value = "+105°C"; VariantName = "[No Variations]"
Add component (AddParameter): Name = "Temperature Range Low"; Value = "-55°C"; VariantName = "[No Variations]"
Added Component: Designator=J?(*SAMTEC_SSQ-126-03-G-D_SSQ-126-03-G-D(Primary))
Add component (AddParameter): Name = "Check_prices"; Value = "https://www.snapeda.com/parts/SSQ-126-03-G-D/Samtec/view-part/3311208/?ref=eda"; VariantName = "[No Variations]"
Add component (AddParameter): Name = "SnapEDA_Link"; Value = "https://www.snapeda.com/parts/SSQ-126-03-G-D/Samtec/view-part/3311208/?ref=snap"; VariantName = "[No Variations]"
Add component (AddParameter): Name = "Value"; Value = ""; VariantName = "[No Variations]"
Added Component: Designator=J?(*SAMTEC_SSQ-126-03-G-D_SSQ-126-03-G-D(Primary))
Add component (AddParameter): Name = "Check_prices"; Value = "https://www.snapeda.com/parts/SSQ-126-03-G-D/Samtec/view-part/3311208/?ref=eda"; VariantName = "[No Variations]"
Add component (AddParameter): Name = "SnapEDA_Link"; Value = "https://www.snapeda.com/parts/SSQ-126-03-G-D/Samtec/view-part/3311208/?ref=snap"; VariantName = "[No Variations]"
Add component (AddParameter): Name = "Value"; Value = ""; VariantName = "[No Variations]"
Added Component: Designator=R1A(RESC0402(1005)_L)
Add component (AddParameter): Name = "Case/Package"; Value = "0402"; VariantName = "[No Variations]"
Add component (AddParameter): Name = "Max Operating Temperature"; Value = "155°C"; VariantName = "[No Variations]"
Add component (AddParameter): Name = "Min Operating Temperature"; Value = "-55°C"; VariantName = "[No Variations]"
Add component (AddParameter): Name = "Pins"; Value = "2"; VariantName = "[No Variations]"
Add component (AddParameter): Name = "Power"; Value = "63mW"; VariantName = "[No Variations]"
Add component (AddParameter): Name = "Tolerance"; Value = "5%"; VariantName = "[No Variations]"
Add component (AddParameter): Name = "Value"; Value = "2k"; VariantName = "[No Variations]"
Added Component: Designator=R1B(RESC0402(1005)_L)
Add component (AddParameter): Name = "Case/Package"; Value = "0402"; VariantName = "[No Variations]"
Add component (AddParameter): Name = "Max Operating Temperature"; Value = "155°C"; VariantName = "[No Variations]"
Add component (AddParameter): Name = "Min Operating Temperature"; Value = "-55°C"; VariantName = "[No Variations]"
Add component (AddParameter): Name = "Pins"; Value = "2"; VariantName = "[No Variations]"
Add component (AddParameter): Name = "Power"; Value = "63mW"; VariantName = "[No Variations]"
Add component (AddParameter): Name = "Tolerance"; Value = "5%"; VariantName = "[No Variations]"
Add component (AddParameter): Name = "Value"; Value = "2k"; VariantName = "[No Variations]"
Added Component: Designator=R2A(RESC0402(1005)_L)
Add component (AddParameter): Name = "Case/Package"; Value = "0402"; VariantName = "[No Variations]"
Add component (AddParameter): Name = "Max Operating Temperature"; Value = "155°C"; VariantName = "[No Variations]"
Add component (AddParameter): Name = "Min Operating Temperature"; Value = "-55°C"; VariantName = "[No Variations]"
Add component (AddParameter): Name = "Pins"; Value = "2"; VariantName = "[No Variations]"
Add component (AddParameter): Name = "Power"; Value = "63mW"; VariantName = "[No Variations]"
Add component (AddParameter): Name = "Tolerance"; Value = "5%"; VariantName = "[No Variations]"
Add component (AddParameter): Name = "Value"; Value = "2k"; VariantName = "[No Variations]"
Added Component: Designator=R2B(RESC0402(1005)_L)
Add component (AddParameter): Name = "Case/Package"; Value = "0402"; VariantName = "[No Variations]"
Add component (AddParameter): Name = "Max Operating Temperature"; Value = "155°C"; VariantName = "[No Variations]"
Add component (AddParameter): Name = "Min Operating Temperature"; Value = "-55°C"; VariantName = "[No Variations]"
Add component (AddParameter): Name = "Pins"; Value = "2"; VariantName = "[No Variations]"
Add component (AddParameter): Name = "Power"; Value = "63mW"; VariantName = "[No Variations]"
Add component (AddParameter): Name = "Tolerance"; Value = "5%"; VariantName = "[No Variations]"
Add component (AddParameter): Name = "Value"; Value = "2k"; VariantName = "[No Variations]"
Added Component: Designator=R3(RESC0402(1005)_L)
Add component (AddParameter): Name = "Case/Package"; Value = "0402"; VariantName = "[No Variations]"
Add component (AddParameter): Name = "Max Operating Temperature"; Value = "155°C"; VariantName = "[No Variations]"
Add component (AddParameter): Name = "Min Operating Temperature"; Value = "-55°C"; VariantName = "[No Variations]"
Add component (AddParameter): Name = "Pins"; Value = "2"; VariantName = "[No Variations]"
Add component (AddParameter): Name = "Power"; Value = "63mW"; VariantName = "[No Variations]"
Add component (AddParameter): Name = "Tolerance"; Value = "5%"; VariantName = "[No Variations]"
Add component (AddParameter): Name = "Value"; Value = "2k"; VariantName = "[No Variations]"
Added Component: Designator=R4(RESC0402(1005)_L)
Add component (AddParameter): Name = "Case/Package"; Value = "0402"; VariantName = "[No Variations]"
Add component (AddParameter): Name = "Max Operating Temperature"; Value = "155°C"; VariantName = "[No Variations]"
Add component (AddParameter): Name = "Min Operating Temperature"; Value = "-55°C"; VariantName = "[No Variations]"
Add component (AddParameter): Name = "Pins"; Value = "2"; VariantName = "[No Variations]"
Add component (AddParameter): Name = "Power"; Value = "63mW"; VariantName = "[No Variations]"
Add component (AddParameter): Name = "Tolerance"; Value = "5%"; VariantName = "[No Variations]"
Add component (AddParameter): Name = "Value"; Value = "2k"; VariantName = "[No Variations]"
Added Component: Designator=U1(D0008A_L)
Add component (AddParameter): Name = "Code_IPC"; Value = "BGA100P22X22-484"; VariantName = "[No Variations]"
Add component (AddParameter): Name = "Code_JEDEC"; Value = "MS-012"; VariantName = "[No Variations]"
Add component (AddParameter): Name = "ComponentLink1Description"; Value = "Manufacturer URL"; VariantName = "[No Variations]"
Add component (AddParameter): Name = "ComponentLink1URL"; Value = "http://www.ti.com/"; VariantName = "[No Variations]"
Add component (AddParameter): Name = "ComponentLink2Description"; Value = "Datasheet"; VariantName = "[No Variations]"
Add component (AddParameter): Name = "ComponentLink2URL"; Value = "http://www.ti.com/general/docs/lit/getliterature.tsp?genericPartNumber=TL431&fileType=pdf"; VariantName = "[No Variations]"
Add component (AddParameter): Name = "ComponentLink3Description"; Value = "Package Specification"; VariantName = "[No Variations]"
Add component (AddParameter): Name = "ComponentLink3URL"; Value = "http://www.ti.com/litv/pdf/msoi002j"; VariantName = "[No Variations]"
Add component (AddParameter): Name = "DatasheetVersion"; Value = "SLVS543M"; VariantName = "[No Variations]"
Add component (AddParameter): Name = "Eco-Plan"; Value = "Green (RoHS & no Sb/Br)"; VariantName = "[No Variations]"
Add component (AddParameter): Name = "Initial Accuracy @ 25/deg C(%)"; Value = "2"; VariantName = "[No Variations]"
Add component (AddParameter): Name = "Iout/Iz(Max)(mA)"; Value = "100"; VariantName = "[No Variations]"
Add component (AddParameter): Name = "Manufacturer"; Value = "Texas Instruments"; VariantName = "[No Variations]"
Add component (AddParameter): Name = "Min Iz for Regulation(uA)"; Value = "600"; VariantName = "[No Variations]"
Add component (AddParameter): Name = "Mounting Technology"; Value = "Surface Mount"; VariantName = "[No Variations]"
Add component (AddParameter): Name = "PackageDescription"; Value = "8-Pin Plastic Small Outline, Body 4.9 x 3.9 mm, Pitch 1.27 mm"; VariantName = "[No Variations]"
Add component (AddParameter): Name = "PackageReference"; Value = "D0008A"; VariantName = "[No Variations]"
Add component (AddParameter): Name = "PackageVersion"; Value = "4040047-3/M"; VariantName = "[No Variations]"
Add component (AddParameter): Name = "PartNumber"; Value = "TL431CDR"; VariantName = "[No Variations]"
Add component (AddParameter): Name = "Rating"; Value = "Military"; VariantName = "[No Variations]"
Add component (AddParameter): Name = "SubFamily"; Value = "Shunt Voltage Reference"; VariantName = "[No Variations]"
Add component (AddParameter): Name = "Temp Coeff(Max)(ppm/ degree C)"; Value = "92"; VariantName = "[No Variations]"
Add component (AddParameter): Name = "Temp Coeff(Typ)(ppm/ degree C)"; Value = "34"; VariantName = "[No Variations]"
Add component (AddParameter): Name = "VO Adj(Max)(V)"; Value = "36"; VariantName = "[No Variations]"
Add component (AddParameter): Name = "VO Adj(Min)(V)"; Value = "2.495"; VariantName = "[No Variations]"
Added Component: Designator=U1(FG484)
Add component (AddParameter): Name = "Code_IPC"; Value = "BGA100P22X22-484"; VariantName = "[No Variations]"
Add component (AddParameter): Name = "Code_JEDEC"; Value = "MS-034-AAJ-1"; VariantName = "[No Variations]"
Add component (AddParameter): Name = "DatasheetVersion"; Value = "v1.0, Aug-2008"; VariantName = "[No Variations]"
Add component (AddParameter): Name = "PackageDescription"; Value = "484-Ball Fine Pitch Plastic Ball Grid Array (FG484) - Fully Populated"; VariantName = "[No Variations]"
Add component (AddParameter): Name = "PackageReference"; Value = "FG484"; VariantName = "[No Variations]"
Add component (AddParameter): Name = "PackageVersion"; Value = "ver11.2, Nov-2009"; VariantName = "[No Variations]"
Added Component: Designator=U2(D0008A_L)
Add component (AddParameter): Name = "Code_JEDEC"; Value = "MS-012"; VariantName = "[No Variations]"
Add component (AddParameter): Name = "ComponentLink1Description"; Value = "Manufacturer URL"; VariantName = "[No Variations]"
Add component (AddParameter): Name = "ComponentLink1URL"; Value = "http://www.ti.com/"; VariantName = "[No Variations]"
Add component (AddParameter): Name = "ComponentLink2Description"; Value = "Datasheet"; VariantName = "[No Variations]"
Add component (AddParameter): Name = "ComponentLink2URL"; Value = "http://www.ti.com/general/docs/lit/getliterature.tsp?genericPartNumber=TL431&fileType=pdf"; VariantName = "[No Variations]"
Add component (AddParameter): Name = "ComponentLink3Description"; Value = "Package Specification"; VariantName = "[No Variations]"
Add component (AddParameter): Name = "ComponentLink3URL"; Value = "http://www.ti.com/litv/pdf/msoi002j"; VariantName = "[No Variations]"
Add component (AddParameter): Name = "DatasheetVersion"; Value = "SLVS543M"; VariantName = "[No Variations]"
Add component (AddParameter): Name = "Eco-Plan"; Value = "Green (RoHS & no Sb/Br)"; VariantName = "[No Variations]"
Add component (AddParameter): Name = "Initial Accuracy @ 25/deg C(%)"; Value = "2"; VariantName = "[No Variations]"
Add component (AddParameter): Name = "Iout/Iz(Max)(mA)"; Value = "100"; VariantName = "[No Variations]"
Add component (AddParameter): Name = "Manufacturer"; Value = "Texas Instruments"; VariantName = "[No Variations]"
Add component (AddParameter): Name = "Min Iz for Regulation(uA)"; Value = "600"; VariantName = "[No Variations]"
Add component (AddParameter): Name = "Mounting Technology"; Value = "Surface Mount"; VariantName = "[No Variations]"
Add component (AddParameter): Name = "PackageDescription"; Value = "8-Pin Plastic Small Outline, Body 4.9 x 3.9 mm, Pitch 1.27 mm"; VariantName = "[No Variations]"
Add component (AddParameter): Name = "PackageReference"; Value = "D0008A"; VariantName = "[No Variations]"
Add component (AddParameter): Name = "PackageVersion"; Value = "4040047-3/M"; VariantName = "[No Variations]"
Add component (AddParameter): Name = "PartNumber"; Value = "TL431CDR"; VariantName = "[No Variations]"
Add component (AddParameter): Name = "Rating"; Value = "Military"; VariantName = "[No Variations]"
Add component (AddParameter): Name = "SubFamily"; Value = "Shunt Voltage Reference"; VariantName = "[No Variations]"
Add component (AddParameter): Name = "Temp Coeff(Max)(ppm/ degree C)"; Value = "92"; VariantName = "[No Variations]"
Add component (AddParameter): Name = "Temp Coeff(Typ)(ppm/ degree C)"; Value = "34"; VariantName = "[No Variations]"
Add component (AddParameter): Name = "VO Adj(Max)(V)"; Value = "36"; VariantName = "[No Variations]"
Add component (AddParameter): Name = "VO Adj(Min)(V)"; Value = "2.495"; VariantName = "[No Variations]"
Added Net: Name=3.3Vfpga
Added Net: Name=3.3Vmeas
Added Pin To Net: NetName=3.3Vpic Pin=U2-2
Added Net: Name=3.3Vpic
Added Pin To Net: NetName=3.3V Pin=D1-1
Added Pin To Net: NetName=3.3V Pin=R1A-2
Added Pin To Net: NetName=3.3V Pin=R2A-2
Added Pin To Net: NetName=3.3V Pin=R3-1
Added Net: Name=3.3V
Added Net: Name=5Vfpga
Added Pin To Net: NetName=5Vmeas Pin=R4-2
Added Net: Name=5Vmeas
Added Net: Name=5V
Added Net: Name=CAN_H
Added Net: Name=CAN_L
Added Pin To Net: NetName=CAN_powerdown Pin=U1-T8
Added Net: Name=CAN_powerdown
Added Net: Name=CAN_Rx
Added Net: Name=CAN_Tx
Added Pin To Net: NetName=GND Pin=D2-2
Added Pin To Net: NetName=GND Pin=R1B-1
Added Pin To Net: NetName=GND Pin=R2B-1
Added Pin To Net: NetName=GND Pin=U2-2
Added Pin To Net: NetName=GND Pin=U2-3
Added Pin To Net: NetName=GND Pin=U2-6
Added Pin To Net: NetName=GND Pin=U2-7
Added Net: Name=GND
Added Net: Name=ICSPCLK_ext
Added Net: Name=ICSPCLK_fpga
Added Net: Name=ICSPCLK
Added Net: Name=ICSPDAT_ext
Added Net: Name=ICSPDAT_fpga
Added Net: Name=ICSPDAT
Added Net: Name=IfpgaBankMeas
Added Net: Name=IfpgaCoreMeas
Added Net: Name=IpicMeas
Added Net: Name=MCLR_ext
Added Net: Name=MCLR_fpga
Added Net: Name=MCLR
Added Pin To Net: NetName=mem_HOLD Pin=U2-1
Added Net: Name=mem_HOLD
Added Net: Name=mem_WP
Added Pin To Net: NetName=NetD1_2 Pin=D1-2
Added Pin To Net: NetName=NetD1_2 Pin=D2-1
Added Net: Name=NetD1_2
Added Net: Name=NetR1_2
Added Pin To Net: NetName=NetR1A_1 Pin=R1A-1
Added Pin To Net: NetName=NetR1A_1 Pin=R1B-2
Added Net: Name=NetR1A_1
Added Pin To Net: NetName=NetR2_2 Pin=R3-1
Added Net: Name=NetR2_2
Added Pin To Net: NetName=NetR2A_1 Pin=R2A-1
Added Pin To Net: NetName=NetR2A_1 Pin=R2B-2
Added Pin To Net: NetName=NetR2A_1 Pin=U2-8
Added Net: Name=NetR2A_1
Added Pin To Net: NetName=NetR3_2 Pin=R3-2
Added Pin To Net: NetName=NetR3_2 Pin=R4-2
Added Net: Name=NetR3_2
Added Pin To Net: NetName=NetR4_1 Pin=R4-1
Added Pin To Net: NetName=NetR4_1 Pin=U2-1
Added Net: Name=NetR4_1
Added Net: Name=NetR5_2
Added Net: Name=NetR7_2
Added Net: Name=NetR8_2
Added Net: Name=NetR9_2
Added Net: Name=NetR11_2
Added Net: Name=NetR13_2
Added Net: Name=NetR14_2
Added Net: Name=NetR16_2
Added Net: Name=NetR17_2
Added Net: Name=NetR19_2
Added Net: Name=NetR20_2
Added Net: Name=NetR26_1
Added Net: Name=NetU4_6
Added Net: Name=SPI4_clk
Added Net: Name=SPI4_SI
Added Pin To Net: NetName=SPI4_SO Pin=U2-8
Added Net: Name=SPI4_SO
Added Pin To Net: NetName=SPI4_SS2 Pin=U2-7
Added Net: Name=SPI4_SS2
Added Net: Name=Vref
Added Member To Class: ClassName=Power Member=Component D1 T3V3S5
Added Member To Class: ClassName=Power Member=Component D2 T3V3S5
Added Member To Class: ClassName=Interface Member=Component J1 1375799-1
Added Member To Class: ClassName=Interface Member=Component J? SSQ-126-03-G-D
Added Member To Class: ClassName=Interface Member=Component J? SSQ-126-03-G-D
Added Member To Class: ClassName=Power Member=Component R1A Resistor 2K +/-5 % 0402 63 mW
Added Member To Class: ClassName=Power Member=Component R1B Resistor 2K +/-5 % 0402 63 mW
Added Member To Class: ClassName=Power Member=Component R2A Resistor 2K +/-5 % 0402 63 mW
Added Member To Class: ClassName=Power Member=Component R2B Resistor 2K +/-5 % 0402 63 mW
Added Member To Class: ClassName=Housekeeping Member=Component R3 120k
Added Member To Class: ClassName=Power Member=Component R3 Resistor 2K +/-5 % 0402 63 mW
Added Member To Class: ClassName=Housekeeping Member=Component R4 300k
Added Member To Class: ClassName=Power Member=Component R4 Resistor 2K +/-5 % 0402 63 mW
Added Member To Class: ClassName=Core Member=Component U1 A3PE3000L-1FG484M
Added Member To Class: ClassName=Power Member=Component U1 TL431CDR
Added Member To Class: ClassName=Core Member=Component U2 MT29F2G01ABAGDSF-IT:G
Added Member To Class: ClassName=Power Member=Component U2 TL431CDR
Added Room: Name=Core
Added Room: Name=Housekeeping
Added Room: Name=Interface
Added Room: Name=Power
