Removed Member From Class: ClassName=FPGAPower Member=C58
Removed Member From Class: ClassName=FPGAPower Member=C72
Removed Member From Class: ClassName=FPGAPower Member=C74
Removed Member From Class: ClassName=FPGAPower Member=C75
Removed Member From Class: ClassName=Interface Member=R22
Removed Member From Class: ClassName=Interface Member=R23
Change Component Designator: OldDesignator=C1 NewDesignator=C4
Change Component Designator: OldDesignator=C2 NewDesignator=C3
Change Component Designator: OldDesignator=C3 NewDesignator=C5
Change Component Designator: OldDesignator=C6 NewDesignator=C17
Change Component Designator: OldDesignator=C7 NewDesignator=C18
Change Component Designator: OldDesignator=C14 NewDesignator=C19
Change Component Designator: OldDesignator=C15 NewDesignator=C20
Change Component Designator: OldDesignator=C16 NewDesignator=C21
Change Component Designator: OldDesignator=C17 NewDesignator=C22
Change Component Designator: OldDesignator=C18 NewDesignator=C23
Change Component Designator: OldDesignator=C19 NewDesignator=C24
Change Component Designator: OldDesignator=C20 NewDesignator=C25
Change Component Designator: OldDesignator=C21 NewDesignator=C26
Change Component Designator: OldDesignator=C22 NewDesignator=C27
Change Component Designator: OldDesignator=C23 NewDesignator=C28
Change Component Designator: OldDesignator=C24 NewDesignator=C29
Change Component Designator: OldDesignator=C25 NewDesignator=C30
Change Component Designator: OldDesignator=C26 NewDesignator=C31
Change Component Designator: OldDesignator=C27 NewDesignator=C32
Change Component Designator: OldDesignator=C28 NewDesignator=C33
Change Component Designator: OldDesignator=C29 NewDesignator=C34
Change Component Designator: OldDesignator=C30 NewDesignator=C35
Change Component Designator: OldDesignator=C31 NewDesignator=C36
Change Component Designator: OldDesignator=C32 NewDesignator=C37
Change Component Designator: OldDesignator=C33 NewDesignator=C38
Change Component Designator: OldDesignator=C34 NewDesignator=C39
Change Component Designator: OldDesignator=C35 NewDesignator=C40
Change Component Designator: OldDesignator=C36 NewDesignator=C41
Change Component Designator: OldDesignator=C37 NewDesignator=C42
Change Component Designator: OldDesignator=C38 NewDesignator=C43
Change Component Designator: OldDesignator=C39 NewDesignator=C44
Change Component Designator: OldDesignator=C40 NewDesignator=C45
Change Component Designator: OldDesignator=C41 NewDesignator=C46
Change Component Designator: OldDesignator=C42 NewDesignator=C47
Change Component Designator: OldDesignator=C43 NewDesignator=C86
Change Component Designator: OldDesignator=C44 NewDesignator=C87
Change Component Designator: OldDesignator=C45 NewDesignator=C88
Change Component Designator: OldDesignator=C46 NewDesignator=C89
Change Component Designator: OldDesignator=C47 NewDesignator=C48
Change Component Designator: OldDesignator=C48 NewDesignator=C49
Change Component Designator: OldDesignator=C49 NewDesignator=C50
Change Component Designator: OldDesignator=C50 NewDesignator=C51
Change Component Designator: OldDesignator=C51 NewDesignator=C52
Change Component Designator: OldDesignator=C52 NewDesignator=C78
Change Component Designator: OldDesignator=C53 NewDesignator=C79
Change Component Designator: OldDesignator=C54 NewDesignator=C80
Change Component Designator: OldDesignator=C55 NewDesignator=C81
Change Component Designator: OldDesignator=C56 NewDesignator=C82
Change Component Designator: OldDesignator=C57 NewDesignator=C83
Change Component Designator: OldDesignator=C58 NewDesignator=C53
Change Component Designator: OldDesignator=C59 NewDesignator=C73
Change Component Designator: OldDesignator=C60 NewDesignator=C74
Change Component Designator: OldDesignator=C61 NewDesignator=C75
Change Component Designator: OldDesignator=C62 NewDesignator=C76
Change Component Designator: OldDesignator=C63 NewDesignator=C68
Change Component Designator: OldDesignator=C64 NewDesignator=C69
Change Component Designator: OldDesignator=C65 NewDesignator=C70
Change Component Designator: OldDesignator=C66 NewDesignator=C71
Change Component Designator: OldDesignator=C67 NewDesignator=C77
Change Component Designator: OldDesignator=C68 NewDesignator=C62
Change Component Designator: OldDesignator=C69 NewDesignator=C63
Change Component Designator: OldDesignator=C70 NewDesignator=C64
Change Component Designator: OldDesignator=C71 NewDesignator=C65
Change Component Designator: OldDesignator=C72 NewDesignator=C66
Change Component Designator: OldDesignator=C73 NewDesignator=C54
Change Component Designator: OldDesignator=C74 NewDesignator=C55
Change Component Designator: OldDesignator=C75 NewDesignator=C56
Change Component Designator: OldDesignator=C76 NewDesignator=C57
Change Component Designator: OldDesignator=C77 NewDesignator=C59
Change Component Designator: OldDesignator=C78 NewDesignator=C67
Change Component Designator: OldDesignator=C79 NewDesignator=C6
Change Component Designator: OldDesignator=C80 NewDesignator=C7
Change Component Designator: OldDesignator=C81 NewDesignator=C8
Change Component Designator: OldDesignator=C82 NewDesignator=C1
Change Component Designator: OldDesignator=C83 NewDesignator=C16
Change Component Designator: OldDesignator=C84 NewDesignator=C2
Change Component Designator: OldDesignator=C85 NewDesignator=C9
Change Component Designator: OldDesignator=FLASH NewDesignator=FLASH1
Change Component Designator: OldDesignator=FRAM NewDesignator=FRAM1
Change Component Designator: OldDesignator=J3 NewDesignator=J1
Change Component Designator: OldDesignator=J4 NewDesignator=J2
Change Component Designator: OldDesignator=PIC NewDesignator=PIC1
Change Component Designator: OldDesignator=R1 NewDesignator=R3
Change Component Designator: OldDesignator=R2 NewDesignator=R4
Change Component Designator: OldDesignator=R3 NewDesignator=R5
Change Component Designator: OldDesignator=R22 NewDesignator=R1
Change Component Designator: OldDesignator=R23 NewDesignator=R2
Change Component Designator: OldDesignator=R24 NewDesignator=R6
Change Component Designator: OldDesignator=R25 NewDesignator=R7
Change Component Designator: OldDesignator=R26 NewDesignator=R8
Change Component Designator: OldDesignator=SRAM NewDesignator=SRAM1
Change Net Name : Old Net Name=NetC82_2 New Net Name=NetC1_2
Change Net Name : Old Net Name=NetJ3_1 New Net Name=NetJ1_1
Change Net Name : Old Net Name=NetJ3_2 New Net Name=NetJ1_2
Change Net Name : Old Net Name=NetJ3_3 New Net Name=NetJ1_3
Change Net Name : Old Net Name=NetJ3_4 New Net Name=NetJ1_4
Change Net Name : Old Net Name=NetJ3_5 New Net Name=NetJ1_5
Change Net Name : Old Net Name=NetJ3_6 New Net Name=NetJ1_6
Change Net Name : Old Net Name=NetJ3_7 New Net Name=NetJ1_7
Change Net Name : Old Net Name=NetJ3_8 New Net Name=NetJ1_8
Change Net Name : Old Net Name=NetJ3_9 New Net Name=NetJ1_9
Change Net Name : Old Net Name=NetJ3_11 New Net Name=NetJ1_11
Change Net Name : Old Net Name=NetJ3_19 New Net Name=NetJ1_19
Change Net Name : Old Net Name=NetJ3_20 New Net Name=NetJ1_20
Change Net Name : Old Net Name=NetJ3_32 New Net Name=NetJ1_32
Change Net Name : Old Net Name=NetJ3_35 New Net Name=NetJ1_35
Change Net Name : Old Net Name=NetJ3_37 New Net Name=NetJ1_37
Change Net Name : Old Net Name=NetJ3_38 New Net Name=NetJ1_38
Change Net Name : Old Net Name=NetJ3_39 New Net Name=NetJ1_39
Change Net Name : Old Net Name=NetJ3_40 New Net Name=NetJ1_40
Change Net Name : Old Net Name=NetJ3_42 New Net Name=NetJ1_42
Change Net Name : Old Net Name=NetJ3_44 New Net Name=NetJ1_44
Change Net Name : Old Net Name=NetJ3_46 New Net Name=NetJ1_46
Change Net Name : Old Net Name=NetJ4_20 New Net Name=NetJ2_20
Change Net Name : Old Net Name=NetJ4_37 New Net Name=NetJ2_37
Change Net Name : Old Net Name=NetJ4_38 New Net Name=NetJ2_38
Change Net Name : Old Net Name=NetJ4_39 New Net Name=NetJ2_39
Change Net Name : Old Net Name=NetJ4_40 New Net Name=NetJ2_40
Change Net Name : Old Net Name=NetJ4_41 New Net Name=NetJ2_41
Change Net Name : Old Net Name=NetJ4_43 New Net Name=NetJ2_43
Change Net Name : Old Net Name=NetJ4_44 New Net Name=NetJ2_44
Change Net Name : Old Net Name=NetPIC_1 New Net Name=NetPIC1_1
Change Net Name : Old Net Name=NetR24_1 New Net Name=NetR6_1
Change Net Name : Old Net Name=NetR25_2 New Net Name=NetR7_2
Added Member To Class: ClassName=FPGAPower Member=Component C81 10nF
Added Member To Class: ClassName=FPGAPower Member=Component C82 100nF
Added Member To Class: ClassName=FPGAPower Member=Component C86 10nF
Added Member To Class: ClassName=FPGAPower Member=Component C89 100nF
Added Member To Class: ClassName=Interface Member=Component R4 10k
Added Member To Class: ClassName=Interface Member=Component R5 10k
Added Room: Name=Core
Added Room: Name=FPGABanks
Added Room: Name=FPGAMisc
Added Room: Name=FPGAPower
Added Room: Name=Interface
Added Room: Name=Power
