Removed Pin From Net: NetName=3.3V_IN Pin=D1-1
Removed Pin From Net: NetName=CAN_L Pin=J1-01
Removed Pin From Net: NetName=CAN_H Pin=J1-03
Removed Pin From Net: NetName=UART_Rx Pin=J1-19
Removed Pin From Net: NetName=UART_Tx Pin=J1-20
Removed Pin From Net: NetName=12V Pin=J1-32
Removed Pin From Net: NetName=+5V Pin=J2-25
Removed Pin From Net: NetName=+5V Pin=J2-26
Removed Pin From Net: NetName=+3.3V_IN Pin=J2-27
Removed Pin From Net: NetName=+3.3V_IN Pin=J2-28
Removed Pin From Net: NetName=GND Pin=J2-29
Removed Pin From Net: NetName=GND Pin=J2-30
Removed Pin From Net: NetName=GND Pin=J2-32
Removed Pin From Net: NetName=NetR1A_1 Pin=R1A-1
Removed Pin From Net: NetName=3.3V_IN Pin=R1A-2
Removed Pin From Net: NetName=GND Pin=R1B-1
Removed Pin From Net: NetName=NetR1A_1 Pin=R1B-2
Removed Pin From Net: NetName=NetR2A_1 Pin=R2A-1
Removed Pin From Net: NetName=3.3V_IN Pin=R2A-2
Removed Pin From Net: NetName=GND Pin=R2B-1
Removed Pin From Net: NetName=NetR2A_1 Pin=R2B-2
Removed Pin From Net: NetName=NetR4_1 Pin=R4-1
Removed Pin From Net: NetName=GND Pin=U1-A1
Removed Pin From Net: NetName=GND Pin=U1-A2
Removed Pin From Net: NetName=3.3V_IN Pin=U1-A3
Removed Pin From Net: NetName=3.3V_IN Pin=U1-A20
Removed Pin From Net: NetName=GND Pin=U1-A21
Removed Pin From Net: NetName=GND Pin=U1-A22
Removed Pin From Net: NetName=GND Pin=U1-AA1
Removed Pin From Net: NetName=3.3V_IN Pin=U1-AA2
Removed Pin From Net: NetName=3.3V_IN Pin=U1-AA21
Removed Pin From Net: NetName=GND Pin=U1-AA22
Removed Pin From Net: NetName=GND Pin=U1-AB1
Removed Pin From Net: NetName=GND Pin=U1-AB2
Removed Pin From Net: NetName=3.3V_IN Pin=U1-AB3
Removed Pin From Net: NetName=3.3V_IN Pin=U1-AB20
Removed Pin From Net: NetName=GND Pin=U1-AB21
Removed Pin From Net: NetName=GND Pin=U1-AB22
Removed Pin From Net: NetName=GND Pin=U1-B1
Removed Pin From Net: NetName=3.3V_IN Pin=U1-B2
Removed Pin From Net: NetName=3.3V_IN Pin=U1-B21
Removed Pin From Net: NetName=GND Pin=U1-B22
Removed Pin From Net: NetName=3.3V_IN Pin=U1-C1
Removed Pin From Net: NetName=GND Pin=U1-C5
Removed Pin From Net: NetName=+1.5V Pin=U1-C8
Removed Pin From Net: NetName=+1.5V Pin=U1-C9
Removed Pin From Net: NetName=+1.5V Pin=U1-C14
Removed Pin From Net: NetName=+1.5V Pin=U1-C15
Removed Pin From Net: NetName=GND Pin=U1-C18
Removed Pin From Net: NetName=3.3V_IN Pin=U1-C22
Removed Pin From Net: NetName=GND Pin=U1-D4
Removed Pin From Net: NetName=GND Pin=U1-D19
Removed Pin From Net: NetName=GND Pin=U1-E3
Removed Pin From Net: NetName=GND Pin=U1-E6
Removed Pin From Net: NetName=GND Pin=U1-E20
Removed Pin From Net: NetName=3.3V_IN Pin=U1-F6
Removed Pin From Net: NetName=3.3V_IN Pin=U1-F17
Removed Pin From Net: NetName=GND Pin=U1-G8
Removed Pin From Net: NetName=GND Pin=U1-G15
Removed Pin From Net: NetName=+1.5V Pin=U1-H3
Removed Pin From Net: NetName=3.3V_IN Pin=U1-H8
Removed Pin From Net: NetName=3.3V_IN Pin=U1-H9
Removed Pin From Net: NetName=3.3V_IN Pin=U1-H10
Removed Pin From Net: NetName=3.3V_IN Pin=U1-H13
Removed Pin From Net: NetName=3.3V_IN Pin=U1-H14
Removed Pin From Net: NetName=3.3V_IN Pin=U1-H15
Removed Pin From Net: NetName=+1.5V Pin=U1-H20
Removed Pin From Net: NetName=3.3V_IN Pin=U1-J8
Removed Pin From Net: NetName=GND Pin=U1-J9
Removed Pin From Net: NetName=+1.5V Pin=U1-J10
Removed Pin From Net: NetName=+1.5V Pin=U1-J11
Removed Pin From Net: NetName=+1.5V Pin=U1-J12
Removed Pin From Net: NetName=+1.5V Pin=U1-J13
Removed Pin From Net: NetName=GND Pin=U1-J14
Removed Pin From Net: NetName=3.3V_IN Pin=U1-J15
Removed Pin From Net: NetName=3.3V_IN Pin=U1-K8
Removed Pin From Net: NetName=+1.5V Pin=U1-K9
Removed Pin From Net: NetName=GND Pin=U1-K10
Removed Pin From Net: NetName=GND Pin=U1-K11
Removed Pin From Net: NetName=GND Pin=U1-K12
Removed Pin From Net: NetName=GND Pin=U1-K13
Removed Pin From Net: NetName=+1.5V Pin=U1-K14
Removed Pin From Net: NetName=3.3V_IN Pin=U1-K15
Removed Pin From Net: NetName=GND Pin=U1-L7
Removed Pin From Net: NetName=+1.5V Pin=U1-L9
Removed Pin From Net: NetName=GND Pin=U1-L10
Removed Pin From Net: NetName=GND Pin=U1-L11
Removed Pin From Net: NetName=GND Pin=U1-L12
Removed Pin From Net: NetName=GND Pin=U1-L13
Removed Pin From Net: NetName=+1.5V Pin=U1-L14
Removed Pin From Net: NetName=VPLL Pin=U1-M6
Removed Pin From Net: NetName=+1.5V Pin=U1-M9
Removed Pin From Net: NetName=GND Pin=U1-M10
Removed Pin From Net: NetName=GND Pin=U1-M11
Removed Pin From Net: NetName=GND Pin=U1-M12
Removed Pin From Net: NetName=GND Pin=U1-M13
Removed Pin From Net: NetName=+1.5V Pin=U1-M14
Removed Pin From Net: NetName=3.3V_IN Pin=U1-N8
Removed Pin From Net: NetName=+1.5V Pin=U1-N9
Removed Pin From Net: NetName=GND Pin=U1-N10
Removed Pin From Net: NetName=GND Pin=U1-N11
Removed Pin From Net: NetName=GND Pin=U1-N12
Removed Pin From Net: NetName=GND Pin=U1-N13
Removed Pin From Net: NetName=+1.5V Pin=U1-N14
Removed Pin From Net: NetName=3.3V_IN Pin=U1-N15
Removed Pin From Net: NetName=3.3V_IN Pin=U1-P8
Removed Pin From Net: NetName=GND Pin=U1-P9
Removed Pin From Net: NetName=+1.5V Pin=U1-P10
Removed Pin From Net: NetName=+1.5V Pin=U1-P11
Removed Pin From Net: NetName=+1.5V Pin=U1-P12
Removed Pin From Net: NetName=+1.5V Pin=U1-P13
Removed Pin From Net: NetName=GND Pin=U1-P14
Removed Pin From Net: NetName=3.3V_IN Pin=U1-P15
Removed Pin From Net: NetName=+1.5V Pin=U1-R3
Removed Pin From Net: NetName=3.3V_IN Pin=U1-R8
Removed Pin From Net: NetName=3.3V_IN Pin=U1-R9
Removed Pin From Net: NetName=3.3V_IN Pin=U1-R10
Removed Pin From Net: NetName=3.3V_IN Pin=U1-R13
Removed Pin From Net: NetName=3.3V_IN Pin=U1-R14
Removed Pin From Net: NetName=3.3V_IN Pin=U1-R15
Removed Pin From Net: NetName=+1.5V Pin=U1-R20
Removed Pin From Net: NetName=GND Pin=U1-T8
Removed Pin From Net: NetName=GND Pin=U1-T15
Removed Pin From Net: NetName=+3.3V_JTAG Pin=U1-T17
Removed Pin From Net: NetName=3.3V_IN Pin=U1-U6
Removed Pin From Net: NetName=3.3V_IN Pin=U1-U15
Removed Pin From Net: NetName=NetU1_U16 Pin=U1-U16
Removed Pin From Net: NetName=+3.3V_VPUMP Pin=U1-U17
Removed Pin From Net: NetName=NetU1_U18 Pin=U1-U18
Removed Pin From Net: NetName=GND Pin=U1-V3
Removed Pin From Net: NetName=NetU1_V17 Pin=U1-V17
Removed Pin From Net: NetName=GND Pin=U1-V18
Removed Pin From Net: NetName=NetU1_V19 Pin=U1-V19
Removed Pin From Net: NetName=GND Pin=U1-V20
Removed Pin From Net: NetName=GND Pin=U1-W4
Removed Pin From Net: NetName=NetU1_W18 Pin=U1-W18
Removed Pin From Net: NetName=GND Pin=U1-W19
Removed Pin From Net: NetName=3.3V_IN Pin=U1-Y1
Removed Pin From Net: NetName=GND Pin=U1-Y5
Removed Pin From Net: NetName=+1.5V Pin=U1-Y8
Removed Pin From Net: NetName=+1.5V Pin=U1-Y9
Removed Pin From Net: NetName=+1.5V Pin=U1-Y14
Removed Pin From Net: NetName=+1.5V Pin=U1-Y15
Removed Pin From Net: NetName=GND Pin=U1-Y18
Removed Pin From Net: NetName=3.3V_IN Pin=U1-Y22
Removed Pin From Net: NetName=NetR4_1 Pin=U2-1
Removed Pin From Net: NetName=GND Pin=U2-2
Removed Pin From Net: NetName=GND Pin=U2-3
Removed Pin From Net: NetName=GND Pin=U2-6
Removed Pin From Net: NetName=GND Pin=U2-7
Removed Pin From Net: NetName=NetR2A_1 Pin=U2-8
Removed Pin From Net: NetName=NetU1_U16 Pin=X1-3
Removed Pin From Net: NetName=NetU1_V17 Pin=X1-5
Removed Member From Class: ClassName=Interface Member=J1
Removed Member From Class: ClassName=Interface Member=J2
Removed Member From Class: ClassName=Power Member=R1A
Removed Member From Class: ClassName=Power Member=R1B
Removed Member From Class: ClassName=Power Member=R2A
Removed Member From Class: ClassName=Power Member=R2B
Removed Member From Class: ClassName=Power Member=R3
Removed Member From Class: ClassName=Power Member=R4
Removed Member From Class: ClassName=Power Member=U1
Removed Member From Class: ClassName=Power Member=U2
Change Component Footprint: Designator=U1 Old Footprint=D0008A_L New Footprint=FG484
Change Component Comment : Designator=R3 Old Comment=Resistor 2K +/-5 % 0402 63 mW New Comment=120k
Change Component Comment : Designator=R4 Old Comment=Resistor 2K +/-5 % 0402 63 mW New Comment=300k
Change Component Comment : Designator=U1 Old Comment=TL431CDR New Comment=M1A3P600-FG484
Change Managed Component Library Link : Designator=U1 Old VaultGUID=B7D15EC3-160A-466F-A46C-7801FE6295A7 New VaultGUID=B7D15EC3-160A-466F-A46C-7801FE6295A7 Old ItemGUID=EFB834DF-DBAE-456B-B527-28C50959E134 New ItemGUID=75049E7F-24F1-47B6-B07B-2B3FBD6FF454 Old RevisionGUID=0B7D1295-0B00-4979-8039-AF04CD25D5AC New RevisionGUID=C08F4FD7-2962-4E41-B068-98F1A307FBA2
Change Managed Component Library Link : Designator=R3 Old VaultGUID=402AE90E-E6D4-42C2-A6A4-831F65D0074D New VaultGUID= Old ItemGUID=14E24F79-AD32-425B-AF35-528BDEA833EC New ItemGUID= Old RevisionGUID=E9DB5CA7-D797-42AF-ABA1-9D2344898D5D New RevisionGUID=
Change Managed Component Library Link : Designator=R4 Old VaultGUID=402AE90E-E6D4-42C2-A6A4-831F65D0074D New VaultGUID= Old ItemGUID=14E24F79-AD32-425B-AF35-528BDEA833EC New ItemGUID= Old RevisionGUID=E9DB5CA7-D797-42AF-ABA1-9D2344898D5D New RevisionGUID=
Change component parameters: Designator = "R3" ("R3"); Footprint = "RESC0402(1005)_L"; UniqueID = "\YCZVFMIH" ("\YCZVFMIH")
Change component parameters (AddParameter): Name = "Value"; Value = "120k"; VariantName = "[No Variations]"
Change component parameters: Designator = "R4" ("R4"); Footprint = "RESC0402(1005)_L"; UniqueID = "\FQMVOEMN" ("\FQMVOEMN")
Change component parameters (AddParameter): Name = "Value"; Value = "300k"; VariantName = "[No Variations]"
Change component parameters: Designator = "U1" ("U1"); Footprint = "D0008A_L"; UniqueID = "\TTPSGXXU" ("\TTPSGXXU")
Change component parameters (AddParameter): Name = "Code_IPC"; Value = "BGA100P22X22-484"; VariantName = "[No Variations]"
Change component parameters (AddParameter): Name = "Code_JEDEC"; Value = "MS-034-AAJ-1"; VariantName = "[No Variations]"
Change component parameters (AddParameter): Name = "DatasheetVersion"; Value = "v1.3, Oct-2009"; VariantName = "[No Variations]"
Change component parameters (AddParameter): Name = "PackageDescription"; Value = "484-Ball Fine Pitch Plastic Ball Grid Array (FG484) - Fully Populated"; VariantName = "[No Variations]"
Change component parameters (AddParameter): Name = "PackageReference"; Value = "FG484"; VariantName = "[No Variations]"
Change component parameters (AddParameter): Name = "PackageVersion"; Value = "ver11.2, Nov-2009"; VariantName = "[No Variations]"
Added Component: Designator=R24(RESC1005X40X25LL05T10)
Add component (AddParameter): Name = "Manufacturer"; Value = "Yageo / Phycomp"; VariantName = "[No Variations]"
Add component (AddParameter): Name = "Part Number"; Value = "RC0402FR-0710KL"; VariantName = "[No Variations]"
Added Component: Designator=R25(RESC1005X40X25LL05T10)
Add component (AddParameter): Name = "Manufacturer"; Value = "Yageo / Phycomp"; VariantName = "[No Variations]"
Add component (AddParameter): Name = "Part Number"; Value = "RC0402FR-0710KL"; VariantName = "[No Variations]"
Added Component: Designator=R26(RESC1005X40X25LL05T10)
Add component (AddParameter): Name = "Manufacturer"; Value = "Yageo / Phycomp"; VariantName = "[No Variations]"
Add component (AddParameter): Name = "Part Number"; Value = "RC0402FR-0710KL"; VariantName = "[No Variations]"
Added Component: Designator=U10(ZQE0048A)
Add component (AddParameter): Name = "Clock P-P Jitter(Max)(ps)"; Value = ""; VariantName = "[No Variations]"
Add component (AddParameter): Name = "Code_JEDEC"; Value = ""; VariantName = "[No Variations]"
Add component (AddParameter): Name = "ComponentLink1Description"; Value = "Manufacturer URL"; VariantName = "[No Variations]"
Add component (AddParameter): Name = "ComponentLink1URL"; Value = "http://www.ti.com/"; VariantName = "[No Variations]"
Add component (AddParameter): Name = "ComponentLink2Description"; Value = "Datasheet"; VariantName = "[No Variations]"
Add component (AddParameter): Name = "ComponentLink2URL"; Value = "http://www.ti.com/general/docs/lit/getliterature.tsp?genericPartNumber=HD3SS212&fileType=pdf"; VariantName = "[No Variations]"
Add component (AddParameter): Name = "ComponentLink3Description"; Value = ""; VariantName = "[No Variations]"
Add component (AddParameter): Name = "ComponentLink3URL"; Value = ""; VariantName = "[No Variations]"
Add component (AddParameter): Name = "Data P-P Jitter(Max)(ps)"; Value = ""; VariantName = "[No Variations]"
Add component (AddParameter): Name = "Data Throughput(MB/s)"; Value = ""; VariantName = "[No Variations]"
Add component (AddParameter): Name = "DatasheetVersion"; Value = "SLAS822"; VariantName = "[No Variations]"
Add component (AddParameter): Name = "Driver (RL)(Ohms)"; Value = ""; VariantName = "[No Variations]"
Add component (AddParameter): Name = "Driver tpd(ns)"; Value = ""; VariantName = "[No Variations]"
Add component (AddParameter): Name = "Eco-Plan"; Value = ""; VariantName = "[No Variations]"
Add component (AddParameter): Name = "ESD HBM(kV)"; Value = ""; VariantName = "[No Variations]"
Add component (AddParameter): Name = "ICC(Max)(mA)"; Value = ""; VariantName = "[No Variations]"
Add component (AddParameter): Name = "Inter-Pair Skew(Max)(ps)"; Value = ""; VariantName = "[No Variations]"
Add component (AddParameter): Name = "Intra-Pair Skew(Max)(ps)"; Value = ""; VariantName = "[No Variations]"
Add component (AddParameter): Name = "Manufacturer"; Value = "Texas Instruments"; VariantName = "[No Variations]"
Add component (AddParameter): Name = "Mounting Technology"; Value = "Surface Mount"; VariantName = "[No Variations]"
Add component (AddParameter): Name = "No. of DisplayPort Dual Mode Inputs"; Value = ""; VariantName = "[No Variations]"
Add component (AddParameter): Name = "No. of DisplayPort Dual Mode Outputs"; Value = ""; VariantName = "[No Variations]"
Add component (AddParameter): Name = "No. of TMDS Inputs"; Value = ""; VariantName = "[No Variations]"
Add component (AddParameter): Name = "No. of TMDS Outputs"; Value = ""; VariantName = "[No Variations]"
Add component (AddParameter): Name = "Number of Parallel Inputs"; Value = ""; VariantName = "[No Variations]"
Add component (AddParameter): Name = "Number of Parallel Outputs"; Value = ""; VariantName = "[No Variations]"
Add component (AddParameter): Name = "PackageDescription"; Value = "48-Ball Plastic Ball Grid Array, 5 x 5 mm Body, 0.5 mm Pitch, Pb-Free"; VariantName = "[No Variations]"
Add component (AddParameter): Name = "PackageReference"; Value = "ZQE0048A"; VariantName = "[No Variations]"
Add component (AddParameter): Name = "PackageVersion"; Value = "revF, Jul-2011"; VariantName = "[No Variations]"
Add component (AddParameter): Name = "PartNumber"; Value = "HD3SS212ZQET"; VariantName = "[No Variations]"
Add component (AddParameter): Name = "PLL Frequency(MHz)"; Value = ""; VariantName = "[No Variations]"
Add component (AddParameter): Name = "Rating"; Value = ""; VariantName = "[No Variations]"
Add component (AddParameter): Name = "Receiver"; Value = ""; VariantName = "[No Variations]"
Add component (AddParameter): Name = "Receiver (Vth)(mV)"; Value = ""; VariantName = "[No Variations]"
Add component (AddParameter): Name = "Receiver tpd(ns)"; Value = ""; VariantName = "[No Variations]"
Add component (AddParameter): Name = "Serial Data Receiver Channels"; Value = ""; VariantName = "[No Variations]"
Add component (AddParameter): Name = "Serial Data Transmitter Channels"; Value = ""; VariantName = "[No Variations]"
Add component (AddParameter): Name = "SubFamily"; Value = "DisplayPort"; VariantName = "[No Variations]"
Add component (AddParameter): Name = "Supply Voltage(s)(V)"; Value = ""; VariantName = "[No Variations]"
Add component (AddParameter): Name = "TMDS Adaptive Equalization"; Value = ""; VariantName = "[No Variations]"
Add component (AddParameter): Name = "TMDS Input Equalization"; Value = ""; VariantName = "[No Variations]"
Add component (AddParameter): Name = "TMDS Output De-emphasis"; Value = ""; VariantName = "[No Variations]"
Add component (AddParameter): Name = "Transmitter"; Value = ""; VariantName = "[No Variations]"
Add component (AddParameter): Name = "Type of Line Circuit"; Value = ""; VariantName = "[No Variations]"
Added Pin To Net: NetName=GND Pin=J4-29
Added Pin To Net: NetName=GND Pin=J4-30
Added Pin To Net: NetName=GND Pin=J4-32
Added Pin To Net: NetName=UART_Tx Pin=J4-40
Added Pin To Net: NetName=UART_Rx Pin=J4-41
Added Pin To Net: NetName=NetU1_V17 Pin=J4-43
Added Pin To Net: NetName=NetU1_U16 Pin=J4-44
Added Pin To Net: NetName=NetR3_2 Pin=R4-1
Added Pin To Net: NetName=NetR4_1 Pin=R24-1
Added Pin To Net: NetName=GND Pin=R25-1
Added Pin To Net: NetName=NetR2A_1 Pin=R25-2
Added Pin To Net: NetName=GND Pin=R26-1
Added Pin To Net: NetName=NetR4_1 Pin=R26-2
Added Pin To Net: NetName=3.3V_IN Pin=SRAM-1D
Added Pin To Net: NetName=GND Pin=SRAM-1F
Added Pin To Net: NetName=3.3V_IN Pin=SRAM-1G
Added Pin To Net: NetName=GND Pin=SRAM-1H
Added Pin To Net: NetName=3.3V_IN Pin=SRAM-2D
Added Pin To Net: NetName=GND Pin=SRAM-2F
Added Pin To Net: NetName=GND Pin=SRAM-2H
Added Pin To Net: NetName=GND Pin=SRAM-4A
Added Pin To Net: NetName=GND Pin=SRAM-4B
Added Pin To Net: NetName=GND Pin=SRAM-4C
Added Pin To Net: NetName=3.3V_IN Pin=SRAM-5A
Added Pin To Net: NetName=3.3V_IN Pin=SRAM-5B
Added Pin To Net: NetName=3.3V_IN Pin=SRAM-5C
Added Pin To Net: NetName=GND Pin=SRAM-7D
Added Pin To Net: NetName=3.3V_IN Pin=SRAM-7E
Added Pin To Net: NetName=GND Pin=SRAM-8D
Added Pin To Net: NetName=3.3V_IN Pin=SRAM-8E
Added Pin To Net: NetName=GND Pin=U1-A1
Added Pin To Net: NetName=GND Pin=U1-A2
Added Pin To Net: NetName=3.3V_IN Pin=U1-A3
Added Pin To Net: NetName=UART_Rx Pin=U1-A6
Added Pin To Net: NetName=NetR1A_1 Pin=U1-A11
Added Pin To Net: NetName=3.3V_IN Pin=U1-A20
Added Pin To Net: NetName=GND Pin=U1-A21
Added Pin To Net: NetName=GND Pin=U1-A22
Added Pin To Net: NetName=GND Pin=U1-AA1
Added Pin To Net: NetName=3.3V_IN Pin=U1-AA2
Added Pin To Net: NetName=3.3V_IN Pin=U1-AA21
Added Pin To Net: NetName=GND Pin=U1-AA22
Added Pin To Net: NetName=GND Pin=U1-AB1
Added Pin To Net: NetName=GND Pin=U1-AB2
Added Pin To Net: NetName=3.3V_IN Pin=U1-AB3
Added Pin To Net: NetName=3.3V_IN Pin=U1-AB20
Added Pin To Net: NetName=GND Pin=U1-AB21
Added Pin To Net: NetName=GND Pin=U1-AB22
Added Pin To Net: NetName=GND Pin=U1-B1
Added Pin To Net: NetName=3.3V_IN Pin=U1-B2
Added Pin To Net: NetName=NetU1_U16 Pin=U1-B7
Added Pin To Net: NetName=UART_Tx Pin=U1-B10
Added Pin To Net: NetName=3.3V_IN Pin=U1-B21
Added Pin To Net: NetName=GND Pin=U1-B22
Added Pin To Net: NetName=3.3V_IN Pin=U1-C1
Added Pin To Net: NetName=GND Pin=U1-C5
Added Pin To Net: NetName=+1.5V Pin=U1-C8
Added Pin To Net: NetName=+1.5V Pin=U1-C9
Added Pin To Net: NetName=+1.5V Pin=U1-C14
Added Pin To Net: NetName=+1.5V Pin=U1-C15
Added Pin To Net: NetName=GND Pin=U1-C18
Added Pin To Net: NetName=3.3V_IN Pin=U1-C22
Added Pin To Net: NetName=GND Pin=U1-D4
Added Pin To Net: NetName=NetU1_V17 Pin=U1-D8
Added Pin To Net: NetName=GND Pin=U1-D19
Added Pin To Net: NetName=GND Pin=U1-E3
Added Pin To Net: NetName=GND Pin=U1-E6
Added Pin To Net: NetName=CAN_L Pin=U1-E11
Added Pin To Net: NetName=GND Pin=U1-E20
Added Pin To Net: NetName=3.3V_IN Pin=U1-F6
Added Pin To Net: NetName=+3.3V_IN Pin=U1-F7
Added Pin To Net: NetName=CAN_H Pin=U1-F11
Added Pin To Net: NetName=3.3V_IN Pin=U1-F17
Added Pin To Net: NetName=GND Pin=U1-G8
Added Pin To Net: NetName=12V Pin=U1-G11
Added Pin To Net: NetName=GND Pin=U1-G15
Added Pin To Net: NetName=+1.5V Pin=U1-H3
Added Pin To Net: NetName=3.3V_IN Pin=U1-H8
Added Pin To Net: NetName=3.3V_IN Pin=U1-H9
Added Pin To Net: NetName=3.3V_IN Pin=U1-H10
Added Pin To Net: NetName=+5V Pin=U1-H11
Added Pin To Net: NetName=3.3V_IN Pin=U1-H13
Added Pin To Net: NetName=3.3V_IN Pin=U1-H14
Added Pin To Net: NetName=3.3V_IN Pin=U1-H15
Added Pin To Net: NetName=+1.5V Pin=U1-H20
Added Pin To Net: NetName=3.3V_IN Pin=U1-J8
Added Pin To Net: NetName=GND Pin=U1-J9
Added Pin To Net: NetName=+1.5V Pin=U1-J10
Added Pin To Net: NetName=+1.5V Pin=U1-J11
Added Pin To Net: NetName=+1.5V Pin=U1-J12
Added Pin To Net: NetName=+1.5V Pin=U1-J13
Added Pin To Net: NetName=GND Pin=U1-J14
Added Pin To Net: NetName=3.3V_IN Pin=U1-J15
Added Pin To Net: NetName=3.3V_IN Pin=U1-K8
Added Pin To Net: NetName=+1.5V Pin=U1-K9
Added Pin To Net: NetName=GND Pin=U1-K10
Added Pin To Net: NetName=GND Pin=U1-K11
Added Pin To Net: NetName=GND Pin=U1-K12
Added Pin To Net: NetName=GND Pin=U1-K13
Added Pin To Net: NetName=+1.5V Pin=U1-K14
Added Pin To Net: NetName=3.3V_IN Pin=U1-K15
Added Pin To Net: NetName=GND Pin=U1-L7
Added Pin To Net: NetName=+1.5V Pin=U1-L9
Added Pin To Net: NetName=GND Pin=U1-L10
Added Pin To Net: NetName=GND Pin=U1-L11
Added Pin To Net: NetName=GND Pin=U1-L12
Added Pin To Net: NetName=GND Pin=U1-L13
Added Pin To Net: NetName=+1.5V Pin=U1-L14
Added Pin To Net: NetName=VPLL Pin=U1-M6
Added Pin To Net: NetName=+1.5V Pin=U1-M9
Added Pin To Net: NetName=GND Pin=U1-M10
Added Pin To Net: NetName=GND Pin=U1-M11
Added Pin To Net: NetName=GND Pin=U1-M12
Added Pin To Net: NetName=GND Pin=U1-M13
Added Pin To Net: NetName=+1.5V Pin=U1-M14
Added Pin To Net: NetName=3.3V_IN Pin=U1-N8
Added Pin To Net: NetName=+1.5V Pin=U1-N9
Added Pin To Net: NetName=GND Pin=U1-N10
Added Pin To Net: NetName=GND Pin=U1-N11
Added Pin To Net: NetName=GND Pin=U1-N12
Added Pin To Net: NetName=GND Pin=U1-N13
Added Pin To Net: NetName=+1.5V Pin=U1-N14
Added Pin To Net: NetName=3.3V_IN Pin=U1-N15
Added Pin To Net: NetName=3.3V_IN Pin=U1-P8
Added Pin To Net: NetName=GND Pin=U1-P9
Added Pin To Net: NetName=+1.5V Pin=U1-P10
Added Pin To Net: NetName=+1.5V Pin=U1-P11
Added Pin To Net: NetName=+1.5V Pin=U1-P12
Added Pin To Net: NetName=+1.5V Pin=U1-P13
Added Pin To Net: NetName=GND Pin=U1-P14
Added Pin To Net: NetName=3.3V_IN Pin=U1-P15
Added Pin To Net: NetName=+1.5V Pin=U1-R3
Added Pin To Net: NetName=3.3V_IN Pin=U1-R8
Added Pin To Net: NetName=3.3V_IN Pin=U1-R9
Added Pin To Net: NetName=3.3V_IN Pin=U1-R10
Added Pin To Net: NetName=3.3V_IN Pin=U1-R13
Added Pin To Net: NetName=3.3V_IN Pin=U1-R14
Added Pin To Net: NetName=3.3V_IN Pin=U1-R15
Added Pin To Net: NetName=+1.5V Pin=U1-R20
Added Pin To Net: NetName=GND Pin=U1-T8
Added Pin To Net: NetName=GND Pin=U1-T15
Added Pin To Net: NetName=+3.3V_JTAG Pin=U1-T17
Added Pin To Net: NetName=3.3V_IN Pin=U1-U6
Added Pin To Net: NetName=3.3V_IN Pin=U1-U15
Added Pin To Net: NetName=NetR2A_1 Pin=U1-U16
Added Pin To Net: NetName=+3.3V_VPUMP Pin=U1-U17
Added Pin To Net: NetName=NetU1_U18 Pin=U1-U18
Added Pin To Net: NetName=GND Pin=U1-V3
Added Pin To Net: NetName=NetR4_1 Pin=U1-V17
Added Pin To Net: NetName=GND Pin=U1-V18
Added Pin To Net: NetName=NetU1_V19 Pin=U1-V19
Added Pin To Net: NetName=GND Pin=U1-V20
Added Pin To Net: NetName=GND Pin=U1-W4
Added Pin To Net: NetName=NetU1_W18 Pin=U1-W18
Added Pin To Net: NetName=GND Pin=U1-W19
Added Pin To Net: NetName=3.3V_IN Pin=U1-Y1
Added Pin To Net: NetName=GND Pin=U1-Y5
Added Pin To Net: NetName=+1.5V Pin=U1-Y8
Added Pin To Net: NetName=+1.5V Pin=U1-Y9
Added Pin To Net: NetName=+1.5V Pin=U1-Y14
Added Pin To Net: NetName=+1.5V Pin=U1-Y15
Added Pin To Net: NetName=GND Pin=U1-Y18
Added Pin To Net: NetName=3.3V_IN Pin=U1-Y22
Added Pin To Net: NetName=NetR2A_1 Pin=X1-3
Added Pin To Net: NetName=NetR4_1 Pin=X1-5
Change Net Name : Old Net Name=+3.3V_IN New Net Name=VPLL_3000
Change Net Name : Old Net Name=+5V New Net Name=NetU1_H11
Change Net Name : Old Net Name=3.3V_IN New Net Name=+3.3V
Change Net Name : Old Net Name=12V New Net Name=NetU1_G11
Change Net Name : Old Net Name=CAN_H New Net Name=NetU1_F11
Change Net Name : Old Net Name=CAN_L New Net Name=NetU1_E11
Change Net Name : Old Net Name=NetR1A_1 New Net Name=NetU1_A11
Change Net Name : Old Net Name=NetR2A_1 New Net Name=NetR25_2
Change Net Name : Old Net Name=NetR4_1 New Net Name=NetR24_1
Change Net Name : Old Net Name=NetU1_U16 New Net Name=NetJ4_44
Change Net Name : Old Net Name=NetU1_V17 New Net Name=NetJ4_43
Change Net Name : Old Net Name=UART_Rx New Net Name=NetJ4_41
Change Net Name : Old Net Name=UART_Tx New Net Name=NetJ4_40
Added Pin To Net: NetName=+3V3in Pin=J4-27
Added Pin To Net: NetName=+3V3in Pin=J4-28
Added Net: Name=+3V3in
Added Pin To Net: NetName=+3V3 Pin=R24-2
Added Net: Name=+3V3
Added Pin To Net: NetName=+5Vin Pin=J4-25
Added Pin To Net: NetName=+5Vin Pin=J4-26
Added Net: Name=+5Vin
Added Pin To Net: NetName=3.3V_IN Pin=D1-1
Added Net: Name=3.3V_IN
Added Net: Name=FPGA_MAINCLK
Added Pin To Net: NetName=GND_3000 Pin=U1-G7
Added Net: Name=GND_3000
Added Pin To Net: NetName=NetJ3_1 Pin=J3-1
Added Net: Name=NetJ3_1
Added Pin To Net: NetName=NetJ3_2 Pin=J3-2
Added Net: Name=NetJ3_2
Added Pin To Net: NetName=NetJ3_3 Pin=J3-3
Added Net: Name=NetJ3_3
Added Pin To Net: NetName=NetJ3_4 Pin=J3-4
Added Net: Name=NetJ3_4
Added Pin To Net: NetName=NetJ3_5 Pin=J3-5
Added Net: Name=NetJ3_5
Added Pin To Net: NetName=NetJ3_6 Pin=J3-6
Added Net: Name=NetJ3_6
Added Pin To Net: NetName=NetJ3_7 Pin=J3-7
Added Net: Name=NetJ3_7
Added Pin To Net: NetName=NetJ3_8 Pin=J3-8
Added Net: Name=NetJ3_8
Added Pin To Net: NetName=NetJ3_9 Pin=J3-9
Added Net: Name=NetJ3_9
Added Pin To Net: NetName=NetJ3_11 Pin=J3-11
Added Net: Name=NetJ3_11
Added Pin To Net: NetName=NetJ3_19 Pin=J3-19
Added Pin To Net: NetName=NetJ3_19 Pin=U1-D12
Added Net: Name=NetJ3_19
Added Pin To Net: NetName=NetJ3_20 Pin=J3-20
Added Pin To Net: NetName=NetJ3_20 Pin=U1-A13
Added Net: Name=NetJ3_20
Added Pin To Net: NetName=NetJ3_32 Pin=J3-32
Added Net: Name=NetJ3_32
Added Pin To Net: NetName=NetJ3_35 Pin=J3-35
Added Pin To Net: NetName=NetJ3_35 Pin=U1-D10
Added Net: Name=NetJ3_35
Added Pin To Net: NetName=NetJ3_37 Pin=J3-37
Added Pin To Net: NetName=NetJ3_37 Pin=U1-G10
Added Net: Name=NetJ3_37
Added Pin To Net: NetName=NetJ3_38 Pin=J3-38
Added Pin To Net: NetName=NetJ3_38 Pin=U1-F10
Added Net: Name=NetJ3_38
Added Pin To Net: NetName=NetJ3_39 Pin=J3-39
Added Pin To Net: NetName=NetJ3_39 Pin=U1-A10
Added Net: Name=NetJ3_39
Added Pin To Net: NetName=NetJ3_40 Pin=J3-40
Added Pin To Net: NetName=NetJ3_40 Pin=U1-E10
Added Net: Name=NetJ3_40
Added Pin To Net: NetName=NetJ3_42 Pin=J3-42
Added Pin To Net: NetName=NetJ3_42 Pin=U1-B6
Added Net: Name=NetJ3_42
Added Pin To Net: NetName=NetJ3_44 Pin=J3-44
Added Pin To Net: NetName=NetJ3_44 Pin=U1-G9
Added Net: Name=NetJ3_44
Added Pin To Net: NetName=NetJ3_46 Pin=J3-46
Added Pin To Net: NetName=NetJ3_46 Pin=U1-E8
Added Net: Name=NetJ3_46
Added Pin To Net: NetName=NetJ4_20 Pin=J4-20
Added Net: Name=NetJ4_20
Added Pin To Net: NetName=NetJ4_37 Pin=J4-37
Added Pin To Net: NetName=NetJ4_37 Pin=U1-E9
Added Net: Name=NetJ4_37
Added Pin To Net: NetName=NetJ4_38 Pin=J4-38
Added Pin To Net: NetName=NetJ4_38 Pin=U1-A7
Added Net: Name=NetJ4_38
Added Pin To Net: NetName=NetJ4_39 Pin=J4-39
Added Pin To Net: NetName=NetJ4_39 Pin=U1-D9
Added Net: Name=NetJ4_39
Added Member To Class: ClassName=FPGAMisc Member=Component R24 NC
Added Member To Class: ClassName=FPGAMisc Member=Component R25 10k
Added Member To Class: ClassName=FPGAMisc Member=Component R26 4k7
Added Member To Class: ClassName=Core Member=Component U10 HD3SS212ZQET
Added Room: Name=Core
Added Room: Name=FPGABanks
Added Room: Name=FPGAMisc
Added Room: Name=FPGAPower
Added Room: Name=Housekeeping
Added Room: Name=Interface
Added Room: Name=Power
