Added Pin To Net: NetName=GND Pin=U?-D1
Added Pin To Net: NetName=+3.3V Pin=U?-D6
Added Pin To Net: NetName=+3.3V Pin=U?-E1
Added Pin To Net: NetName=GND Pin=U?-E6
Added Pin To Net: NetName=NetU1_AA16 Pin=U1-AA16
Added Pin To Net: NetName=NetU1_AA16 Pin=U?-F2
Added Net: Name=NetU1_AA16
Added Pin To Net: NetName=NetU1_AB6 Pin=U1-AB6
Added Pin To Net: NetName=NetU1_AB6 Pin=U?-H1
Added Net: Name=NetU1_AB6
Added Pin To Net: NetName=NetU1_AB7 Pin=U1-AB7
Added Pin To Net: NetName=NetU1_AB7 Pin=U?-B6
Added Net: Name=NetU1_AB7
Added Pin To Net: NetName=NetU1_AB8 Pin=U1-AB8
Added Pin To Net: NetName=NetU1_AB8 Pin=U?-H3
Added Net: Name=NetU1_AB8
Added Pin To Net: NetName=NetU1_AB9 Pin=U1-AB9
Added Pin To Net: NetName=NetU1_AB9 Pin=U?-G5
Added Net: Name=NetU1_AB9
Added Pin To Net: NetName=NetU1_AB12 Pin=U1-AB12
Added Pin To Net: NetName=NetU1_AB12 Pin=U?-F6
Added Net: Name=NetU1_AB12
Added Pin To Net: NetName=NetU1_AB13 Pin=U1-AB13
Added Pin To Net: NetName=NetU1_AB13 Pin=U?-E4
Added Net: Name=NetU1_AB13
Added Pin To Net: NetName=NetU1_AB16 Pin=U1-AB16
Added Pin To Net: NetName=NetU1_AB16 Pin=U?-D4
Added Net: Name=NetU1_AB16
Added Pin To Net: NetName=NetU1_AB17 Pin=U1-AB17
Added Pin To Net: NetName=NetU1_AB17 Pin=U?-B4
Added Net: Name=NetU1_AB17
Added Pin To Net: NetName=NetU1_N7 Pin=U1-N7
Added Pin To Net: NetName=NetU1_N7 Pin=U?-G6
Added Net: Name=NetU1_N7
Added Pin To Net: NetName=NetU1_R11 Pin=U1-R11
Added Pin To Net: NetName=NetU1_R11 Pin=U?-H5
Added Net: Name=NetU1_R11
Added Pin To Net: NetName=NetU1_R12 Pin=U1-R12
Added Pin To Net: NetName=NetU1_R12 Pin=U?-G1
Added Net: Name=NetU1_R12
Added Pin To Net: NetName=NetU1_R16 Pin=U1-R16
Added Pin To Net: NetName=NetU1_R16 Pin=U?-C4
Added Net: Name=NetU1_R16
Added Pin To Net: NetName=NetU1_T10 Pin=U1-T10
Added Pin To Net: NetName=NetU1_T10 Pin=U?-A6
Added Net: Name=NetU1_T10
Added Pin To Net: NetName=NetU1_T11 Pin=U1-T11
Added Pin To Net: NetName=NetU1_T11 Pin=U?-F4
Added Net: Name=NetU1_T11
Added Pin To Net: NetName=NetU1_T12 Pin=U1-T12
Added Pin To Net: NetName=NetU1_T12 Pin=U?-A4
Added Net: Name=NetU1_T12
Added Pin To Net: NetName=NetU1_T13 Pin=U1-T13
Added Pin To Net: NetName=NetU1_T13 Pin=U?-C2
Added Net: Name=NetU1_T13
Added Pin To Net: NetName=NetU1_T14 Pin=U1-T14
Added Pin To Net: NetName=NetU1_T14 Pin=U?-D5
Added Net: Name=NetU1_T14
Added Pin To Net: NetName=NetU1_T16 Pin=U1-T16
Added Pin To Net: NetName=NetU1_T16 Pin=U?-A3
Added Net: Name=NetU1_T16
Added Pin To Net: NetName=NetU1_U9 Pin=U1-U9
Added Pin To Net: NetName=NetU1_U9 Pin=U?-B1
Added Net: Name=NetU1_U9
Added Pin To Net: NetName=NetU1_U10 Pin=U1-U10
Added Pin To Net: NetName=NetU1_U10 Pin=U?-G2
Added Net: Name=NetU1_U10
Added Pin To Net: NetName=NetU1_U11 Pin=U1-U11
Added Pin To Net: NetName=NetU1_U11 Pin=U?-H4
Added Net: Name=NetU1_U11
Added Pin To Net: NetName=NetU1_U12 Pin=U1-U12
Added Pin To Net: NetName=NetU1_U12 Pin=U?-E2
Added Net: Name=NetU1_U12
Added Pin To Net: NetName=NetU1_U13 Pin=U1-U13
Added Pin To Net: NetName=NetU1_U13 Pin=U?-D3
Added Net: Name=NetU1_U13
Added Pin To Net: NetName=NetU1_U14 Pin=U1-U14
Added Pin To Net: NetName=NetU1_U14 Pin=U?-C5
Added Net: Name=NetU1_U14
Added Pin To Net: NetName=NetU1_V9 Pin=U1-V9
Added Pin To Net: NetName=NetU1_V9 Pin=U?-A1
Added Net: Name=NetU1_V9
Added Pin To Net: NetName=NetU1_V10 Pin=U1-V10
Added Pin To Net: NetName=NetU1_V10 Pin=U?-F3
Added Net: Name=NetU1_V10
Added Pin To Net: NetName=NetU1_V11 Pin=U1-V11
Added Pin To Net: NetName=NetU1_V11 Pin=U?-F5
Added Net: Name=NetU1_V11
Added Pin To Net: NetName=NetU1_V12 Pin=U1-V12
Added Pin To Net: NetName=NetU1_V12 Pin=U?-H2
Added Net: Name=NetU1_V12
Added Pin To Net: NetName=NetU1_V13 Pin=U1-V13
Added Pin To Net: NetName=NetU1_V13 Pin=U?-D2
Added Net: Name=NetU1_V13
Added Pin To Net: NetName=NetU1_V14 Pin=U1-V14
Added Pin To Net: NetName=NetU1_V14 Pin=U?-C6
Added Net: Name=NetU1_V14
Added Pin To Net: NetName=NetU1_V15 Pin=U1-V15
Added Pin To Net: NetName=NetU1_V15 Pin=U?-B5
Added Net: Name=NetU1_V15
Added Pin To Net: NetName=NetU1_V16 Pin=U1-V16
Added Pin To Net: NetName=NetU1_V16 Pin=U?-A2
Added Net: Name=NetU1_V16
Added Pin To Net: NetName=NetU1_W8 Pin=U1-W8
Added Pin To Net: NetName=NetU1_W8 Pin=U?-A5
Added Net: Name=NetU1_W8
Added Pin To Net: NetName=NetU1_W9 Pin=U1-W9
Added Pin To Net: NetName=NetU1_W9 Pin=U?-G3
Added Net: Name=NetU1_W9
Added Pin To Net: NetName=NetU1_W10 Pin=U1-W10
Added Pin To Net: NetName=NetU1_W10 Pin=U?-G4
Added Net: Name=NetU1_W10
Added Pin To Net: NetName=NetU1_W11 Pin=U1-W11
Added Pin To Net: NetName=NetU1_W11 Pin=U?-H6
Added Net: Name=NetU1_W11
Added Pin To Net: NetName=NetU1_W12 Pin=U1-W12
Added Pin To Net: NetName=NetU1_W12 Pin=U?-E5
Added Net: Name=NetU1_W12
Added Pin To Net: NetName=NetU1_W13 Pin=U1-W13
Added Pin To Net: NetName=NetU1_W13 Pin=U?-C1
Added Net: Name=NetU1_W13
Added Pin To Net: NetName=NetU1_W14 Pin=U1-W14
Added Pin To Net: NetName=NetU1_W14 Pin=U?-E3
Added Net: Name=NetU1_W14
Added Pin To Net: NetName=NetU1_W15 Pin=U1-W15
Added Pin To Net: NetName=NetU1_W15 Pin=U?-C3
Added Net: Name=NetU1_W15
Added Pin To Net: NetName=NetU1_W16 Pin=U1-W16
Added Pin To Net: NetName=NetU1_W16 Pin=U?-B3
Added Net: Name=NetU1_W16
Added Pin To Net: NetName=NetU1_W17 Pin=U1-W17
Added Pin To Net: NetName=NetU1_W17 Pin=U?-B2
Added Net: Name=NetU1_W17
Added Member To Class: ClassName=FPGAPower Member=Component C? GRM155R71H103KA88D
Added Member To Class: ClassName=Interface Member=Component J? 61301011121
Added Room: Name=Core
