Added Component: Designator=C?(CAPC1005X60X30ML05T10)
Add component (AddParameter): Name = "Manufacturer"; Value = "Kemet"; VariantName = "[No Variations]"
Add component (AddParameter): Name = "Part Number"; Value = "C0402C104K8PACTU"; VariantName = "[No Variations]"
Added Component: Designator=J?(61301011121)
Add component (AddParameter): Name = "Contact Resistance"; Value = "20mOhm"; VariantName = "[No Variations]"
Add component (AddParameter): Name = "Datasheet URL"; Value = "https://katalog.we-online.de/em/datasheet/6130xx11121.pdf"; VariantName = "[No Variations]"
Add component (AddParameter): Name = "Gender"; Value = "Male"; VariantName = "[No Variations]"
Add component (AddParameter): Name = "Manufacturer"; Value = "Wurth Elektronik"; VariantName = "[No Variations]"
Add component (AddParameter): Name = "Manufacturer URL"; Value = "http://www.we-online.de"; VariantName = "[No Variations]"
Add component (AddParameter): Name = "Mounting Technology"; Value = "THT"; VariantName = "[No Variations]"
Add component (AddParameter): Name = "Operating Temperature"; Value = "-40to105degC"; VariantName = "[No Variations]"
Add component (AddParameter): Name = "Orientation"; Value = "Vertical"; VariantName = "[No Variations]"
Add component (AddParameter): Name = "Package Reference"; Value = "61301011121"; VariantName = "[No Variations]"
Add component (AddParameter): Name = "Packaging"; Value = "Bag"; VariantName = "[No Variations]"
Add component (AddParameter): Name = "Part Number"; Value = "61301011121"; VariantName = "[No Variations]"
Add component (AddParameter): Name = "Pin Number"; Value = "10"; VariantName = "[No Variations]"
Add component (AddParameter): Name = "Pitch"; Value = "2.54mm"; VariantName = "[No Variations]"
Add component (AddParameter): Name = "Publisher"; Value = "WurthElektronik"; VariantName = "[No Variations]"
Add component (AddParameter): Name = "Rated Current"; Value = "3A"; VariantName = "[No Variations]"
Add component (AddParameter): Name = "Row Number"; Value = "Single"; VariantName = "[No Variations]"
Add component (AddParameter): Name = "Withstanding Voltage"; Value = "500VAC"; VariantName = "[No Variations]"
Add component (AddParameter): Name = "Working Voltage"; Value = "250VAC"; VariantName = "[No Variations]"
Added Component: Designator=J?(61301011121)
Add component (AddParameter): Name = "Contact Resistance"; Value = "20mOhm"; VariantName = "[No Variations]"
Add component (AddParameter): Name = "Datasheet URL"; Value = "https://katalog.we-online.de/em/datasheet/6130xx11121.pdf"; VariantName = "[No Variations]"
Add component (AddParameter): Name = "Gender"; Value = "Male"; VariantName = "[No Variations]"
Add component (AddParameter): Name = "Manufacturer"; Value = "Wurth Elektronik"; VariantName = "[No Variations]"
Add component (AddParameter): Name = "Manufacturer URL"; Value = "http://www.we-online.de"; VariantName = "[No Variations]"
Add component (AddParameter): Name = "Mounting Technology"; Value = "THT"; VariantName = "[No Variations]"
Add component (AddParameter): Name = "Operating Temperature"; Value = "-40to105degC"; VariantName = "[No Variations]"
Add component (AddParameter): Name = "Orientation"; Value = "Vertical"; VariantName = "[No Variations]"
Add component (AddParameter): Name = "Package Reference"; Value = "61301011121"; VariantName = "[No Variations]"
Add component (AddParameter): Name = "Packaging"; Value = "Bag"; VariantName = "[No Variations]"
Add component (AddParameter): Name = "Part Number"; Value = "61301011121"; VariantName = "[No Variations]"
Add component (AddParameter): Name = "Pin Number"; Value = "10"; VariantName = "[No Variations]"
Add component (AddParameter): Name = "Pitch"; Value = "2.54mm"; VariantName = "[No Variations]"
Add component (AddParameter): Name = "Publisher"; Value = "WurthElektronik"; VariantName = "[No Variations]"
Add component (AddParameter): Name = "Rated Current"; Value = "3A"; VariantName = "[No Variations]"
Add component (AddParameter): Name = "Row Number"; Value = "Single"; VariantName = "[No Variations]"
Add component (AddParameter): Name = "Withstanding Voltage"; Value = "500VAC"; VariantName = "[No Variations]"
Add component (AddParameter): Name = "Working Voltage"; Value = "250VAC"; VariantName = "[No Variations]"
Added Component: Designator=SSSRAM(MICT-GA-48)
Add component (AddParameter): Name = "Access Time"; Value = "70nsÂ"; VariantName = "[No Variations]"
Add component (AddParameter): Name = "ComponentLink1Description"; Value = "Manufacturer URL"; VariantName = "[No Variations]"
Add component (AddParameter): Name = "ComponentLink1URL"; Value = "http://www.micron.com/"; VariantName = "[No Variations]"
Add component (AddParameter): Name = "ComponentLink2Description"; Value = "Datasheet"; VariantName = "[No Variations]"
Add component (AddParameter): Name = "ComponentLink2URL"; Value = "http://www.micron.com/~/media/Documents/Products/Data%20Sheet/DRAM/Mobile%20DRAM/PSRAM/16mb_asyncpage_cr1_0_p23z.pdf"; VariantName = "[No Variations]"
Add component (AddParameter): Name = "ComponentLink3Description"; Value = "Package Specification"; VariantName = "[No Variations]"
Add component (AddParameter): Name = "ComponentLink3URL"; Value = "http://www.micron.com/~/media/Documents/Products/Data%20Sheet/DRAM/Mobile%20DRAM/PSRAM/16mb_asyncpage_cr1_0_p23z.pdf"; VariantName = "[No Variations]"
Add component (AddParameter): Name = "Core Voltage"; Value = "1.7V-1.95VÂ"; VariantName = "[No Variations]"
Add component (AddParameter): Name = "DatasheetVersion"; Value = "Rev. F"; VariantName = "[No Variations]"
Add component (AddParameter): Name = "Density"; Value = "16MbÂ"; VariantName = "[No Variations]"
Add component (AddParameter): Name = "Depth"; Value = "1MbÂ"; VariantName = "[No Variations]"
Add component (AddParameter): Name = "I/O Voltage"; Value = "1.7V-3.3VÂ"; VariantName = "[No Variations]"
Add component (AddParameter): Name = "Manufacturer"; Value = "Micron"; VariantName = "[No Variations]"
Add component (AddParameter): Name = "Mounting Technology"; Value = "Surface Mount"; VariantName = "[No Variations]"
Add component (AddParameter): Name = "Op. Temp."; Value = "-40C to +85CÂ"; VariantName = "[No Variations]"
Add component (AddParameter): Name = "Package"; Value = "VFBGAÂ"; VariantName = "[No Variations]"
Add component (AddParameter): Name = "PackageDescription"; Value = "48-Ball Very Thin Profile Fine-Pitch Ball Grid Array, 8 x 6 mm, Pitch 0.75 mm"; VariantName = "[No Variations]"
Add component (AddParameter): Name = "PackageReference"; Value = "MICT-GA-48"; VariantName = "[No Variations]"
Add component (AddParameter): Name = "PackageVersion"; Value = "Rev.F"; VariantName = "[No Variations]"
Add component (AddParameter): Name = "Part Status"; Value = "ProductionÂ"; VariantName = "[No Variations]"
Add component (AddParameter): Name = "PartNumber"; Value = "MT45W1MW16PDGA-70 IT"; VariantName = "[No Variations]"
Add component (AddParameter): Name = "Pin Count"; Value = "48-ballÂ"; VariantName = "[No Variations]"
Add component (AddParameter): Name = "Read/Write Mode"; Value = "Async/PageÂ"; VariantName = "[No Variations]"
Add component (AddParameter): Name = "RoHS"; Value = "GreenÂ"; VariantName = "[No Variations]"
Add component (AddParameter): Name = "Width"; Value = "x16Â"; VariantName = "[No Variations]"
Added Pin To Net: NetName=GND Pin=C?-1
Added Pin To Net: NetName=+3.3V Pin=C?-2
Added Pin To Net: NetName=GND Pin=FLASH1-4
Added Pin To Net: NetName=+3.3V Pin=FLASH1-8
Added Pin To Net: NetName=NetJ1_1 Pin=PIC1-24
Added Pin To Net: NetName=NetJ1_3 Pin=PIC1-25
Added Pin To Net: NetName=NetFLASH1_1 Pin=FLASH1-1
Added Pin To Net: NetName=NetFLASH1_1 Pin=U1-E11
Added Net: Name=NetFLASH1_1
Added Pin To Net: NetName=NetFLASH1_2 Pin=FLASH1-2
Added Pin To Net: NetName=NetFLASH1_2 Pin=PIC1-13
Added Pin To Net: NetName=NetFLASH1_2 Pin=U1-F11
Added Net: Name=NetFLASH1_2
Added Pin To Net: NetName=NetFLASH1_3 Pin=FLASH1-3
Added Pin To Net: NetName=NetFLASH1_3 Pin=U1-E19
Added Net: Name=NetFLASH1_3
Added Pin To Net: NetName=NetFLASH1_5 Pin=FLASH1-5
Added Pin To Net: NetName=NetFLASH1_5 Pin=PIC1-15
Added Pin To Net: NetName=NetFLASH1_5 Pin=U1-A11
Added Net: Name=NetFLASH1_5
Added Pin To Net: NetName=NetFLASH1_6 Pin=FLASH1-6
Added Pin To Net: NetName=NetFLASH1_6 Pin=PIC1-14
Added Pin To Net: NetName=NetFLASH1_6 Pin=U1-H11
Added Net: Name=NetFLASH1_6
Added Pin To Net: NetName=NetFLASH1_7 Pin=FLASH1-7
Added Pin To Net: NetName=NetFLASH1_7 Pin=U1-E18
Added Net: Name=NetFLASH1_7
Added Pin To Net: NetName=NetJ?_1 Pin=J?-1
Added Pin To Net: NetName=NetJ?_1 Pin=PIC1-2
Added Net: Name=NetJ?_1
Added Pin To Net: NetName=NetPIC1_7 Pin=PIC1-7
Added Pin To Net: NetName=NetPIC1_7 Pin=U1-G11
Added Net: Name=NetPIC1_7
Added Pin To Net: NetName=NetSRAM1_1A Pin=SRAM1-1A
Added Pin To Net: NetName=NetSRAM1_1A Pin=U1-L20
Added Net: Name=NetSRAM1_1A
Added Pin To Net: NetName=NetSRAM1_1B Pin=SRAM1-1B
Added Pin To Net: NetName=NetSRAM1_1B Pin=U1-L22
Added Net: Name=NetSRAM1_1B
Added Pin To Net: NetName=NetSRAM1_1C Pin=SRAM1-1C
Added Pin To Net: NetName=NetSRAM1_1C Pin=U1-N18
Added Net: Name=NetSRAM1_1C
Added Pin To Net: NetName=NetSRAM1_1E Pin=SRAM1-1E
Added Pin To Net: NetName=NetSRAM1_1E Pin=U1-K22
Added Net: Name=NetSRAM1_1E
Added Pin To Net: NetName=NetSRAM1_2A Pin=SRAM1-2A
Added Pin To Net: NetName=NetSRAM1_2A Pin=U1-M19
Added Net: Name=NetSRAM1_2A
Added Pin To Net: NetName=NetSRAM1_2B Pin=SRAM1-2B
Added Pin To Net: NetName=NetSRAM1_2B Pin=U1-K19
Added Net: Name=NetSRAM1_2B
Added Pin To Net: NetName=NetSRAM1_2C Pin=SRAM1-2C
Added Pin To Net: NetName=NetSRAM1_2C Pin=U1-M17
Added Net: Name=NetSRAM1_2C
Added Pin To Net: NetName=NetSRAM1_2E Pin=SRAM1-2E
Added Pin To Net: NetName=NetSRAM1_2E Pin=U1-L21
Added Net: Name=NetSRAM1_2E
Added Pin To Net: NetName=NetSRAM1_2G Pin=SRAM1-2G
Added Pin To Net: NetName=NetSRAM1_2G Pin=U1-K18
Added Net: Name=NetSRAM1_2G
Added Pin To Net: NetName=NetSRAM1_3A Pin=SRAM1-3A
Added Pin To Net: NetName=NetSRAM1_3A Pin=U1-M16
Added Net: Name=NetSRAM1_3A
Added Pin To Net: NetName=NetSRAM1_3B Pin=SRAM1-3B
Added Pin To Net: NetName=NetSRAM1_3B Pin=U1-L17
Added Net: Name=NetSRAM1_3B
Added Pin To Net: NetName=NetSRAM1_3C Pin=SRAM1-3C
Added Pin To Net: NetName=NetSRAM1_3C Pin=U1-N19
Added Net: Name=NetSRAM1_3C
Added Pin To Net: NetName=NetSRAM1_3F Pin=SRAM1-3F
Added Pin To Net: NetName=NetSRAM1_3F Pin=U1-N16
Added Net: Name=NetSRAM1_3F
Added Pin To Net: NetName=NetSRAM1_3G Pin=SRAM1-3G
Added Pin To Net: NetName=NetSRAM1_3G Pin=U1-M15
Added Net: Name=NetSRAM1_3G
Added Pin To Net: NetName=NetSRAM1_3H Pin=SRAM1-3H
Added Pin To Net: NetName=NetSRAM1_3H Pin=U1-K17
Added Net: Name=NetSRAM1_3H
Added Pin To Net: NetName=NetSRAM1_4F Pin=SRAM1-4F
Added Pin To Net: NetName=NetSRAM1_4F Pin=U1-J18
Added Net: Name=NetSRAM1_4F
Added Pin To Net: NetName=NetSRAM1_4G Pin=SRAM1-4G
Added Pin To Net: NetName=NetSRAM1_4G Pin=U1-H19
Added Net: Name=NetSRAM1_4G
Added Pin To Net: NetName=NetSRAM1_4H Pin=SRAM1-4H
Added Pin To Net: NetName=NetSRAM1_4H Pin=U1-J19
Added Net: Name=NetSRAM1_4H
Added Pin To Net: NetName=NetSRAM1_5F Pin=SRAM1-5F
Added Pin To Net: NetName=NetSRAM1_5F Pin=U1-J22
Added Net: Name=NetSRAM1_5F
Added Pin To Net: NetName=NetSRAM1_5G Pin=SRAM1-5G
Added Pin To Net: NetName=NetSRAM1_5G Pin=U1-H17
Added Net: Name=NetSRAM1_5G
Added Pin To Net: NetName=NetSRAM1_5H Pin=SRAM1-5H
Added Pin To Net: NetName=NetSRAM1_5H Pin=U1-L18
Added Net: Name=NetSRAM1_5H
Added Pin To Net: NetName=NetSRAM1_6A Pin=SRAM1-6A
Added Pin To Net: NetName=NetSRAM1_6A Pin=U1-L16
Added Net: Name=NetSRAM1_6A
Added Pin To Net: NetName=NetSRAM1_6B Pin=SRAM1-6B
Added Pin To Net: NetName=NetSRAM1_6B Pin=U1-L19
Added Net: Name=NetSRAM1_6B
Added Pin To Net: NetName=NetSRAM1_6C Pin=SRAM1-6C
Added Pin To Net: NetName=NetSRAM1_6C Pin=U1-H18
Added Net: Name=NetSRAM1_6C
Added Pin To Net: NetName=NetSRAM1_6F Pin=SRAM1-6F
Added Pin To Net: NetName=NetSRAM1_6F Pin=U1-G19
Added Net: Name=NetSRAM1_6F
Added Pin To Net: NetName=NetSRAM1_6G Pin=SRAM1-6G
Added Pin To Net: NetName=NetSRAM1_6G Pin=U1-G17
Added Net: Name=NetSRAM1_6G
Added Pin To Net: NetName=NetSRAM1_6H Pin=SRAM1-6H
Added Pin To Net: NetName=NetSRAM1_6H Pin=U1-J21
Added Net: Name=NetSRAM1_6H
Added Pin To Net: NetName=NetSRAM1_7A Pin=SRAM1-7A
Added Pin To Net: NetName=NetSRAM1_7A Pin=U1-K16
Added Net: Name=NetSRAM1_7A
Added Pin To Net: NetName=NetSRAM1_7B Pin=SRAM1-7B
Added Pin To Net: NetName=NetSRAM1_7B Pin=U1-K21
Added Net: Name=NetSRAM1_7B
Added Pin To Net: NetName=NetSRAM1_7C Pin=SRAM1-7C
Added Pin To Net: NetName=NetSRAM1_7C Pin=U1-J17
Added Net: Name=NetSRAM1_7C
Added Pin To Net: NetName=NetSRAM1_7F Pin=SRAM1-7F
Added Pin To Net: NetName=NetSRAM1_7F Pin=U1-H16
Added Net: Name=NetSRAM1_7F
Added Pin To Net: NetName=NetSRAM1_7G Pin=SRAM1-7G
Added Pin To Net: NetName=NetSRAM1_7G Pin=U1-N21
Added Net: Name=NetSRAM1_7G
Added Pin To Net: NetName=NetSRAM1_7H Pin=SRAM1-7H
Added Pin To Net: NetName=NetSRAM1_7H Pin=U1-M21
Added Net: Name=NetSRAM1_7H
Added Pin To Net: NetName=NetSRAM1_8A Pin=SRAM1-8A
Added Pin To Net: NetName=NetSRAM1_8A Pin=U1-L15
Added Net: Name=NetSRAM1_8A
Added Pin To Net: NetName=NetSRAM1_8B Pin=SRAM1-8B
Added Pin To Net: NetName=NetSRAM1_8B Pin=U1-N17
Added Net: Name=NetSRAM1_8B
Added Pin To Net: NetName=NetSRAM1_8C Pin=SRAM1-8C
Added Pin To Net: NetName=NetSRAM1_8C Pin=U1-F19
Added Net: Name=NetSRAM1_8C
Added Pin To Net: NetName=NetSRAM1_8F Pin=SRAM1-8F
Added Pin To Net: NetName=NetSRAM1_8F Pin=U1-J16
Added Net: Name=NetSRAM1_8F
Added Pin To Net: NetName=NetSRAM1_8G Pin=SRAM1-8G
Added Pin To Net: NetName=NetSRAM1_8G Pin=U1-F18
Added Net: Name=NetSRAM1_8G
Added Pin To Net: NetName=NetSRAM1_8H Pin=SRAM1-8H
Added Pin To Net: NetName=NetSRAM1_8H Pin=U1-M20
Added Net: Name=NetSRAM1_8H
Added Member To Class: ClassName=Core Member=Component C? 100nF
Added Member To Class: ClassName=FPGAPower Member=Component C? GRM155R71H103KA88D
Added Member To Class: ClassName=Interface Member=Component J? 61301011121
Added Member To Class: ClassName=Interface Member=Component J? 61301011121
Added Member To Class: ClassName=Core Member=Component SSSRAM MT45W1MW16PDGA-70 IT
Added Room: Name=Core
Added Room: Name=FPGABanks
Added Room: Name=FPGAMisc
Added Room: Name=FPGAPower
Added Room: Name=Interface
Added Room: Name=Power
